2022-01-07 09:26:31,753 INFO org.springframework.boot.StartupInfoLogger [main] Starting SpringbootApplication using Java 1.8.0_271 on BaoMeo with PID 12805 (/home/baotq/Documents/Project Bkav/springboot/target/classes started by baotq in /home/baotq/Documents/Project Bkav/springboot)
2022-01-07 09:26:31,756 DEBUG org.springframework.boot.StartupInfoLogger [main] Running with Spring Boot v2.6.2, Spring v5.3.14
2022-01-07 09:26:31,756 INFO org.springframework.boot.SpringApplication [main] No active profile set, falling back to default profiles: default
2022-01-07 09:26:34,977 DEBUG bkav.com.springboot.config.ConfigRedis [main] redis connection
2022-01-07 09:26:35,241 DEBUG org.springframework.web.filter.GenericFilterBean [main] Filter 'authenticationJwtTokenFilter' configured for use
2022-01-07 09:26:36,278 INFO org.springframework.boot.StartupInfoLogger [main] Started SpringbootApplication in 5.084 seconds (JVM running for 6.251)
2022-01-07 14:26:18,121 INFO org.springframework.boot.StartupInfoLogger [main] Starting SpringbootApplication using Java 1.8.0_271 on BaoMeo with PID 15002 (/home/baotq/Documents/Project Bkav/springboot/target/classes started by baotq in /home/baotq/Documents/Project Bkav/springboot)
2022-01-07 14:26:18,127 DEBUG org.springframework.boot.StartupInfoLogger [main] Running with Spring Boot v2.6.2, Spring v5.3.14
2022-01-07 14:26:18,128 INFO org.springframework.boot.SpringApplication [main] No active profile set, falling back to default profiles: default
2022-01-07 14:26:21,762 DEBUG bkav.com.springboot.config.ConfigRedis [main] redis connection
2022-01-07 14:26:22,096 DEBUG org.springframework.web.filter.GenericFilterBean [main] Filter 'authenticationJwtTokenFilter' configured for use
2022-01-07 14:26:23,263 INFO org.springframework.boot.StartupInfoLogger [main] Started SpringbootApplication in 5.801 seconds (JVM running for 6.436)
2022-01-07 14:26:38,021 ERROR bkav.com.springboot.security.jwt.AuthTokenFilter [http-nio-8888-exec-2] Cannot set user authentication: non null key required
2022-01-07 14:26:38,465 INFO bkav.com.springboot.services.ipml.AccountServiceImpl [http-nio-8888-exec-2] login success username: supper_admin
2022-01-07 14:26:38,486 INFO bkav.com.springboot.services.ipml.AccountServiceImpl [http-nio-8888-exec-2] insert success activity log
2022-01-07 14:26:50,325 INFO bkav.com.springboot.security.jwt.AuthTokenFilter [http-nio-8888-exec-3] user detail redis ! null
2022-01-07 14:26:50,342 INFO bkav.com.springboot.services.ipml.CategoryServiceImpl [http-nio-8888-exec-3] connect successfully!
2022-01-07 14:26:50,365 ERROR bkav.com.springboot.services.ipml.CategoryServiceImpl [http-nio-8888-exec-3] error: OUT or INOUT argument 1 for routine SpringSecurity.category_get_detail is not a variable or NEW pseudo-variable in BEFORE trigger
2022-01-07 14:27:53,865 INFO org.springframework.boot.StartupInfoLogger [main] Starting SpringbootApplication using Java 1.8.0_271 on BaoMeo with PID 15379 (/home/baotq/Documents/Project Bkav/springboot/target/classes started by baotq in /home/baotq/Documents/Project Bkav/springboot)
2022-01-07 14:27:53,870 DEBUG org.springframework.boot.StartupInfoLogger [main] Running with Spring Boot v2.6.2, Spring v5.3.14
2022-01-07 14:27:53,870 INFO org.springframework.boot.SpringApplication [main] No active profile set, falling back to default profiles: default
2022-01-07 14:27:56,666 DEBUG bkav.com.springboot.config.ConfigRedis [main] redis connection
2022-01-07 14:27:57,005 DEBUG org.springframework.web.filter.GenericFilterBean [main] Filter 'authenticationJwtTokenFilter' configured for use
2022-01-07 14:27:58,151 INFO org.springframework.boot.StartupInfoLogger [main] Started SpringbootApplication in 4.662 seconds (JVM running for 5.194)
2022-01-07 14:28:01,093 INFO bkav.com.springboot.security.jwt.AuthTokenFilter [http-nio-8888-exec-1] user detail redis ! null
2022-01-07 14:28:01,130 INFO bkav.com.springboot.services.ipml.CategoryServiceImpl [http-nio-8888-exec-1] connect successfully!
2022-01-07 14:28:01,180 ERROR bkav.com.springboot.services.ipml.CategoryServiceImpl [http-nio-8888-exec-1] error: Named parameter [x] is not registered with this procedure call
2022-01-07 14:29:27,312 INFO org.springframework.boot.StartupInfoLogger [main] Starting SpringbootApplication using Java 1.8.0_271 on BaoMeo with PID 15703 (/home/baotq/Documents/Project Bkav/springboot/target/classes started by baotq in /home/baotq/Documents/Project Bkav/springboot)
2022-01-07 14:29:27,319 DEBUG org.springframework.boot.StartupInfoLogger [main] Running with Spring Boot v2.6.2, Spring v5.3.14
2022-01-07 14:29:27,320 INFO org.springframework.boot.SpringApplication [main] No active profile set, falling back to default profiles: default
2022-01-07 14:29:30,419 DEBUG bkav.com.springboot.config.ConfigRedis [main] redis connection
2022-01-07 14:29:30,703 DEBUG org.springframework.web.filter.GenericFilterBean [main] Filter 'authenticationJwtTokenFilter' configured for use
2022-01-07 14:29:31,743 INFO org.springframework.boot.StartupInfoLogger [main] Started SpringbootApplication in 5.267 seconds (JVM running for 6.022)
2022-01-07 14:29:34,799 INFO bkav.com.springboot.security.jwt.AuthTokenFilter [http-nio-8888-exec-1] user detail redis ! null
2022-01-07 14:29:34,842 INFO bkav.com.springboot.services.ipml.CategoryServiceImpl [http-nio-8888-exec-1] connect successfully!
2022-01-07 14:29:34,857 INFO bkav.com.springboot.services.ipml.CategoryServiceImpl [http-nio-8888-exec-1] get list detail category success
2022-01-07 14:29:34,906 INFO bkav.com.springboot.services.ipml.CategoryServiceImpl [http-nio-8888-exec-1] insert success activity log
2022-01-07 14:30:22,074 INFO org.springframework.boot.StartupInfoLogger [main] Starting SpringbootApplication using Java 1.8.0_271 on BaoMeo with PID 15928 (/home/baotq/Documents/Project Bkav/springboot/target/classes started by baotq in /home/baotq/Documents/Project Bkav/springboot)
2022-01-07 14:30:22,078 DEBUG org.springframework.boot.StartupInfoLogger [main] Running with Spring Boot v2.6.2, Spring v5.3.14
2022-01-07 14:30:22,079 INFO org.springframework.boot.SpringApplication [main] No active profile set, falling back to default profiles: default
2022-01-07 14:30:24,851 DEBUG bkav.com.springboot.config.ConfigRedis [main] redis connection
2022-01-07 14:30:25,138 DEBUG org.springframework.web.filter.GenericFilterBean [main] Filter 'authenticationJwtTokenFilter' configured for use
2022-01-07 14:30:26,169 INFO org.springframework.boot.StartupInfoLogger [main] Started SpringbootApplication in 5.138 seconds (JVM running for 5.91)
2022-01-07 14:30:28,790 INFO bkav.com.springboot.security.jwt.AuthTokenFilter [http-nio-8888-exec-1] user detail redis ! null
2022-01-07 14:30:28,835 INFO bkav.com.springboot.services.ipml.CategoryServiceImpl [http-nio-8888-exec-1] connect successfully!
2022-01-07 14:30:28,860 ERROR bkav.com.springboot.services.ipml.CategoryServiceImpl [http-nio-8888-exec-1] error: OUT or INOUT argument 1 for routine SpringSecurity.category_get_detail is not a variable or NEW pseudo-variable in BEFORE trigger
2022-01-07 14:31:47,752 INFO org.springframework.boot.StartupInfoLogger [main] Starting SpringbootApplication using Java 1.8.0_271 on BaoMeo with PID 16216 (/home/baotq/Documents/Project Bkav/springboot/target/classes started by baotq in /home/baotq/Documents/Project Bkav/springboot)
2022-01-07 14:31:47,755 DEBUG org.springframework.boot.StartupInfoLogger [main] Running with Spring Boot v2.6.2, Spring v5.3.14
2022-01-07 14:31:47,755 INFO org.springframework.boot.SpringApplication [main] No active profile set, falling back to default profiles: default
2022-01-07 14:31:51,007 DEBUG bkav.com.springboot.config.ConfigRedis [main] redis connection
2022-01-07 14:31:51,416 DEBUG org.springframework.web.filter.GenericFilterBean [main] Filter 'authenticationJwtTokenFilter' configured for use
2022-01-07 14:31:53,019 INFO org.springframework.boot.StartupInfoLogger [main] Started SpringbootApplication in 5.765 seconds (JVM running for 7.594)
2022-01-07 14:31:54,986 INFO bkav.com.springboot.security.jwt.AuthTokenFilter [http-nio-8888-exec-2] user detail redis ! null
2022-01-07 14:31:55,047 INFO bkav.com.springboot.services.ipml.CategoryServiceImpl [http-nio-8888-exec-2] connect successfully!
2022-01-07 14:32:59,622 ERROR bkav.com.springboot.services.ipml.CategoryServiceImpl [http-nio-8888-exec-2] error: OUT or INOUT argument 1 for routine SpringSecurity.category_get_detail is not a variable or NEW pseudo-variable in BEFORE trigger
2022-01-07 14:33:04,963 INFO org.springframework.boot.StartupInfoLogger [main] Starting SpringbootApplication using Java 1.8.0_271 on BaoMeo with PID 16452 (/home/baotq/Documents/Project Bkav/springboot/target/classes started by baotq in /home/baotq/Documents/Project Bkav/springboot)
2022-01-07 14:33:04,968 DEBUG org.springframework.boot.StartupInfoLogger [main] Running with Spring Boot v2.6.2, Spring v5.3.14
2022-01-07 14:33:04,969 INFO org.springframework.boot.SpringApplication [main] No active profile set, falling back to default profiles: default
2022-01-07 14:33:07,728 DEBUG bkav.com.springboot.config.ConfigRedis [main] redis connection
2022-01-07 14:33:08,017 DEBUG org.springframework.web.filter.GenericFilterBean [main] Filter 'authenticationJwtTokenFilter' configured for use
2022-01-07 14:33:09,080 INFO org.springframework.boot.StartupInfoLogger [main] Started SpringbootApplication in 4.51 seconds (JVM running for 5.018)
2022-01-07 14:33:12,317 INFO bkav.com.springboot.security.jwt.AuthTokenFilter [http-nio-8888-exec-2] user detail redis ! null
2022-01-07 14:33:12,353 INFO bkav.com.springboot.services.ipml.CategoryServiceImpl [http-nio-8888-exec-2] connect successfully!
2022-01-07 14:33:12,412 ERROR org.apache.juli.logging.DirectJDKLog [http-nio-8888-exec-2] Servlet.service() for servlet [dispatcherServlet] in context with path [] threw exception [Request processing failed; nested exception is org.springframework.http.converter.HttpMessageConversionException: Type definition error: [simple type, class org.json.JSONObject]; nested exception is com.fasterxml.jackson.databind.exc.InvalidDefinitionException: No serializer found for class org.json.JSONObject and no properties discovered to create BeanSerializer (to avoid exception, disable SerializationFeature.FAIL_ON_EMPTY_BEANS) (through reference chain: bkav.com.springboot.payload.response.MessageResponse["object"]->java.util.ArrayList[0])] with root cause
com.fasterxml.jackson.databind.exc.InvalidDefinitionException: No serializer found for class org.json.JSONObject and no properties discovered to create BeanSerializer (to avoid exception, disable SerializationFeature.FAIL_ON_EMPTY_BEANS) (through reference chain: bkav.com.springboot.payload.response.MessageResponse["object"]->java.util.ArrayList[0])
	at com.fasterxml.jackson.databind.exc.InvalidDefinitionException.from(InvalidDefinitionException.java:77)
	at com.fasterxml.jackson.databind.SerializerProvider.reportBadDefinition(SerializerProvider.java:1300)
	at com.fasterxml.jackson.databind.DatabindContext.reportBadDefinition(DatabindContext.java:400)
	at com.fasterxml.jackson.databind.ser.impl.UnknownSerializer.failForEmpty(UnknownSerializer.java:46)
	at com.fasterxml.jackson.databind.ser.impl.UnknownSerializer.serialize(UnknownSerializer.java:29)
	at com.fasterxml.jackson.databind.ser.impl.IndexedListSerializer.serializeContents(IndexedListSerializer.java:119)
	at com.fasterxml.jackson.databind.ser.impl.IndexedListSerializer.serialize(IndexedListSerializer.java:79)
	at com.fasterxml.jackson.databind.ser.impl.IndexedListSerializer.serialize(IndexedListSerializer.java:18)
	at com.fasterxml.jackson.databind.ser.BeanPropertyWriter.serializeAsField(BeanPropertyWriter.java:728)
	at com.fasterxml.jackson.databind.ser.std.BeanSerializerBase.serializeFields(BeanSerializerBase.java:774)
	at com.fasterxml.jackson.databind.ser.BeanSerializer.serialize(BeanSerializer.java:178)
	at com.fasterxml.jackson.databind.ser.DefaultSerializerProvider._serialize(DefaultSerializerProvider.java:480)
	at com.fasterxml.jackson.databind.ser.DefaultSerializerProvider.serializeValue(DefaultSerializerProvider.java:319)
	at com.fasterxml.jackson.databind.ObjectWriter$Prefetch.serialize(ObjectWriter.java:1518)
	at com.fasterxml.jackson.databind.ObjectWriter.writeValue(ObjectWriter.java:1007)
	at org.springframework.http.converter.json.AbstractJackson2HttpMessageConverter.writeInternal(AbstractJackson2HttpMessageConverter.java:454)
	at org.springframework.http.converter.AbstractGenericHttpMessageConverter.write(AbstractGenericHttpMessageConverter.java:104)
	at org.springframework.web.servlet.mvc.method.annotation.AbstractMessageConverterMethodProcessor.writeWithMessageConverters(AbstractMessageConverterMethodProcessor.java:290)
	at org.springframework.web.servlet.mvc.method.annotation.HttpEntityMethodProcessor.handleReturnValue(HttpEntityMethodProcessor.java:219)
	at org.springframework.web.method.support.HandlerMethodReturnValueHandlerComposite.handleReturnValue(HandlerMethodReturnValueHandlerComposite.java:78)
	at org.springframework.web.servlet.mvc.method.annotation.ServletInvocableHandlerMethod.invokeAndHandle(ServletInvocableHandlerMethod.java:135)
	at org.springframework.web.servlet.mvc.method.annotation.RequestMappingHandlerAdapter.invokeHandlerMethod(RequestMappingHandlerAdapter.java:895)
	at org.springframework.web.servlet.mvc.method.annotation.RequestMappingHandlerAdapter.handleInternal(RequestMappingHandlerAdapter.java:808)
	at org.springframework.web.servlet.mvc.method.AbstractHandlerMethodAdapter.handle(AbstractHandlerMethodAdapter.java:87)
	at org.springframework.web.servlet.DispatcherServlet.doDispatch(DispatcherServlet.java:1067)
	at org.springframework.web.servlet.DispatcherServlet.doService(DispatcherServlet.java:963)
	at org.springframework.web.servlet.FrameworkServlet.processRequest(FrameworkServlet.java:1006)
	at org.springframework.web.servlet.FrameworkServlet.doGet(FrameworkServlet.java:898)
	at javax.servlet.http.HttpServlet.service(HttpServlet.java:655)
	at org.springframework.web.servlet.FrameworkServlet.service(FrameworkServlet.java:883)
	at javax.servlet.http.HttpServlet.service(HttpServlet.java:764)
	at org.apache.catalina.core.ApplicationFilterChain.internalDoFilter(ApplicationFilterChain.java:227)
	at org.apache.catalina.core.ApplicationFilterChain.doFilter(ApplicationFilterChain.java:162)
	at org.apache.tomcat.websocket.server.WsFilter.doFilter(WsFilter.java:53)
	at org.apache.catalina.core.ApplicationFilterChain.internalDoFilter(ApplicationFilterChain.java:189)
	at org.apache.catalina.core.ApplicationFilterChain.doFilter(ApplicationFilterChain.java:162)
	at org.springframework.web.filter.OncePerRequestFilter.doFilter(OncePerRequestFilter.java:111)
	at org.apache.catalina.core.ApplicationFilterChain.internalDoFilter(ApplicationFilterChain.java:189)
	at org.apache.catalina.core.ApplicationFilterChain.doFilter(ApplicationFilterChain.java:162)
	at org.springframework.security.web.FilterChainProxy$VirtualFilterChain.doFilter(FilterChainProxy.java:327)
	at org.springframework.security.web.access.intercept.FilterSecurityInterceptor.invoke(FilterSecurityInterceptor.java:115)
	at org.springframework.security.web.access.intercept.FilterSecurityInterceptor.doFilter(FilterSecurityInterceptor.java:81)
	at org.springframework.security.web.FilterChainProxy$VirtualFilterChain.doFilter(FilterChainProxy.java:336)
	at org.springframework.security.web.access.ExceptionTranslationFilter.doFilter(ExceptionTranslationFilter.java:122)
	at org.springframework.security.web.access.ExceptionTranslationFilter.doFilter(ExceptionTranslationFilter.java:116)
	at org.springframework.security.web.FilterChainProxy$VirtualFilterChain.doFilter(FilterChainProxy.java:336)
	at org.springframework.security.web.session.SessionManagementFilter.doFilter(SessionManagementFilter.java:126)
	at org.springframework.security.web.session.SessionManagementFilter.doFilter(SessionManagementFilter.java:81)
	at org.springframework.security.web.FilterChainProxy$VirtualFilterChain.doFilter(FilterChainProxy.java:336)
	at org.springframework.security.web.authentication.AnonymousAuthenticationFilter.doFilter(AnonymousAuthenticationFilter.java:109)
	at org.springframework.security.web.FilterChainProxy$VirtualFilterChain.doFilter(FilterChainProxy.java:336)
	at org.springframework.security.web.servletapi.SecurityContextHolderAwareRequestFilter.doFilter(SecurityContextHolderAwareRequestFilter.java:149)
	at org.springframework.security.web.FilterChainProxy$VirtualFilterChain.doFilter(FilterChainProxy.java:336)
	at org.springframework.security.web.savedrequest.RequestCacheAwareFilter.doFilter(RequestCacheAwareFilter.java:63)
	at org.springframework.security.web.FilterChainProxy$VirtualFilterChain.doFilter(FilterChainProxy.java:336)
	at bkav.com.springboot.security.jwt.AuthTokenFilter.doFilterInternal(AuthTokenFilter.java:63)
	at org.springframework.web.filter.OncePerRequestFilter.doFilter(OncePerRequestFilter.java:117)
	at org.springframework.security.web.FilterChainProxy$VirtualFilterChain.doFilter(FilterChainProxy.java:336)
	at org.springframework.security.web.authentication.logout.LogoutFilter.doFilter(LogoutFilter.java:103)
	at org.springframework.security.web.authentication.logout.LogoutFilter.doFilter(LogoutFilter.java:89)
	at org.springframework.security.web.FilterChainProxy$VirtualFilterChain.doFilter(FilterChainProxy.java:336)
	at org.springframework.web.filter.CorsFilter.doFilterInternal(CorsFilter.java:91)
	at org.springframework.web.filter.OncePerRequestFilter.doFilter(OncePerRequestFilter.java:117)
	at org.springframework.security.web.FilterChainProxy$VirtualFilterChain.doFilter(FilterChainProxy.java:336)
	at org.springframework.security.web.header.HeaderWriterFilter.doHeadersAfter(HeaderWriterFilter.java:90)
	at org.springframework.security.web.header.HeaderWriterFilter.doFilterInternal(HeaderWriterFilter.java:75)
	at org.springframework.web.filter.OncePerRequestFilter.doFilter(OncePerRequestFilter.java:117)
	at org.springframework.security.web.FilterChainProxy$VirtualFilterChain.doFilter(FilterChainProxy.java:336)
	at org.springframework.security.web.context.SecurityContextPersistenceFilter.doFilter(SecurityContextPersistenceFilter.java:110)
	at org.springframework.security.web.context.SecurityContextPersistenceFilter.doFilter(SecurityContextPersistenceFilter.java:80)
	at org.springframework.security.web.FilterChainProxy$VirtualFilterChain.doFilter(FilterChainProxy.java:336)
	at org.springframework.security.web.context.request.async.WebAsyncManagerIntegrationFilter.doFilterInternal(WebAsyncManagerIntegrationFilter.java:55)
	at org.springframework.web.filter.OncePerRequestFilter.doFilter(OncePerRequestFilter.java:117)
	at org.springframework.security.web.FilterChainProxy$VirtualFilterChain.doFilter(FilterChainProxy.java:336)
	at org.springframework.security.web.FilterChainProxy.doFilterInternal(FilterChainProxy.java:211)
	at org.springframework.security.web.FilterChainProxy.doFilter(FilterChainProxy.java:183)
	at org.springframework.web.filter.DelegatingFilterProxy.invokeDelegate(DelegatingFilterProxy.java:354)
	at org.springframework.web.filter.DelegatingFilterProxy.doFilter(DelegatingFilterProxy.java:267)
	at org.apache.catalina.core.ApplicationFilterChain.internalDoFilter(ApplicationFilterChain.java:189)
	at org.apache.catalina.core.ApplicationFilterChain.doFilter(ApplicationFilterChain.java:162)
	at org.springframework.web.filter.RequestContextFilter.doFilterInternal(RequestContextFilter.java:100)
	at org.springframework.web.filter.OncePerRequestFilter.doFilter(OncePerRequestFilter.java:117)
	at org.apache.catalina.core.ApplicationFilterChain.internalDoFilter(ApplicationFilterChain.java:189)
	at org.apache.catalina.core.ApplicationFilterChain.doFilter(ApplicationFilterChain.java:162)
	at org.springframework.web.filter.FormContentFilter.doFilterInternal(FormContentFilter.java:93)
	at org.springframework.web.filter.OncePerRequestFilter.doFilter(OncePerRequestFilter.java:117)
	at org.apache.catalina.core.ApplicationFilterChain.internalDoFilter(ApplicationFilterChain.java:189)
	at org.apache.catalina.core.ApplicationFilterChain.doFilter(ApplicationFilterChain.java:162)
	at org.springframework.web.filter.CharacterEncodingFilter.doFilterInternal(CharacterEncodingFilter.java:201)
	at org.springframework.web.filter.OncePerRequestFilter.doFilter(OncePerRequestFilter.java:117)
	at org.apache.catalina.core.ApplicationFilterChain.internalDoFilter(ApplicationFilterChain.java:189)
	at org.apache.catalina.core.ApplicationFilterChain.doFilter(ApplicationFilterChain.java:162)
	at org.apache.catalina.core.StandardWrapperValve.invoke(StandardWrapperValve.java:197)
	at org.apache.catalina.core.StandardContextValve.invoke(StandardContextValve.java:97)
	at org.apache.catalina.authenticator.AuthenticatorBase.invoke(AuthenticatorBase.java:540)
	at org.apache.catalina.core.StandardHostValve.invoke(StandardHostValve.java:135)
	at org.apache.catalina.valves.ErrorReportValve.invoke(ErrorReportValve.java:92)
	at org.apache.catalina.core.StandardEngineValve.invoke(StandardEngineValve.java:78)
	at org.apache.catalina.connector.CoyoteAdapter.service(CoyoteAdapter.java:357)
	at org.apache.coyote.http11.Http11Processor.service(Http11Processor.java:382)
	at org.apache.coyote.AbstractProcessorLight.process(AbstractProcessorLight.java:65)
	at org.apache.coyote.AbstractProtocol$ConnectionHandler.process(AbstractProtocol.java:895)
	at org.apache.tomcat.util.net.NioEndpoint$SocketProcessor.doRun(NioEndpoint.java:1732)
	at org.apache.tomcat.util.net.SocketProcessorBase.run(SocketProcessorBase.java:49)
	at org.apache.tomcat.util.threads.ThreadPoolExecutor.runWorker(ThreadPoolExecutor.java:1191)
	at org.apache.tomcat.util.threads.ThreadPoolExecutor$Worker.run(ThreadPoolExecutor.java:659)
	at org.apache.tomcat.util.threads.TaskThread$WrappingRunnable.run(TaskThread.java:61)
	at java.lang.Thread.run(Thread.java:748)
2022-01-07 14:35:41,692 INFO org.springframework.boot.StartupInfoLogger [main] Starting SpringbootApplication using Java 1.8.0_271 on BaoMeo with PID 16839 (/home/baotq/Documents/Project Bkav/springboot/target/classes started by baotq in /home/baotq/Documents/Project Bkav/springboot)
2022-01-07 14:35:41,694 DEBUG org.springframework.boot.StartupInfoLogger [main] Running with Spring Boot v2.6.2, Spring v5.3.14
2022-01-07 14:35:41,695 INFO org.springframework.boot.SpringApplication [main] No active profile set, falling back to default profiles: default
2022-01-07 14:35:44,331 DEBUG bkav.com.springboot.config.ConfigRedis [main] redis connection
2022-01-07 14:35:44,589 DEBUG org.springframework.web.filter.GenericFilterBean [main] Filter 'authenticationJwtTokenFilter' configured for use
2022-01-07 14:35:45,532 INFO org.springframework.boot.StartupInfoLogger [main] Started SpringbootApplication in 4.24 seconds (JVM running for 4.669)
2022-01-07 14:35:48,795 INFO bkav.com.springboot.security.jwt.AuthTokenFilter [http-nio-8888-exec-2] user detail redis ! null
2022-01-07 14:35:48,828 INFO bkav.com.springboot.services.ipml.CategoryServiceImpl [http-nio-8888-exec-2] connect successfully!
2022-01-07 14:35:48,879 ERROR org.apache.juli.logging.DirectJDKLog [http-nio-8888-exec-2] Servlet.service() for servlet [dispatcherServlet] in context with path [] threw exception [Request processing failed; nested exception is org.springframework.http.converter.HttpMessageConversionException: Type definition error: [simple type, class org.json.JSONObject]; nested exception is com.fasterxml.jackson.databind.exc.InvalidDefinitionException: No serializer found for class org.json.JSONObject and no properties discovered to create BeanSerializer (to avoid exception, disable SerializationFeature.FAIL_ON_EMPTY_BEANS) (through reference chain: java.util.ArrayList[0])] with root cause
com.fasterxml.jackson.databind.exc.InvalidDefinitionException: No serializer found for class org.json.JSONObject and no properties discovered to create BeanSerializer (to avoid exception, disable SerializationFeature.FAIL_ON_EMPTY_BEANS) (through reference chain: java.util.ArrayList[0])
	at com.fasterxml.jackson.databind.exc.InvalidDefinitionException.from(InvalidDefinitionException.java:77)
	at com.fasterxml.jackson.databind.SerializerProvider.reportBadDefinition(SerializerProvider.java:1300)
	at com.fasterxml.jackson.databind.DatabindContext.reportBadDefinition(DatabindContext.java:400)
	at com.fasterxml.jackson.databind.ser.impl.UnknownSerializer.failForEmpty(UnknownSerializer.java:46)
	at com.fasterxml.jackson.databind.ser.impl.UnknownSerializer.serialize(UnknownSerializer.java:29)
	at com.fasterxml.jackson.databind.ser.impl.IndexedListSerializer.serializeContents(IndexedListSerializer.java:119)
	at com.fasterxml.jackson.databind.ser.impl.IndexedListSerializer.serialize(IndexedListSerializer.java:79)
	at com.fasterxml.jackson.databind.ser.impl.IndexedListSerializer.serialize(IndexedListSerializer.java:18)
	at com.fasterxml.jackson.databind.ser.DefaultSerializerProvider._serialize(DefaultSerializerProvider.java:480)
	at com.fasterxml.jackson.databind.ser.DefaultSerializerProvider.serializeValue(DefaultSerializerProvider.java:319)
	at com.fasterxml.jackson.databind.ObjectWriter$Prefetch.serialize(ObjectWriter.java:1518)
	at com.fasterxml.jackson.databind.ObjectWriter.writeValue(ObjectWriter.java:1007)
	at org.springframework.http.converter.json.AbstractJackson2HttpMessageConverter.writeInternal(AbstractJackson2HttpMessageConverter.java:454)
	at org.springframework.http.converter.AbstractGenericHttpMessageConverter.write(AbstractGenericHttpMessageConverter.java:104)
	at org.springframework.web.servlet.mvc.method.annotation.AbstractMessageConverterMethodProcessor.writeWithMessageConverters(AbstractMessageConverterMethodProcessor.java:290)
	at org.springframework.web.servlet.mvc.method.annotation.HttpEntityMethodProcessor.handleReturnValue(HttpEntityMethodProcessor.java:219)
	at org.springframework.web.method.support.HandlerMethodReturnValueHandlerComposite.handleReturnValue(HandlerMethodReturnValueHandlerComposite.java:78)
	at org.springframework.web.servlet.mvc.method.annotation.ServletInvocableHandlerMethod.invokeAndHandle(ServletInvocableHandlerMethod.java:135)
	at org.springframework.web.servlet.mvc.method.annotation.RequestMappingHandlerAdapter.invokeHandlerMethod(RequestMappingHandlerAdapter.java:895)
	at org.springframework.web.servlet.mvc.method.annotation.RequestMappingHandlerAdapter.handleInternal(RequestMappingHandlerAdapter.java:808)
	at org.springframework.web.servlet.mvc.method.AbstractHandlerMethodAdapter.handle(AbstractHandlerMethodAdapter.java:87)
	at org.springframework.web.servlet.DispatcherServlet.doDispatch(DispatcherServlet.java:1067)
	at org.springframework.web.servlet.DispatcherServlet.doService(DispatcherServlet.java:963)
	at org.springframework.web.servlet.FrameworkServlet.processRequest(FrameworkServlet.java:1006)
	at org.springframework.web.servlet.FrameworkServlet.doGet(FrameworkServlet.java:898)
	at javax.servlet.http.HttpServlet.service(HttpServlet.java:655)
	at org.springframework.web.servlet.FrameworkServlet.service(FrameworkServlet.java:883)
	at javax.servlet.http.HttpServlet.service(HttpServlet.java:764)
	at org.apache.catalina.core.ApplicationFilterChain.internalDoFilter(ApplicationFilterChain.java:227)
	at org.apache.catalina.core.ApplicationFilterChain.doFilter(ApplicationFilterChain.java:162)
	at org.apache.tomcat.websocket.server.WsFilter.doFilter(WsFilter.java:53)
	at org.apache.catalina.core.ApplicationFilterChain.internalDoFilter(ApplicationFilterChain.java:189)
	at org.apache.catalina.core.ApplicationFilterChain.doFilter(ApplicationFilterChain.java:162)
	at org.springframework.web.filter.OncePerRequestFilter.doFilter(OncePerRequestFilter.java:111)
	at org.apache.catalina.core.ApplicationFilterChain.internalDoFilter(ApplicationFilterChain.java:189)
	at org.apache.catalina.core.ApplicationFilterChain.doFilter(ApplicationFilterChain.java:162)
	at org.springframework.security.web.FilterChainProxy$VirtualFilterChain.doFilter(FilterChainProxy.java:327)
	at org.springframework.security.web.access.intercept.FilterSecurityInterceptor.invoke(FilterSecurityInterceptor.java:115)
	at org.springframework.security.web.access.intercept.FilterSecurityInterceptor.doFilter(FilterSecurityInterceptor.java:81)
	at org.springframework.security.web.FilterChainProxy$VirtualFilterChain.doFilter(FilterChainProxy.java:336)
	at org.springframework.security.web.access.ExceptionTranslationFilter.doFilter(ExceptionTranslationFilter.java:122)
	at org.springframework.security.web.access.ExceptionTranslationFilter.doFilter(ExceptionTranslationFilter.java:116)
	at org.springframework.security.web.FilterChainProxy$VirtualFilterChain.doFilter(FilterChainProxy.java:336)
	at org.springframework.security.web.session.SessionManagementFilter.doFilter(SessionManagementFilter.java:126)
	at org.springframework.security.web.session.SessionManagementFilter.doFilter(SessionManagementFilter.java:81)
	at org.springframework.security.web.FilterChainProxy$VirtualFilterChain.doFilter(FilterChainProxy.java:336)
	at org.springframework.security.web.authentication.AnonymousAuthenticationFilter.doFilter(AnonymousAuthenticationFilter.java:109)
	at org.springframework.security.web.FilterChainProxy$VirtualFilterChain.doFilter(FilterChainProxy.java:336)
	at org.springframework.security.web.servletapi.SecurityContextHolderAwareRequestFilter.doFilter(SecurityContextHolderAwareRequestFilter.java:149)
	at org.springframework.security.web.FilterChainProxy$VirtualFilterChain.doFilter(FilterChainProxy.java:336)
	at org.springframework.security.web.savedrequest.RequestCacheAwareFilter.doFilter(RequestCacheAwareFilter.java:63)
	at org.springframework.security.web.FilterChainProxy$VirtualFilterChain.doFilter(FilterChainProxy.java:336)
	at bkav.com.springboot.security.jwt.AuthTokenFilter.doFilterInternal(AuthTokenFilter.java:63)
	at org.springframework.web.filter.OncePerRequestFilter.doFilter(OncePerRequestFilter.java:117)
	at org.springframework.security.web.FilterChainProxy$VirtualFilterChain.doFilter(FilterChainProxy.java:336)
	at org.springframework.security.web.authentication.logout.LogoutFilter.doFilter(LogoutFilter.java:103)
	at org.springframework.security.web.authentication.logout.LogoutFilter.doFilter(LogoutFilter.java:89)
	at org.springframework.security.web.FilterChainProxy$VirtualFilterChain.doFilter(FilterChainProxy.java:336)
	at org.springframework.web.filter.CorsFilter.doFilterInternal(CorsFilter.java:91)
	at org.springframework.web.filter.OncePerRequestFilter.doFilter(OncePerRequestFilter.java:117)
	at org.springframework.security.web.FilterChainProxy$VirtualFilterChain.doFilter(FilterChainProxy.java:336)
	at org.springframework.security.web.header.HeaderWriterFilter.doHeadersAfter(HeaderWriterFilter.java:90)
	at org.springframework.security.web.header.HeaderWriterFilter.doFilterInternal(HeaderWriterFilter.java:75)
	at org.springframework.web.filter.OncePerRequestFilter.doFilter(OncePerRequestFilter.java:117)
	at org.springframework.security.web.FilterChainProxy$VirtualFilterChain.doFilter(FilterChainProxy.java:336)
	at org.springframework.security.web.context.SecurityContextPersistenceFilter.doFilter(SecurityContextPersistenceFilter.java:110)
	at org.springframework.security.web.context.SecurityContextPersistenceFilter.doFilter(SecurityContextPersistenceFilter.java:80)
	at org.springframework.security.web.FilterChainProxy$VirtualFilterChain.doFilter(FilterChainProxy.java:336)
	at org.springframework.security.web.context.request.async.WebAsyncManagerIntegrationFilter.doFilterInternal(WebAsyncManagerIntegrationFilter.java:55)
	at org.springframework.web.filter.OncePerRequestFilter.doFilter(OncePerRequestFilter.java:117)
	at org.springframework.security.web.FilterChainProxy$VirtualFilterChain.doFilter(FilterChainProxy.java:336)
	at org.springframework.security.web.FilterChainProxy.doFilterInternal(FilterChainProxy.java:211)
	at org.springframework.security.web.FilterChainProxy.doFilter(FilterChainProxy.java:183)
	at org.springframework.web.filter.DelegatingFilterProxy.invokeDelegate(DelegatingFilterProxy.java:354)
	at org.springframework.web.filter.DelegatingFilterProxy.doFilter(DelegatingFilterProxy.java:267)
	at org.apache.catalina.core.ApplicationFilterChain.internalDoFilter(ApplicationFilterChain.java:189)
	at org.apache.catalina.core.ApplicationFilterChain.doFilter(ApplicationFilterChain.java:162)
	at org.springframework.web.filter.RequestContextFilter.doFilterInternal(RequestContextFilter.java:100)
	at org.springframework.web.filter.OncePerRequestFilter.doFilter(OncePerRequestFilter.java:117)
	at org.apache.catalina.core.ApplicationFilterChain.internalDoFilter(ApplicationFilterChain.java:189)
	at org.apache.catalina.core.ApplicationFilterChain.doFilter(ApplicationFilterChain.java:162)
	at org.springframework.web.filter.FormContentFilter.doFilterInternal(FormContentFilter.java:93)
	at org.springframework.web.filter.OncePerRequestFilter.doFilter(OncePerRequestFilter.java:117)
	at org.apache.catalina.core.ApplicationFilterChain.internalDoFilter(ApplicationFilterChain.java:189)
	at org.apache.catalina.core.ApplicationFilterChain.doFilter(ApplicationFilterChain.java:162)
	at org.springframework.web.filter.CharacterEncodingFilter.doFilterInternal(CharacterEncodingFilter.java:201)
	at org.springframework.web.filter.OncePerRequestFilter.doFilter(OncePerRequestFilter.java:117)
	at org.apache.catalina.core.ApplicationFilterChain.internalDoFilter(ApplicationFilterChain.java:189)
	at org.apache.catalina.core.ApplicationFilterChain.doFilter(ApplicationFilterChain.java:162)
	at org.apache.catalina.core.StandardWrapperValve.invoke(StandardWrapperValve.java:197)
	at org.apache.catalina.core.StandardContextValve.invoke(StandardContextValve.java:97)
	at org.apache.catalina.authenticator.AuthenticatorBase.invoke(AuthenticatorBase.java:540)
	at org.apache.catalina.core.StandardHostValve.invoke(StandardHostValve.java:135)
	at org.apache.catalina.valves.ErrorReportValve.invoke(ErrorReportValve.java:92)
	at org.apache.catalina.core.StandardEngineValve.invoke(StandardEngineValve.java:78)
	at org.apache.catalina.connector.CoyoteAdapter.service(CoyoteAdapter.java:357)
	at org.apache.coyote.http11.Http11Processor.service(Http11Processor.java:382)
	at org.apache.coyote.AbstractProcessorLight.process(AbstractProcessorLight.java:65)
	at org.apache.coyote.AbstractProtocol$ConnectionHandler.process(AbstractProtocol.java:895)
	at org.apache.tomcat.util.net.NioEndpoint$SocketProcessor.doRun(NioEndpoint.java:1732)
	at org.apache.tomcat.util.net.SocketProcessorBase.run(SocketProcessorBase.java:49)
	at org.apache.tomcat.util.threads.ThreadPoolExecutor.runWorker(ThreadPoolExecutor.java:1191)
	at org.apache.tomcat.util.threads.ThreadPoolExecutor$Worker.run(ThreadPoolExecutor.java:659)
	at org.apache.tomcat.util.threads.TaskThread$WrappingRunnable.run(TaskThread.java:61)
	at java.lang.Thread.run(Thread.java:748)
2022-01-07 14:36:31,364 INFO org.springframework.boot.StartupInfoLogger [main] Starting SpringbootApplication using Java 1.8.0_271 on BaoMeo with PID 17087 (/home/baotq/Documents/Project Bkav/springboot/target/classes started by baotq in /home/baotq/Documents/Project Bkav/springboot)
2022-01-07 14:36:31,366 DEBUG org.springframework.boot.StartupInfoLogger [main] Running with Spring Boot v2.6.2, Spring v5.3.14
2022-01-07 14:36:31,367 INFO org.springframework.boot.SpringApplication [main] No active profile set, falling back to default profiles: default
2022-01-07 14:36:33,927 DEBUG bkav.com.springboot.config.ConfigRedis [main] redis connection
2022-01-07 14:36:34,369 DEBUG org.springframework.web.filter.GenericFilterBean [main] Filter 'authenticationJwtTokenFilter' configured for use
2022-01-07 14:36:36,979 INFO org.springframework.boot.StartupInfoLogger [main] Started SpringbootApplication in 6.074 seconds (JVM running for 6.5)
2022-01-07 14:36:43,615 INFO bkav.com.springboot.security.jwt.AuthTokenFilter [http-nio-8888-exec-1] user detail redis ! null
2022-01-07 14:36:43,648 INFO bkav.com.springboot.services.ipml.CategoryServiceImpl [http-nio-8888-exec-1] connect successfully!
2022-01-07 14:36:43,692 ERROR org.apache.juli.logging.DirectJDKLog [http-nio-8888-exec-1] Servlet.service() for servlet [dispatcherServlet] in context with path [] threw exception [Request processing failed; nested exception is org.springframework.http.converter.HttpMessageConversionException: Type definition error: [simple type, class org.json.JSONObject]; nested exception is com.fasterxml.jackson.databind.exc.InvalidDefinitionException: No serializer found for class org.json.JSONObject and no properties discovered to create BeanSerializer (to avoid exception, disable SerializationFeature.FAIL_ON_EMPTY_BEANS) (through reference chain: java.util.ArrayList[0])] with root cause
com.fasterxml.jackson.databind.exc.InvalidDefinitionException: No serializer found for class org.json.JSONObject and no properties discovered to create BeanSerializer (to avoid exception, disable SerializationFeature.FAIL_ON_EMPTY_BEANS) (through reference chain: java.util.ArrayList[0])
	at com.fasterxml.jackson.databind.exc.InvalidDefinitionException.from(InvalidDefinitionException.java:77)
	at com.fasterxml.jackson.databind.SerializerProvider.reportBadDefinition(SerializerProvider.java:1300)
	at com.fasterxml.jackson.databind.DatabindContext.reportBadDefinition(DatabindContext.java:400)
	at com.fasterxml.jackson.databind.ser.impl.UnknownSerializer.failForEmpty(UnknownSerializer.java:46)
	at com.fasterxml.jackson.databind.ser.impl.UnknownSerializer.serialize(UnknownSerializer.java:29)
	at com.fasterxml.jackson.databind.ser.impl.IndexedListSerializer.serializeContents(IndexedListSerializer.java:119)
	at com.fasterxml.jackson.databind.ser.impl.IndexedListSerializer.serialize(IndexedListSerializer.java:79)
	at com.fasterxml.jackson.databind.ser.impl.IndexedListSerializer.serialize(IndexedListSerializer.java:18)
	at com.fasterxml.jackson.databind.ser.DefaultSerializerProvider._serialize(DefaultSerializerProvider.java:480)
	at com.fasterxml.jackson.databind.ser.DefaultSerializerProvider.serializeValue(DefaultSerializerProvider.java:319)
	at com.fasterxml.jackson.databind.ObjectWriter$Prefetch.serialize(ObjectWriter.java:1518)
	at com.fasterxml.jackson.databind.ObjectWriter.writeValue(ObjectWriter.java:1007)
	at org.springframework.http.converter.json.AbstractJackson2HttpMessageConverter.writeInternal(AbstractJackson2HttpMessageConverter.java:454)
	at org.springframework.http.converter.AbstractGenericHttpMessageConverter.write(AbstractGenericHttpMessageConverter.java:104)
	at org.springframework.web.servlet.mvc.method.annotation.AbstractMessageConverterMethodProcessor.writeWithMessageConverters(AbstractMessageConverterMethodProcessor.java:290)
	at org.springframework.web.servlet.mvc.method.annotation.HttpEntityMethodProcessor.handleReturnValue(HttpEntityMethodProcessor.java:219)
	at org.springframework.web.method.support.HandlerMethodReturnValueHandlerComposite.handleReturnValue(HandlerMethodReturnValueHandlerComposite.java:78)
	at org.springframework.web.servlet.mvc.method.annotation.ServletInvocableHandlerMethod.invokeAndHandle(ServletInvocableHandlerMethod.java:135)
	at org.springframework.web.servlet.mvc.method.annotation.RequestMappingHandlerAdapter.invokeHandlerMethod(RequestMappingHandlerAdapter.java:895)
	at org.springframework.web.servlet.mvc.method.annotation.RequestMappingHandlerAdapter.handleInternal(RequestMappingHandlerAdapter.java:808)
	at org.springframework.web.servlet.mvc.method.AbstractHandlerMethodAdapter.handle(AbstractHandlerMethodAdapter.java:87)
	at org.springframework.web.servlet.DispatcherServlet.doDispatch(DispatcherServlet.java:1067)
	at org.springframework.web.servlet.DispatcherServlet.doService(DispatcherServlet.java:963)
	at org.springframework.web.servlet.FrameworkServlet.processRequest(FrameworkServlet.java:1006)
	at org.springframework.web.servlet.FrameworkServlet.doGet(FrameworkServlet.java:898)
	at javax.servlet.http.HttpServlet.service(HttpServlet.java:655)
	at org.springframework.web.servlet.FrameworkServlet.service(FrameworkServlet.java:883)
	at javax.servlet.http.HttpServlet.service(HttpServlet.java:764)
	at org.apache.catalina.core.ApplicationFilterChain.internalDoFilter(ApplicationFilterChain.java:227)
	at org.apache.catalina.core.ApplicationFilterChain.doFilter(ApplicationFilterChain.java:162)
	at org.apache.tomcat.websocket.server.WsFilter.doFilter(WsFilter.java:53)
	at org.apache.catalina.core.ApplicationFilterChain.internalDoFilter(ApplicationFilterChain.java:189)
	at org.apache.catalina.core.ApplicationFilterChain.doFilter(ApplicationFilterChain.java:162)
	at org.springframework.web.filter.OncePerRequestFilter.doFilter(OncePerRequestFilter.java:111)
	at org.apache.catalina.core.ApplicationFilterChain.internalDoFilter(ApplicationFilterChain.java:189)
	at org.apache.catalina.core.ApplicationFilterChain.doFilter(ApplicationFilterChain.java:162)
	at org.springframework.security.web.FilterChainProxy$VirtualFilterChain.doFilter(FilterChainProxy.java:327)
	at org.springframework.security.web.access.intercept.FilterSecurityInterceptor.invoke(FilterSecurityInterceptor.java:115)
	at org.springframework.security.web.access.intercept.FilterSecurityInterceptor.doFilter(FilterSecurityInterceptor.java:81)
	at org.springframework.security.web.FilterChainProxy$VirtualFilterChain.doFilter(FilterChainProxy.java:336)
	at org.springframework.security.web.access.ExceptionTranslationFilter.doFilter(ExceptionTranslationFilter.java:122)
	at org.springframework.security.web.access.ExceptionTranslationFilter.doFilter(ExceptionTranslationFilter.java:116)
	at org.springframework.security.web.FilterChainProxy$VirtualFilterChain.doFilter(FilterChainProxy.java:336)
	at org.springframework.security.web.session.SessionManagementFilter.doFilter(SessionManagementFilter.java:126)
	at org.springframework.security.web.session.SessionManagementFilter.doFilter(SessionManagementFilter.java:81)
	at org.springframework.security.web.FilterChainProxy$VirtualFilterChain.doFilter(FilterChainProxy.java:336)
	at org.springframework.security.web.authentication.AnonymousAuthenticationFilter.doFilter(AnonymousAuthenticationFilter.java:109)
	at org.springframework.security.web.FilterChainProxy$VirtualFilterChain.doFilter(FilterChainProxy.java:336)
	at org.springframework.security.web.servletapi.SecurityContextHolderAwareRequestFilter.doFilter(SecurityContextHolderAwareRequestFilter.java:149)
	at org.springframework.security.web.FilterChainProxy$VirtualFilterChain.doFilter(FilterChainProxy.java:336)
	at org.springframework.security.web.savedrequest.RequestCacheAwareFilter.doFilter(RequestCacheAwareFilter.java:63)
	at org.springframework.security.web.FilterChainProxy$VirtualFilterChain.doFilter(FilterChainProxy.java:336)
	at bkav.com.springboot.security.jwt.AuthTokenFilter.doFilterInternal(AuthTokenFilter.java:63)
	at org.springframework.web.filter.OncePerRequestFilter.doFilter(OncePerRequestFilter.java:117)
	at org.springframework.security.web.FilterChainProxy$VirtualFilterChain.doFilter(FilterChainProxy.java:336)
	at org.springframework.security.web.authentication.logout.LogoutFilter.doFilter(LogoutFilter.java:103)
	at org.springframework.security.web.authentication.logout.LogoutFilter.doFilter(LogoutFilter.java:89)
	at org.springframework.security.web.FilterChainProxy$VirtualFilterChain.doFilter(FilterChainProxy.java:336)
	at org.springframework.web.filter.CorsFilter.doFilterInternal(CorsFilter.java:91)
	at org.springframework.web.filter.OncePerRequestFilter.doFilter(OncePerRequestFilter.java:117)
	at org.springframework.security.web.FilterChainProxy$VirtualFilterChain.doFilter(FilterChainProxy.java:336)
	at org.springframework.security.web.header.HeaderWriterFilter.doHeadersAfter(HeaderWriterFilter.java:90)
	at org.springframework.security.web.header.HeaderWriterFilter.doFilterInternal(HeaderWriterFilter.java:75)
	at org.springframework.web.filter.OncePerRequestFilter.doFilter(OncePerRequestFilter.java:117)
	at org.springframework.security.web.FilterChainProxy$VirtualFilterChain.doFilter(FilterChainProxy.java:336)
	at org.springframework.security.web.context.SecurityContextPersistenceFilter.doFilter(SecurityContextPersistenceFilter.java:110)
	at org.springframework.security.web.context.SecurityContextPersistenceFilter.doFilter(SecurityContextPersistenceFilter.java:80)
	at org.springframework.security.web.FilterChainProxy$VirtualFilterChain.doFilter(FilterChainProxy.java:336)
	at org.springframework.security.web.context.request.async.WebAsyncManagerIntegrationFilter.doFilterInternal(WebAsyncManagerIntegrationFilter.java:55)
	at org.springframework.web.filter.OncePerRequestFilter.doFilter(OncePerRequestFilter.java:117)
	at org.springframework.security.web.FilterChainProxy$VirtualFilterChain.doFilter(FilterChainProxy.java:336)
	at org.springframework.security.web.FilterChainProxy.doFilterInternal(FilterChainProxy.java:211)
	at org.springframework.security.web.FilterChainProxy.doFilter(FilterChainProxy.java:183)
	at org.springframework.web.filter.DelegatingFilterProxy.invokeDelegate(DelegatingFilterProxy.java:354)
	at org.springframework.web.filter.DelegatingFilterProxy.doFilter(DelegatingFilterProxy.java:267)
	at org.apache.catalina.core.ApplicationFilterChain.internalDoFilter(ApplicationFilterChain.java:189)
	at org.apache.catalina.core.ApplicationFilterChain.doFilter(ApplicationFilterChain.java:162)
	at org.springframework.web.filter.RequestContextFilter.doFilterInternal(RequestContextFilter.java:100)
	at org.springframework.web.filter.OncePerRequestFilter.doFilter(OncePerRequestFilter.java:117)
	at org.apache.catalina.core.ApplicationFilterChain.internalDoFilter(ApplicationFilterChain.java:189)
	at org.apache.catalina.core.ApplicationFilterChain.doFilter(ApplicationFilterChain.java:162)
	at org.springframework.web.filter.FormContentFilter.doFilterInternal(FormContentFilter.java:93)
	at org.springframework.web.filter.OncePerRequestFilter.doFilter(OncePerRequestFilter.java:117)
	at org.apache.catalina.core.ApplicationFilterChain.internalDoFilter(ApplicationFilterChain.java:189)
	at org.apache.catalina.core.ApplicationFilterChain.doFilter(ApplicationFilterChain.java:162)
	at org.springframework.web.filter.CharacterEncodingFilter.doFilterInternal(CharacterEncodingFilter.java:201)
	at org.springframework.web.filter.OncePerRequestFilter.doFilter(OncePerRequestFilter.java:117)
	at org.apache.catalina.core.ApplicationFilterChain.internalDoFilter(ApplicationFilterChain.java:189)
	at org.apache.catalina.core.ApplicationFilterChain.doFilter(ApplicationFilterChain.java:162)
	at org.apache.catalina.core.StandardWrapperValve.invoke(StandardWrapperValve.java:197)
	at org.apache.catalina.core.StandardContextValve.invoke(StandardContextValve.java:97)
	at org.apache.catalina.authenticator.AuthenticatorBase.invoke(AuthenticatorBase.java:540)
	at org.apache.catalina.core.StandardHostValve.invoke(StandardHostValve.java:135)
	at org.apache.catalina.valves.ErrorReportValve.invoke(ErrorReportValve.java:92)
	at org.apache.catalina.core.StandardEngineValve.invoke(StandardEngineValve.java:78)
	at org.apache.catalina.connector.CoyoteAdapter.service(CoyoteAdapter.java:357)
	at org.apache.coyote.http11.Http11Processor.service(Http11Processor.java:382)
	at org.apache.coyote.AbstractProcessorLight.process(AbstractProcessorLight.java:65)
	at org.apache.coyote.AbstractProtocol$ConnectionHandler.process(AbstractProtocol.java:895)
	at org.apache.tomcat.util.net.NioEndpoint$SocketProcessor.doRun(NioEndpoint.java:1732)
	at org.apache.tomcat.util.net.SocketProcessorBase.run(SocketProcessorBase.java:49)
	at org.apache.tomcat.util.threads.ThreadPoolExecutor.runWorker(ThreadPoolExecutor.java:1191)
	at org.apache.tomcat.util.threads.ThreadPoolExecutor$Worker.run(ThreadPoolExecutor.java:659)
	at org.apache.tomcat.util.threads.TaskThread$WrappingRunnable.run(TaskThread.java:61)
	at java.lang.Thread.run(Thread.java:748)
2022-01-07 14:38:18,797 INFO org.springframework.boot.StartupInfoLogger [main] Starting SpringbootApplication using Java 1.8.0_271 on BaoMeo with PID 17478 (/home/baotq/Documents/Project Bkav/springboot/target/classes started by baotq in /home/baotq/Documents/Project Bkav/springboot)
2022-01-07 14:38:18,807 DEBUG org.springframework.boot.StartupInfoLogger [main] Running with Spring Boot v2.6.2, Spring v5.3.14
2022-01-07 14:38:18,808 INFO org.springframework.boot.SpringApplication [main] No active profile set, falling back to default profiles: default
2022-01-07 14:38:21,591 DEBUG bkav.com.springboot.config.ConfigRedis [main] redis connection
2022-01-07 14:38:21,869 DEBUG org.springframework.web.filter.GenericFilterBean [main] Filter 'authenticationJwtTokenFilter' configured for use
2022-01-07 14:38:23,088 INFO org.springframework.boot.StartupInfoLogger [main] Started SpringbootApplication in 4.739 seconds (JVM running for 5.255)
2022-01-07 14:38:24,853 INFO bkav.com.springboot.security.jwt.AuthTokenFilter [http-nio-8888-exec-2] user detail redis ! null
2022-01-07 14:38:24,914 INFO bkav.com.springboot.services.ipml.CategoryServiceImpl [http-nio-8888-exec-2] connect successfully!
2022-01-07 14:46:27,637 INFO org.springframework.boot.StartupInfoLogger [main] Starting SpringbootApplication using Java 1.8.0_271 on BaoMeo with PID 18613 (/home/baotq/Documents/Project Bkav/springboot/target/classes started by baotq in /home/baotq/Documents/Project Bkav/springboot)
2022-01-07 14:46:27,642 DEBUG org.springframework.boot.StartupInfoLogger [main] Running with Spring Boot v2.6.2, Spring v5.3.14
2022-01-07 14:46:27,643 INFO org.springframework.boot.SpringApplication [main] No active profile set, falling back to default profiles: default
2022-01-07 14:46:30,846 DEBUG bkav.com.springboot.config.ConfigRedis [main] redis connection
2022-01-07 14:46:31,336 DEBUG org.springframework.web.filter.GenericFilterBean [main] Filter 'authenticationJwtTokenFilter' configured for use
2022-01-07 14:46:32,672 INFO org.springframework.boot.StartupInfoLogger [main] Started SpringbootApplication in 5.556 seconds (JVM running for 6.033)
2022-01-07 14:46:36,587 INFO bkav.com.springboot.security.jwt.AuthTokenFilter [http-nio-8888-exec-1] user detail redis ! null
2022-01-07 14:46:36,630 INFO bkav.com.springboot.services.ipml.CategoryServiceImpl [http-nio-8888-exec-1] connect successfully!
2022-01-07 14:46:36,648 INFO bkav.com.springboot.services.ipml.CategoryServiceImpl [http-nio-8888-exec-1] get list detail category success
2022-01-07 14:46:36,697 INFO bkav.com.springboot.services.ipml.CategoryServiceImpl [http-nio-8888-exec-1] insert success activity log
2022-01-07 14:46:41,863 INFO bkav.com.springboot.security.jwt.AuthTokenFilter [http-nio-8888-exec-3] user detail redis ! null
2022-01-07 14:46:41,868 INFO bkav.com.springboot.services.ipml.CategoryServiceImpl [http-nio-8888-exec-3] connect successfully!
2022-01-07 14:46:41,877 INFO bkav.com.springboot.services.ipml.CategoryServiceImpl [http-nio-8888-exec-3] get list detail category success
2022-01-07 14:46:41,883 INFO bkav.com.springboot.services.ipml.CategoryServiceImpl [http-nio-8888-exec-3] insert success activity log
2022-01-07 14:48:45,573 INFO org.springframework.boot.StartupInfoLogger [main] Starting SpringbootApplication using Java 1.8.0_271 on BaoMeo with PID 18905 (/home/baotq/Documents/Project Bkav/springboot/target/classes started by baotq in /home/baotq/Documents/Project Bkav/springboot)
2022-01-07 14:48:45,579 DEBUG org.springframework.boot.StartupInfoLogger [main] Running with Spring Boot v2.6.2, Spring v5.3.14
2022-01-07 14:48:45,580 INFO org.springframework.boot.SpringApplication [main] No active profile set, falling back to default profiles: default
2022-01-07 14:48:48,247 DEBUG bkav.com.springboot.config.ConfigRedis [main] redis connection
2022-01-07 14:48:48,528 DEBUG org.springframework.web.filter.GenericFilterBean [main] Filter 'authenticationJwtTokenFilter' configured for use
2022-01-07 14:48:49,547 INFO org.springframework.boot.StartupInfoLogger [main] Started SpringbootApplication in 4.371 seconds (JVM running for 4.813)
2022-01-07 14:48:55,144 INFO bkav.com.springboot.security.jwt.AuthTokenFilter [http-nio-8888-exec-2] user detail redis ! null
2022-01-07 14:48:55,181 INFO bkav.com.springboot.services.ipml.CategoryServiceImpl [http-nio-8888-exec-2] connect successfully!
2022-01-07 14:48:55,197 INFO bkav.com.springboot.services.ipml.CategoryServiceImpl [http-nio-8888-exec-2] get list detail category success
2022-01-07 14:48:55,248 INFO bkav.com.springboot.services.ipml.CategoryServiceImpl [http-nio-8888-exec-2] insert success activity log
