2022-01-14 09:26:07,740 INFO org.springframework.boot.StartupInfoLogger [main] Starting SpringbootApplication using Java 1.8.0_271 on BaoMeo with PID 78642 (/home/baotq/Documents/Project Bkav/dmdc_new/back-end/springboot/target/classes started by baotq in /home/baotq/Documents/Project Bkav/dmdc_new/back-end/springboot)
2022-01-14 09:26:07,744 DEBUG org.springframework.boot.StartupInfoLogger [main] Running with Spring Boot v2.6.2, Spring v5.3.14
2022-01-14 09:26:07,744 INFO org.springframework.boot.SpringApplication [main] No active profile set, falling back to default profiles: default
2022-01-14 09:26:10,535 DEBUG bkav.com.springboot.config.ConfigRedis [main] redis connection
2022-01-14 09:26:10,838 DEBUG org.springframework.web.filter.GenericFilterBean [main] Filter 'authenticationJwtTokenFilter' configured for use
2022-01-14 09:26:11,834 INFO org.springframework.boot.StartupInfoLogger [main] Started SpringbootApplication in 4.416 seconds (JVM running for 4.821)
2022-01-14 09:26:23,353 ERROR bkav.com.springboot.security.jwt.AuthTokenFilter [http-nio-8888-exec-1] Cannot set user authentication: non null key required
2022-01-14 09:26:23,392 INFO bkav.com.springboot.services.impl.CategoryServiceImpl [http-nio-8888-exec-1] filename: test_tao_bang
2022-01-14 09:27:20,949 INFO org.springframework.boot.StartupInfoLogger [main] Starting SpringbootApplication using Java 1.8.0_271 on BaoMeo with PID 78980 (/home/baotq/Documents/Project Bkav/dmdc_new/back-end/springboot/target/classes started by baotq in /home/baotq/Documents/Project Bkav/dmdc_new/back-end/springboot)
2022-01-14 09:27:20,953 DEBUG org.springframework.boot.StartupInfoLogger [main] Running with Spring Boot v2.6.2, Spring v5.3.14
2022-01-14 09:27:20,955 INFO org.springframework.boot.SpringApplication [main] No active profile set, falling back to default profiles: default
2022-01-14 09:27:23,349 DEBUG bkav.com.springboot.config.ConfigRedis [main] redis connection
2022-01-14 09:27:23,601 DEBUG org.springframework.web.filter.GenericFilterBean [main] Filter 'authenticationJwtTokenFilter' configured for use
2022-01-14 09:27:24,511 INFO org.springframework.boot.StartupInfoLogger [main] Started SpringbootApplication in 3.889 seconds (JVM running for 4.252)
2022-01-14 09:27:27,341 ERROR bkav.com.springboot.security.jwt.AuthTokenFilter [http-nio-8888-exec-1] Cannot set user authentication: non null key required
2022-01-14 09:27:27,385 INFO bkav.com.springboot.services.impl.CategoryServiceImpl [http-nio-8888-exec-1] filename: test_tao_bang
2022-01-14 09:27:27,453 INFO bkav.com.springboot.helper.ConnectDB [http-nio-8888-exec-1] connect successfully!
2022-01-14 09:37:03,145 INFO org.springframework.boot.StartupInfoLogger [main] Starting SpringbootApplication using Java 1.8.0_271 on BaoMeo with PID 80549 (/home/baotq/Documents/Project Bkav/dmdc_new/back-end/springboot/target/classes started by baotq in /home/baotq/Documents/Project Bkav/dmdc_new/back-end/springboot)
2022-01-14 09:37:03,148 DEBUG org.springframework.boot.StartupInfoLogger [main] Running with Spring Boot v2.6.2, Spring v5.3.14
2022-01-14 09:37:03,149 INFO org.springframework.boot.SpringApplication [main] No active profile set, falling back to default profiles: default
2022-01-14 09:37:05,617 DEBUG bkav.com.springboot.config.ConfigRedis [main] redis connection
2022-01-14 09:37:05,862 DEBUG org.springframework.web.filter.GenericFilterBean [main] Filter 'authenticationJwtTokenFilter' configured for use
2022-01-14 09:37:06,884 INFO org.springframework.boot.StartupInfoLogger [main] Started SpringbootApplication in 4.048 seconds (JVM running for 4.378)
2022-01-14 09:37:21,521 ERROR bkav.com.springboot.security.jwt.AuthTokenFilter [http-nio-8888-exec-1] Cannot set user authentication: non null key required
2022-01-14 09:37:21,828 ERROR bkav.com.springboot.security.jwt.AuthTokenFilter [http-nio-8888-exec-2] Cannot set user authentication: non null key required
2022-01-14 09:37:21,830 ERROR bkav.com.springboot.security.jwt.AuthEntryPointJwt [http-nio-8888-exec-2] Unauthorized error: Full authentication is required to access this resource
2022-01-14 09:39:31,376 INFO org.springframework.boot.StartupInfoLogger [main] Starting SpringbootApplication using Java 1.8.0_271 on BaoMeo with PID 81040 (/home/baotq/Documents/Project Bkav/dmdc_new/back-end/springboot/target/classes started by baotq in /home/baotq/Documents/Project Bkav/dmdc_new/back-end/springboot)
2022-01-14 09:39:31,382 DEBUG org.springframework.boot.StartupInfoLogger [main] Running with Spring Boot v2.6.2, Spring v5.3.14
2022-01-14 09:39:31,382 INFO org.springframework.boot.SpringApplication [main] No active profile set, falling back to default profiles: default
2022-01-14 09:39:34,705 DEBUG bkav.com.springboot.config.ConfigRedis [main] redis connection
2022-01-14 09:39:35,210 DEBUG org.springframework.web.filter.GenericFilterBean [main] Filter 'authenticationJwtTokenFilter' configured for use
2022-01-14 09:39:36,307 INFO org.springframework.boot.StartupInfoLogger [main] Started SpringbootApplication in 5.371 seconds (JVM running for 5.826)
2022-01-14 09:39:40,185 ERROR bkav.com.springboot.security.jwt.AuthTokenFilter [http-nio-8888-exec-1] Cannot set user authentication: non null key required
2022-01-14 09:39:40,251 ERROR bkav.com.springboot.services.impl.CategoryServiceImpl [http-nio-8888-exec-1] error: Identity-H
2022-01-14 09:39:40,285 ERROR bkav.com.springboot.security.jwt.AuthTokenFilter [http-nio-8888-exec-2] Cannot set user authentication: non null key required
2022-01-14 09:39:40,288 ERROR bkav.com.springboot.security.jwt.AuthEntryPointJwt [http-nio-8888-exec-2] Unauthorized error: Full authentication is required to access this resource
2022-01-14 09:39:43,003 ERROR bkav.com.springboot.security.jwt.AuthTokenFilter [http-nio-8888-exec-3] Cannot set user authentication: non null key required
2022-01-14 09:39:43,008 ERROR bkav.com.springboot.services.impl.CategoryServiceImpl [http-nio-8888-exec-3] error: Identity-H
2022-01-14 09:39:43,028 ERROR bkav.com.springboot.security.jwt.AuthTokenFilter [http-nio-8888-exec-4] Cannot set user authentication: non null key required
2022-01-14 09:39:43,028 ERROR bkav.com.springboot.security.jwt.AuthEntryPointJwt [http-nio-8888-exec-4] Unauthorized error: Full authentication is required to access this resource
2022-01-14 09:45:52,749 INFO org.springframework.boot.StartupInfoLogger [main] Starting SpringbootApplication using Java 1.8.0_271 on BaoMeo with PID 81714 (/home/baotq/Documents/Project Bkav/dmdc_new/back-end/springboot/target/classes started by baotq in /home/baotq/Documents/Project Bkav/dmdc_new/back-end/springboot)
2022-01-14 09:45:52,751 DEBUG org.springframework.boot.StartupInfoLogger [main] Running with Spring Boot v2.6.2, Spring v5.3.14
2022-01-14 09:45:52,751 INFO org.springframework.boot.SpringApplication [main] No active profile set, falling back to default profiles: default
2022-01-14 09:45:54,997 DEBUG bkav.com.springboot.config.ConfigRedis [main] redis connection
2022-01-14 09:45:55,238 DEBUG org.springframework.web.filter.GenericFilterBean [main] Filter 'authenticationJwtTokenFilter' configured for use
2022-01-14 09:45:56,176 INFO org.springframework.boot.StartupInfoLogger [main] Started SpringbootApplication in 3.754 seconds (JVM running for 4.081)
2022-01-14 09:46:00,080 ERROR bkav.com.springboot.security.jwt.AuthTokenFilter [http-nio-8888-exec-1] Cannot set user authentication: non null key required
2022-01-14 09:46:00,245 ERROR bkav.com.springboot.security.jwt.AuthTokenFilter [http-nio-8888-exec-2] Cannot set user authentication: non null key required
2022-01-14 09:46:00,248 ERROR bkav.com.springboot.security.jwt.AuthEntryPointJwt [http-nio-8888-exec-2] Unauthorized error: Full authentication is required to access this resource
2022-01-14 09:46:28,221 INFO org.springframework.boot.StartupInfoLogger [main] Starting SpringbootApplication using Java 1.8.0_271 on BaoMeo with PID 82039 (/home/baotq/Documents/Project Bkav/dmdc_new/back-end/springboot/target/classes started by baotq in /home/baotq/Documents/Project Bkav/dmdc_new/back-end/springboot)
2022-01-14 09:46:28,224 DEBUG org.springframework.boot.StartupInfoLogger [main] Running with Spring Boot v2.6.2, Spring v5.3.14
2022-01-14 09:46:28,224 INFO org.springframework.boot.SpringApplication [main] No active profile set, falling back to default profiles: default
2022-01-14 09:46:30,681 DEBUG bkav.com.springboot.config.ConfigRedis [main] redis connection
2022-01-14 09:46:30,958 DEBUG org.springframework.web.filter.GenericFilterBean [main] Filter 'authenticationJwtTokenFilter' configured for use
2022-01-14 09:46:32,005 INFO org.springframework.boot.StartupInfoLogger [main] Started SpringbootApplication in 4.077 seconds (JVM running for 4.429)
2022-01-14 09:46:33,430 ERROR bkav.com.springboot.security.jwt.AuthTokenFilter [http-nio-8888-exec-1] Cannot set user authentication: non null key required
2022-01-14 09:46:33,595 ERROR bkav.com.springboot.security.jwt.AuthTokenFilter [http-nio-8888-exec-2] Cannot set user authentication: non null key required
2022-01-14 09:46:33,597 ERROR bkav.com.springboot.security.jwt.AuthEntryPointJwt [http-nio-8888-exec-2] Unauthorized error: Full authentication is required to access this resource
2022-01-14 09:46:36,863 ERROR bkav.com.springboot.security.jwt.AuthTokenFilter [http-nio-8888-exec-3] Cannot set user authentication: non null key required
2022-01-14 09:46:36,906 ERROR bkav.com.springboot.security.jwt.AuthTokenFilter [http-nio-8888-exec-4] Cannot set user authentication: non null key required
2022-01-14 09:46:36,907 ERROR bkav.com.springboot.security.jwt.AuthEntryPointJwt [http-nio-8888-exec-4] Unauthorized error: Full authentication is required to access this resource
2022-01-14 09:47:50,798 INFO org.springframework.boot.StartupInfoLogger [main] Starting SpringbootApplication using Java 1.8.0_271 on BaoMeo with PID 82556 (/home/baotq/Documents/Project Bkav/dmdc_new/back-end/springboot/target/classes started by baotq in /home/baotq/Documents/Project Bkav/dmdc_new/back-end/springboot)
2022-01-14 09:47:50,803 DEBUG org.springframework.boot.StartupInfoLogger [main] Running with Spring Boot v2.6.2, Spring v5.3.14
2022-01-14 09:47:50,803 INFO org.springframework.boot.SpringApplication [main] No active profile set, falling back to default profiles: default
2022-01-14 09:47:53,782 DEBUG bkav.com.springboot.config.ConfigRedis [main] redis connection
2022-01-14 09:47:54,664 DEBUG org.springframework.web.filter.GenericFilterBean [main] Filter 'authenticationJwtTokenFilter' configured for use
2022-01-14 09:47:55,774 INFO org.springframework.boot.StartupInfoLogger [main] Started SpringbootApplication in 5.307 seconds (JVM running for 5.701)
2022-01-14 09:47:56,997 ERROR bkav.com.springboot.security.jwt.AuthTokenFilter [http-nio-8888-exec-1] Cannot set user authentication: non null key required
2022-01-14 09:47:57,077 ERROR bkav.com.springboot.services.impl.CategoryServiceImpl [http-nio-8888-exec-1] error: Identity-H
2022-01-14 09:47:57,111 ERROR bkav.com.springboot.security.jwt.AuthTokenFilter [http-nio-8888-exec-2] Cannot set user authentication: non null key required
2022-01-14 09:47:57,113 ERROR bkav.com.springboot.security.jwt.AuthEntryPointJwt [http-nio-8888-exec-2] Unauthorized error: Full authentication is required to access this resource
2022-01-14 09:52:07,396 INFO org.springframework.boot.StartupInfoLogger [main] Starting SpringbootApplication using Java 1.8.0_271 on BaoMeo with PID 82942 (/home/baotq/Documents/Project Bkav/dmdc_new/back-end/springboot/target/classes started by baotq in /home/baotq/Documents/Project Bkav/dmdc_new/back-end/springboot)
2022-01-14 09:52:07,398 DEBUG org.springframework.boot.StartupInfoLogger [main] Running with Spring Boot v2.6.2, Spring v5.3.14
2022-01-14 09:52:07,399 INFO org.springframework.boot.SpringApplication [main] No active profile set, falling back to default profiles: default
2022-01-14 09:52:09,754 DEBUG bkav.com.springboot.config.ConfigRedis [main] redis connection
2022-01-14 09:52:10,000 DEBUG org.springframework.web.filter.GenericFilterBean [main] Filter 'authenticationJwtTokenFilter' configured for use
2022-01-14 09:52:10,925 INFO org.springframework.boot.StartupInfoLogger [main] Started SpringbootApplication in 3.956 seconds (JVM running for 4.453)
2022-01-14 09:52:19,603 ERROR bkav.com.springboot.security.jwt.AuthTokenFilter [http-nio-8888-exec-1] Cannot set user authentication: non null key required
2022-01-14 09:52:19,680 ERROR bkav.com.springboot.services.impl.CategoryServiceImpl [http-nio-8888-exec-1] error: Identity-H
2022-01-14 09:52:19,706 ERROR bkav.com.springboot.security.jwt.AuthTokenFilter [http-nio-8888-exec-2] Cannot set user authentication: non null key required
2022-01-14 09:52:19,708 ERROR bkav.com.springboot.security.jwt.AuthEntryPointJwt [http-nio-8888-exec-2] Unauthorized error: Full authentication is required to access this resource
2022-01-14 09:53:42,549 INFO org.springframework.boot.StartupInfoLogger [main] Starting SpringbootApplication using Java 1.8.0_271 on BaoMeo with PID 83554 (/home/baotq/Documents/Project Bkav/dmdc_new/back-end/springboot/target/classes started by baotq in /home/baotq/Documents/Project Bkav/dmdc_new/back-end/springboot)
2022-01-14 09:53:42,552 DEBUG org.springframework.boot.StartupInfoLogger [main] Running with Spring Boot v2.6.2, Spring v5.3.14
2022-01-14 09:53:42,553 INFO org.springframework.boot.SpringApplication [main] No active profile set, falling back to default profiles: default
2022-01-14 09:53:45,272 DEBUG bkav.com.springboot.config.ConfigRedis [main] redis connection
2022-01-14 09:53:45,538 DEBUG org.springframework.web.filter.GenericFilterBean [main] Filter 'authenticationJwtTokenFilter' configured for use
2022-01-14 09:53:46,584 INFO org.springframework.boot.StartupInfoLogger [main] Started SpringbootApplication in 4.396 seconds (JVM running for 4.775)
2022-01-14 09:53:56,437 ERROR bkav.com.springboot.security.jwt.AuthTokenFilter [http-nio-8888-exec-1] Cannot set user authentication: non null key required
2022-01-14 09:53:56,509 ERROR bkav.com.springboot.services.impl.CategoryServiceImpl [http-nio-8888-exec-1] java.io.IOException: C://Windows//Fonts//Arial.ttf not found as file or resource.
2022-01-14 09:53:56,552 ERROR bkav.com.springboot.security.jwt.AuthTokenFilter [http-nio-8888-exec-2] Cannot set user authentication: non null key required
2022-01-14 09:53:56,554 ERROR bkav.com.springboot.security.jwt.AuthEntryPointJwt [http-nio-8888-exec-2] Unauthorized error: Full authentication is required to access this resource
2022-01-14 09:53:58,648 ERROR bkav.com.springboot.security.jwt.AuthTokenFilter [http-nio-8888-exec-3] Cannot set user authentication: non null key required
2022-01-14 09:53:58,661 ERROR bkav.com.springboot.services.impl.CategoryServiceImpl [http-nio-8888-exec-3] java.io.IOException: C://Windows//Fonts//Arial.ttf not found as file or resource.
2022-01-14 09:53:58,718 ERROR bkav.com.springboot.security.jwt.AuthTokenFilter [http-nio-8888-exec-4] Cannot set user authentication: non null key required
2022-01-14 09:53:58,718 ERROR bkav.com.springboot.security.jwt.AuthEntryPointJwt [http-nio-8888-exec-4] Unauthorized error: Full authentication is required to access this resource
2022-01-14 09:53:59,576 ERROR bkav.com.springboot.security.jwt.AuthTokenFilter [http-nio-8888-exec-5] Cannot set user authentication: non null key required
2022-01-14 09:53:59,587 ERROR bkav.com.springboot.services.impl.CategoryServiceImpl [http-nio-8888-exec-5] java.io.IOException: C://Windows//Fonts//Arial.ttf not found as file or resource.
2022-01-14 09:53:59,670 ERROR bkav.com.springboot.security.jwt.AuthTokenFilter [http-nio-8888-exec-6] Cannot set user authentication: non null key required
2022-01-14 09:53:59,671 ERROR bkav.com.springboot.security.jwt.AuthEntryPointJwt [http-nio-8888-exec-6] Unauthorized error: Full authentication is required to access this resource
2022-01-14 09:54:00,935 ERROR bkav.com.springboot.security.jwt.AuthTokenFilter [http-nio-8888-exec-7] Cannot set user authentication: non null key required
2022-01-14 09:54:00,942 ERROR bkav.com.springboot.services.impl.CategoryServiceImpl [http-nio-8888-exec-7] java.io.IOException: C://Windows//Fonts//Arial.ttf not found as file or resource.
2022-01-14 09:54:00,989 ERROR bkav.com.springboot.security.jwt.AuthTokenFilter [http-nio-8888-exec-8] Cannot set user authentication: non null key required
2022-01-14 09:54:00,991 ERROR bkav.com.springboot.security.jwt.AuthEntryPointJwt [http-nio-8888-exec-8] Unauthorized error: Full authentication is required to access this resource
2022-01-14 10:29:51,120 INFO org.springframework.boot.StartupInfoLogger [main] Starting SpringbootApplication using Java 1.8.0_271 on BaoMeo with PID 86417 (/home/baotq/Documents/Project Bkav/dmdc_new/back-end/springboot/target/classes started by baotq in /home/baotq/Documents/Project Bkav/dmdc_new/back-end/springboot)
2022-01-14 10:29:51,123 DEBUG org.springframework.boot.StartupInfoLogger [main] Running with Spring Boot v2.6.2, Spring v5.3.14
2022-01-14 10:29:51,124 INFO org.springframework.boot.SpringApplication [main] No active profile set, falling back to default profiles: default
2022-01-14 10:29:53,818 DEBUG bkav.com.springboot.config.ConfigRedis [main] redis connection
2022-01-14 10:29:54,138 DEBUG org.springframework.web.filter.GenericFilterBean [main] Filter 'authenticationJwtTokenFilter' configured for use
2022-01-14 10:29:55,233 INFO org.springframework.boot.StartupInfoLogger [main] Started SpringbootApplication in 4.452 seconds (JVM running for 4.89)
2022-01-14 10:30:19,288 ERROR bkav.com.springboot.security.jwt.AuthTokenFilter [http-nio-8888-exec-1] Cannot set user authentication: non null key required
2022-01-14 10:30:19,497 ERROR bkav.com.springboot.security.jwt.AuthTokenFilter [http-nio-8888-exec-2] Cannot set user authentication: non null key required
2022-01-14 10:30:19,499 ERROR bkav.com.springboot.security.jwt.AuthEntryPointJwt [http-nio-8888-exec-2] Unauthorized error: Full authentication is required to access this resource
2022-01-14 11:09:26,783 INFO org.springframework.boot.StartupInfoLogger [main] Starting SpringbootApplication using Java 1.8.0_271 on BaoMeo with PID 91118 (/home/baotq/Documents/Project Bkav/dmdc_new/back-end/springboot/target/classes started by baotq in /home/baotq/Documents/Project Bkav/dmdc_new/back-end/springboot)
2022-01-14 11:09:26,787 DEBUG org.springframework.boot.StartupInfoLogger [main] Running with Spring Boot v2.6.2, Spring v5.3.14
2022-01-14 11:09:26,788 INFO org.springframework.boot.SpringApplication [main] No active profile set, falling back to default profiles: default
2022-01-14 11:09:30,081 DEBUG bkav.com.springboot.config.ConfigRedis [main] redis connection
2022-01-14 11:09:30,398 DEBUG org.springframework.web.filter.GenericFilterBean [main] Filter 'authenticationJwtTokenFilter' configured for use
2022-01-14 11:09:31,436 INFO org.springframework.boot.StartupInfoLogger [main] Started SpringbootApplication in 5.03 seconds (JVM running for 5.467)
2022-01-14 11:09:35,808 ERROR bkav.com.springboot.security.jwt.AuthTokenFilter [http-nio-8888-exec-1] Cannot set user authentication: non null key required
2022-01-14 11:09:36,015 ERROR bkav.com.springboot.security.jwt.AuthTokenFilter [http-nio-8888-exec-2] Cannot set user authentication: non null key required
2022-01-14 11:09:36,018 ERROR bkav.com.springboot.security.jwt.AuthEntryPointJwt [http-nio-8888-exec-2] Unauthorized error: Full authentication is required to access this resource
2022-01-14 11:10:22,907 INFO org.springframework.boot.StartupInfoLogger [main] Starting SpringbootApplication using Java 1.8.0_271 on BaoMeo with PID 91445 (/home/baotq/Documents/Project Bkav/dmdc_new/back-end/springboot/target/classes started by baotq in /home/baotq/Documents/Project Bkav/dmdc_new/back-end/springboot)
2022-01-14 11:10:22,911 DEBUG org.springframework.boot.StartupInfoLogger [main] Running with Spring Boot v2.6.2, Spring v5.3.14
2022-01-14 11:10:22,912 INFO org.springframework.boot.SpringApplication [main] No active profile set, falling back to default profiles: default
2022-01-14 11:10:25,173 DEBUG bkav.com.springboot.config.ConfigRedis [main] redis connection
2022-01-14 11:10:25,422 DEBUG org.springframework.web.filter.GenericFilterBean [main] Filter 'authenticationJwtTokenFilter' configured for use
2022-01-14 11:10:26,301 INFO org.springframework.boot.StartupInfoLogger [main] Started SpringbootApplication in 3.714 seconds (JVM running for 4.071)
2022-01-14 11:10:29,183 ERROR bkav.com.springboot.security.jwt.AuthTokenFilter [http-nio-8888-exec-1] Cannot set user authentication: non null key required
2022-01-14 11:10:29,388 ERROR bkav.com.springboot.security.jwt.AuthTokenFilter [http-nio-8888-exec-2] Cannot set user authentication: non null key required
2022-01-14 11:10:29,393 ERROR bkav.com.springboot.security.jwt.AuthEntryPointJwt [http-nio-8888-exec-2] Unauthorized error: Full authentication is required to access this resource
2022-01-14 11:12:52,251 INFO org.springframework.boot.StartupInfoLogger [main] Starting SpringbootApplication using Java 1.8.0_271 on BaoMeo with PID 91642 (/home/baotq/Documents/Project Bkav/dmdc_new/back-end/springboot/target/classes started by baotq in /home/baotq/Documents/Project Bkav/dmdc_new/back-end/springboot)
2022-01-14 11:12:52,255 DEBUG org.springframework.boot.StartupInfoLogger [main] Running with Spring Boot v2.6.2, Spring v5.3.14
2022-01-14 11:12:52,255 INFO org.springframework.boot.SpringApplication [main] No active profile set, falling back to default profiles: default
2022-01-14 11:12:54,608 DEBUG bkav.com.springboot.config.ConfigRedis [main] redis connection
2022-01-14 11:12:54,863 DEBUG org.springframework.web.filter.GenericFilterBean [main] Filter 'authenticationJwtTokenFilter' configured for use
2022-01-14 11:12:55,878 INFO org.springframework.boot.StartupInfoLogger [main] Started SpringbootApplication in 3.929 seconds (JVM running for 4.265)
2022-01-14 11:12:57,054 ERROR bkav.com.springboot.security.jwt.AuthTokenFilter [http-nio-8888-exec-1] Cannot set user authentication: non null key required
2022-01-14 11:12:57,113 INFO bkav.com.springboot.services.impl.CategoryServiceImpl [http-nio-8888-exec-1] filename: test_tao_bang
2022-01-14 11:12:57,183 INFO bkav.com.springboot.helper.ConnectDB [http-nio-8888-exec-1] connect successfully!
2022-01-14 11:13:17,829 INFO org.springframework.boot.StartupInfoLogger [main] Starting SpringbootApplication using Java 1.8.0_271 on BaoMeo with PID 91846 (/home/baotq/Documents/Project Bkav/dmdc_new/back-end/springboot/target/classes started by baotq in /home/baotq/Documents/Project Bkav/dmdc_new/back-end/springboot)
2022-01-14 11:13:17,832 DEBUG org.springframework.boot.StartupInfoLogger [main] Running with Spring Boot v2.6.2, Spring v5.3.14
2022-01-14 11:13:17,833 INFO org.springframework.boot.SpringApplication [main] No active profile set, falling back to default profiles: default
2022-01-14 11:13:20,354 DEBUG bkav.com.springboot.config.ConfigRedis [main] redis connection
2022-01-14 11:13:20,633 DEBUG org.springframework.web.filter.GenericFilterBean [main] Filter 'authenticationJwtTokenFilter' configured for use
2022-01-14 11:13:21,692 INFO org.springframework.boot.StartupInfoLogger [main] Started SpringbootApplication in 4.199 seconds (JVM running for 4.575)
2022-01-14 11:13:36,772 ERROR bkav.com.springboot.security.jwt.AuthTokenFilter [http-nio-8888-exec-1] Cannot set user authentication: non null key required
2022-01-14 11:13:36,812 INFO bkav.com.springboot.services.impl.CategoryServiceImpl [http-nio-8888-exec-1] filename: test_tao_bang
2022-01-14 11:13:36,880 INFO bkav.com.springboot.helper.ConnectDB [http-nio-8888-exec-1] connect successfully!
2022-01-14 11:19:13,966 INFO org.springframework.boot.StartupInfoLogger [main] Starting SpringbootApplication using Java 1.8.0_271 on BaoMeo with PID 92595 (/home/baotq/Documents/Project Bkav/dmdc_new/back-end/springboot/target/classes started by baotq in /home/baotq/Documents/Project Bkav/dmdc_new/back-end/springboot)
2022-01-14 11:19:13,969 DEBUG org.springframework.boot.StartupInfoLogger [main] Running with Spring Boot v2.6.2, Spring v5.3.14
2022-01-14 11:19:13,969 INFO org.springframework.boot.SpringApplication [main] No active profile set, falling back to default profiles: default
2022-01-14 11:19:17,076 DEBUG bkav.com.springboot.config.ConfigRedis [main] redis connection
2022-01-14 11:19:17,388 DEBUG org.springframework.web.filter.GenericFilterBean [main] Filter 'authenticationJwtTokenFilter' configured for use
2022-01-14 11:19:18,353 INFO org.springframework.boot.StartupInfoLogger [main] Started SpringbootApplication in 5.057 seconds (JVM running for 5.754)
2022-01-14 11:19:23,090 ERROR bkav.com.springboot.security.jwt.AuthTokenFilter [http-nio-8888-exec-1] Cannot set user authentication: non null key required
2022-01-14 11:19:23,275 INFO bkav.com.springboot.services.impl.CategoryServiceImpl [http-nio-8888-exec-1] filename: test_tao_bang
2022-01-14 11:19:23,326 INFO bkav.com.springboot.helper.ConnectDB [http-nio-8888-exec-1] connect successfully!
2022-01-14 11:21:49,888 INFO org.springframework.boot.StartupInfoLogger [main] Starting SpringbootApplication using Java 1.8.0_271 on BaoMeo with PID 92825 (/home/baotq/Documents/Project Bkav/dmdc_new/back-end/springboot/target/classes started by baotq in /home/baotq/Documents/Project Bkav/dmdc_new/back-end/springboot)
2022-01-14 11:21:49,892 DEBUG org.springframework.boot.StartupInfoLogger [main] Running with Spring Boot v2.6.2, Spring v5.3.14
2022-01-14 11:21:49,893 INFO org.springframework.boot.SpringApplication [main] No active profile set, falling back to default profiles: default
2022-01-14 11:21:52,552 DEBUG bkav.com.springboot.config.ConfigRedis [main] redis connection
2022-01-14 11:21:52,898 DEBUG org.springframework.web.filter.GenericFilterBean [main] Filter 'authenticationJwtTokenFilter' configured for use
2022-01-14 11:21:53,880 INFO org.springframework.boot.StartupInfoLogger [main] Started SpringbootApplication in 4.329 seconds (JVM running for 4.686)
2022-01-14 11:21:59,036 ERROR bkav.com.springboot.security.jwt.AuthTokenFilter [http-nio-8888-exec-1] Cannot set user authentication: non null key required
2022-01-14 11:21:59,080 INFO bkav.com.springboot.services.impl.CategoryServiceImpl [http-nio-8888-exec-1] filename: test_tao_bang
2022-01-14 11:21:59,133 INFO bkav.com.springboot.helper.ConnectDB [http-nio-8888-exec-1] connect successfully!
2022-01-14 11:23:23,446 INFO org.springframework.boot.StartupInfoLogger [main] Starting SpringbootApplication using Java 1.8.0_271 on BaoMeo with PID 93025 (/home/baotq/Documents/Project Bkav/dmdc_new/back-end/springboot/target/classes started by baotq in /home/baotq/Documents/Project Bkav/dmdc_new/back-end/springboot)
2022-01-14 11:23:23,449 DEBUG org.springframework.boot.StartupInfoLogger [main] Running with Spring Boot v2.6.2, Spring v5.3.14
2022-01-14 11:23:23,450 INFO org.springframework.boot.SpringApplication [main] No active profile set, falling back to default profiles: default
2022-01-14 11:23:25,969 DEBUG bkav.com.springboot.config.ConfigRedis [main] redis connection
2022-01-14 11:23:26,643 DEBUG org.springframework.web.filter.GenericFilterBean [main] Filter 'authenticationJwtTokenFilter' configured for use
2022-01-14 11:23:28,230 INFO org.springframework.boot.StartupInfoLogger [main] Started SpringbootApplication in 5.073 seconds (JVM running for 5.423)
2022-01-14 11:23:29,816 ERROR bkav.com.springboot.security.jwt.AuthTokenFilter [http-nio-8888-exec-1] Cannot set user authentication: non null key required
2022-01-14 11:23:29,864 INFO bkav.com.springboot.services.impl.CategoryServiceImpl [http-nio-8888-exec-1] filename: test_tao_bang
2022-01-14 11:23:29,941 INFO bkav.com.springboot.helper.ConnectDB [http-nio-8888-exec-1] connect successfully!
2022-01-14 11:24:15,681 INFO org.springframework.boot.StartupInfoLogger [main] Starting SpringbootApplication using Java 1.8.0_271 on BaoMeo with PID 93783 (/home/baotq/Documents/Project Bkav/dmdc_new/back-end/springboot/target/classes started by baotq in /home/baotq/Documents/Project Bkav/dmdc_new/back-end/springboot)
2022-01-14 11:24:15,683 DEBUG org.springframework.boot.StartupInfoLogger [main] Running with Spring Boot v2.6.2, Spring v5.3.14
2022-01-14 11:24:15,683 INFO org.springframework.boot.SpringApplication [main] No active profile set, falling back to default profiles: default
2022-01-14 11:24:18,611 DEBUG bkav.com.springboot.config.ConfigRedis [main] redis connection
2022-01-14 11:24:18,899 DEBUG org.springframework.web.filter.GenericFilterBean [main] Filter 'authenticationJwtTokenFilter' configured for use
2022-01-14 11:24:20,022 INFO org.springframework.boot.StartupInfoLogger [main] Started SpringbootApplication in 4.812 seconds (JVM running for 5.188)
2022-01-14 11:24:24,742 ERROR bkav.com.springboot.security.jwt.AuthTokenFilter [http-nio-8888-exec-1] Cannot set user authentication: non null key required
2022-01-14 11:24:24,783 INFO bkav.com.springboot.services.impl.CategoryServiceImpl [http-nio-8888-exec-1] filename: test_tao_bang
2022-01-14 11:24:24,830 INFO bkav.com.springboot.helper.ConnectDB [http-nio-8888-exec-1] connect successfully!
2022-01-14 11:27:29,280 INFO org.springframework.boot.StartupInfoLogger [main] Starting SpringbootApplication using Java 1.8.0_271 on BaoMeo with PID 94320 (/home/baotq/Documents/Project Bkav/dmdc_new/back-end/springboot/target/classes started by baotq in /home/baotq/Documents/Project Bkav/dmdc_new/back-end/springboot)
2022-01-14 11:27:29,284 DEBUG org.springframework.boot.StartupInfoLogger [main] Running with Spring Boot v2.6.2, Spring v5.3.14
2022-01-14 11:27:29,284 INFO org.springframework.boot.SpringApplication [main] No active profile set, falling back to default profiles: default
2022-01-14 11:27:31,589 DEBUG bkav.com.springboot.config.ConfigRedis [main] redis connection
2022-01-14 11:27:31,845 DEBUG org.springframework.web.filter.GenericFilterBean [main] Filter 'authenticationJwtTokenFilter' configured for use
2022-01-14 11:27:32,802 INFO org.springframework.boot.StartupInfoLogger [main] Started SpringbootApplication in 3.859 seconds (JVM running for 4.245)
2022-01-14 11:27:35,777 ERROR bkav.com.springboot.security.jwt.AuthTokenFilter [http-nio-8888-exec-1] Cannot set user authentication: non null key required
2022-01-14 11:27:35,819 INFO bkav.com.springboot.services.impl.CategoryServiceImpl [http-nio-8888-exec-1] filename: test_tao_bang
2022-01-14 11:27:35,869 INFO bkav.com.springboot.helper.ConnectDB [http-nio-8888-exec-1] connect successfully!
2022-01-14 11:28:52,976 INFO org.springframework.boot.StartupInfoLogger [main] Starting SpringbootApplication using Java 1.8.0_271 on BaoMeo with PID 94579 (/home/baotq/Documents/Project Bkav/dmdc_new/back-end/springboot/target/classes started by baotq in /home/baotq/Documents/Project Bkav/dmdc_new/back-end/springboot)
2022-01-14 11:28:52,981 DEBUG org.springframework.boot.StartupInfoLogger [main] Running with Spring Boot v2.6.2, Spring v5.3.14
2022-01-14 11:28:52,982 INFO org.springframework.boot.SpringApplication [main] No active profile set, falling back to default profiles: default
2022-01-14 11:28:55,622 DEBUG bkav.com.springboot.config.ConfigRedis [main] redis connection
2022-01-14 11:28:55,862 DEBUG org.springframework.web.filter.GenericFilterBean [main] Filter 'authenticationJwtTokenFilter' configured for use
2022-01-14 11:28:56,780 INFO org.springframework.boot.StartupInfoLogger [main] Started SpringbootApplication in 4.162 seconds (JVM running for 4.545)
2022-01-14 11:29:01,106 ERROR bkav.com.springboot.security.jwt.AuthTokenFilter [http-nio-8888-exec-1] Cannot set user authentication: non null key required
2022-01-14 11:29:01,152 INFO bkav.com.springboot.services.impl.CategoryServiceImpl [http-nio-8888-exec-1] filename: test_tao_bang
2022-01-14 11:29:01,199 INFO bkav.com.springboot.helper.ConnectDB [http-nio-8888-exec-1] connect successfully!
2022-01-14 11:30:11,047 INFO org.springframework.boot.StartupInfoLogger [main] Starting SpringbootApplication using Java 1.8.0_271 on BaoMeo with PID 94792 (/home/baotq/Documents/Project Bkav/dmdc_new/back-end/springboot/target/classes started by baotq in /home/baotq/Documents/Project Bkav/dmdc_new/back-end/springboot)
2022-01-14 11:30:11,050 DEBUG org.springframework.boot.StartupInfoLogger [main] Running with Spring Boot v2.6.2, Spring v5.3.14
2022-01-14 11:30:11,051 INFO org.springframework.boot.SpringApplication [main] No active profile set, falling back to default profiles: default
2022-01-14 11:30:13,746 DEBUG bkav.com.springboot.config.ConfigRedis [main] redis connection
2022-01-14 11:30:14,077 DEBUG org.springframework.web.filter.GenericFilterBean [main] Filter 'authenticationJwtTokenFilter' configured for use
2022-01-14 11:30:15,209 INFO org.springframework.boot.StartupInfoLogger [main] Started SpringbootApplication in 4.557 seconds (JVM running for 4.898)
2022-01-14 11:30:22,962 ERROR bkav.com.springboot.security.jwt.AuthTokenFilter [http-nio-8888-exec-1] Cannot set user authentication: non null key required
2022-01-14 11:30:23,004 INFO bkav.com.springboot.services.impl.CategoryServiceImpl [http-nio-8888-exec-1] filename: test_tao_bang
2022-01-14 11:30:23,051 INFO bkav.com.springboot.helper.ConnectDB [http-nio-8888-exec-1] connect successfully!
2022-01-14 11:32:00,501 INFO org.springframework.boot.StartupInfoLogger [main] Starting SpringbootApplication using Java 1.8.0_271 on BaoMeo with PID 95510 (/home/baotq/Documents/Project Bkav/dmdc_new/back-end/springboot/target/classes started by baotq in /home/baotq/Documents/Project Bkav/dmdc_new/back-end/springboot)
2022-01-14 11:32:00,506 DEBUG org.springframework.boot.StartupInfoLogger [main] Running with Spring Boot v2.6.2, Spring v5.3.14
2022-01-14 11:32:00,506 INFO org.springframework.boot.SpringApplication [main] No active profile set, falling back to default profiles: default
2022-01-14 11:32:02,823 DEBUG bkav.com.springboot.config.ConfigRedis [main] redis connection
2022-01-14 11:32:03,073 DEBUG org.springframework.web.filter.GenericFilterBean [main] Filter 'authenticationJwtTokenFilter' configured for use
2022-01-14 11:32:04,173 INFO org.springframework.boot.StartupInfoLogger [main] Started SpringbootApplication in 4.008 seconds (JVM running for 4.351)
2022-01-14 11:32:05,977 ERROR bkav.com.springboot.security.jwt.AuthTokenFilter [http-nio-8888-exec-1] Cannot set user authentication: non null key required
2022-01-14 11:32:06,038 INFO bkav.com.springboot.services.impl.CategoryServiceImpl [http-nio-8888-exec-1] filename: test_tao_bang
2022-01-14 11:32:06,083 INFO bkav.com.springboot.helper.ConnectDB [http-nio-8888-exec-1] connect successfully!
2022-01-14 11:36:03,483 INFO org.springframework.boot.StartupInfoLogger [main] Starting SpringbootApplication using Java 1.8.0_271 on BaoMeo with PID 96213 (/home/baotq/Documents/Project Bkav/dmdc_new/back-end/springboot/target/classes started by baotq in /home/baotq/Documents/Project Bkav/dmdc_new/back-end/springboot)
2022-01-14 11:36:03,484 DEBUG org.springframework.boot.StartupInfoLogger [main] Running with Spring Boot v2.6.2, Spring v5.3.14
2022-01-14 11:36:03,485 INFO org.springframework.boot.SpringApplication [main] No active profile set, falling back to default profiles: default
2022-01-14 11:36:06,193 DEBUG bkav.com.springboot.config.ConfigRedis [main] redis connection
2022-01-14 11:36:06,481 DEBUG org.springframework.web.filter.GenericFilterBean [main] Filter 'authenticationJwtTokenFilter' configured for use
2022-01-14 11:36:07,481 INFO org.springframework.boot.StartupInfoLogger [main] Started SpringbootApplication in 4.311 seconds (JVM running for 4.694)
2022-01-14 11:36:09,530 ERROR bkav.com.springboot.security.jwt.AuthTokenFilter [http-nio-8888-exec-1] Cannot set user authentication: non null key required
2022-01-14 11:36:09,569 INFO bkav.com.springboot.services.impl.CategoryServiceImpl [http-nio-8888-exec-1] filename: test_tao_bang_3
2022-01-14 11:36:09,623 INFO bkav.com.springboot.helper.ConnectDB [http-nio-8888-exec-1] connect successfully!
2022-01-14 11:37:06,487 ERROR bkav.com.springboot.security.jwt.AuthTokenFilter [http-nio-8888-exec-2] Cannot set user authentication: non null key required
2022-01-14 11:37:06,496 INFO bkav.com.springboot.services.impl.CategoryServiceImpl [http-nio-8888-exec-2] filename: test_tao_bang_3
2022-01-14 11:37:06,498 INFO bkav.com.springboot.helper.ConnectDB [http-nio-8888-exec-2] connect successfully!
2022-01-14 11:37:41,727 ERROR bkav.com.springboot.security.jwt.AuthTokenFilter [http-nio-8888-exec-4] Cannot set user authentication: non null key required
2022-01-14 11:37:41,738 INFO bkav.com.springboot.services.impl.CategoryServiceImpl [http-nio-8888-exec-4] filename: test_tao_bang_3
2022-01-14 11:37:41,740 INFO bkav.com.springboot.helper.ConnectDB [http-nio-8888-exec-4] connect successfully!
2022-01-14 11:52:52,355 INFO org.springframework.boot.StartupInfoLogger [main] Starting SpringbootApplication using Java 1.8.0_271 on BaoMeo with PID 97601 (/home/baotq/Documents/Project Bkav/dmdc_new/back-end/springboot/target/classes started by baotq in /home/baotq/Documents/Project Bkav/dmdc_new/back-end/springboot)
2022-01-14 11:52:52,358 DEBUG org.springframework.boot.StartupInfoLogger [main] Running with Spring Boot v2.6.2, Spring v5.3.14
2022-01-14 11:52:52,358 INFO org.springframework.boot.SpringApplication [main] No active profile set, falling back to default profiles: default
2022-01-14 11:52:55,555 DEBUG bkav.com.springboot.config.ConfigRedis [main] redis connection
2022-01-14 11:52:55,837 DEBUG org.springframework.web.filter.GenericFilterBean [main] Filter 'authenticationJwtTokenFilter' configured for use
2022-01-14 11:52:56,782 INFO org.springframework.boot.StartupInfoLogger [main] Started SpringbootApplication in 4.766 seconds (JVM running for 5.133)
2022-01-14 11:54:40,037 INFO org.springframework.boot.StartupInfoLogger [main] Starting SpringbootApplication using Java 1.8.0_271 on BaoMeo with PID 97805 (/home/baotq/Documents/Project Bkav/dmdc_new/back-end/springboot/target/classes started by baotq in /home/baotq/Documents/Project Bkav/dmdc_new/back-end/springboot)
2022-01-14 11:54:40,040 DEBUG org.springframework.boot.StartupInfoLogger [main] Running with Spring Boot v2.6.2, Spring v5.3.14
2022-01-14 11:54:40,041 INFO org.springframework.boot.SpringApplication [main] No active profile set, falling back to default profiles: default
2022-01-14 11:54:42,358 DEBUG bkav.com.springboot.config.ConfigRedis [main] redis connection
2022-01-14 11:54:42,609 DEBUG org.springframework.web.filter.GenericFilterBean [main] Filter 'authenticationJwtTokenFilter' configured for use
2022-01-14 11:54:43,502 INFO org.springframework.boot.StartupInfoLogger [main] Started SpringbootApplication in 3.798 seconds (JVM running for 4.166)
2022-01-14 13:19:36,399 INFO org.springframework.boot.StartupInfoLogger [main] Starting SpringbootApplication using Java 1.8.0_271 on BaoMeo with PID 100149 (/home/baotq/Documents/Project Bkav/dmdc_new/back-end/springboot/target/classes started by baotq in /home/baotq/Documents/Project Bkav/dmdc_new/back-end/springboot)
2022-01-14 13:19:36,403 DEBUG org.springframework.boot.StartupInfoLogger [main] Running with Spring Boot v2.6.2, Spring v5.3.14
2022-01-14 13:19:36,403 INFO org.springframework.boot.SpringApplication [main] No active profile set, falling back to default profiles: default
2022-01-14 13:19:39,168 DEBUG bkav.com.springboot.config.ConfigRedis [main] redis connection
2022-01-14 13:19:39,480 DEBUG org.springframework.web.filter.GenericFilterBean [main] Filter 'authenticationJwtTokenFilter' configured for use
2022-01-14 13:19:40,470 INFO org.springframework.boot.StartupInfoLogger [main] Started SpringbootApplication in 4.404 seconds (JVM running for 4.803)
2022-01-14 13:20:21,189 ERROR bkav.com.springboot.security.jwt.AuthTokenFilter [http-nio-8888-exec-2] Cannot set user authentication: non null key required
2022-01-14 13:20:21,853 INFO bkav.com.springboot.services.impl.AccountServiceImpl [http-nio-8888-exec-2] login success username: supper_admin
2022-01-14 13:20:21,878 INFO bkav.com.springboot.services.impl.AccountServiceImpl [http-nio-8888-exec-2] insert success activity log
2022-01-14 13:20:57,256 INFO bkav.com.springboot.security.jwt.AuthTokenFilter [http-nio-8888-exec-3] user detail redis ! null
2022-01-14 13:21:34,592 INFO org.springframework.boot.StartupInfoLogger [main] Starting SpringbootApplication using Java 1.8.0_271 on BaoMeo with PID 100542 (/home/baotq/Documents/Project Bkav/dmdc_new/back-end/springboot/target/classes started by baotq in /home/baotq/Documents/Project Bkav/dmdc_new/back-end/springboot)
2022-01-14 13:21:34,595 DEBUG org.springframework.boot.StartupInfoLogger [main] Running with Spring Boot v2.6.2, Spring v5.3.14
2022-01-14 13:21:34,596 INFO org.springframework.boot.SpringApplication [main] No active profile set, falling back to default profiles: default
2022-01-14 13:21:37,452 DEBUG bkav.com.springboot.config.ConfigRedis [main] redis connection
2022-01-14 13:21:37,767 DEBUG org.springframework.web.filter.GenericFilterBean [main] Filter 'authenticationJwtTokenFilter' configured for use
2022-01-14 13:21:38,852 INFO org.springframework.boot.StartupInfoLogger [main] Started SpringbootApplication in 4.6 seconds (JVM running for 4.969)
2022-01-14 13:22:11,637 INFO bkav.com.springboot.security.jwt.AuthTokenFilter [http-nio-8888-exec-2] user detail redis ! null
2022-01-14 13:22:16,590 INFO bkav.com.springboot.security.jwt.AuthTokenFilter [http-nio-8888-exec-3] user detail redis ! null
2022-01-14 13:22:18,404 INFO bkav.com.springboot.security.jwt.AuthTokenFilter [http-nio-8888-exec-4] user detail redis ! null
