2021-12-30 10:28:18,522 INFO org.springframework.boot.StartupInfoLogger [main] Starting SpringbootApplication using Java 11.0.11 on BaoMeo with PID 9082 (/home/baotq/Documents/Project Bkav/springboot/target/classes started by baotq in /home/baotq/Documents/Project Bkav/springboot)
2021-12-30 10:28:18,526 DEBUG org.springframework.boot.StartupInfoLogger [main] Running with Spring Boot v2.6.2, Spring v5.3.14
2021-12-30 10:28:18,527 INFO org.springframework.boot.SpringApplication [main] No active profile set, falling back to default profiles: default
2021-12-30 10:28:21,045 DEBUG bkav.com.springboot.config.ConfigRedis [main] redis connection
2021-12-30 10:28:21,205 DEBUG org.springframework.web.filter.GenericFilterBean [main] Filter 'authenticationJwtTokenFilter' configured for use
2021-12-30 10:28:22,189 INFO org.springframework.boot.StartupInfoLogger [main] Started SpringbootApplication in 4.067 seconds (JVM running for 4.727)
2021-12-30 10:28:26,593 ERROR bkav.com.springboot.security.jwt.AuthTokenFilter [http-nio-8080-exec-2] Cannot set user authentication: non null key required
2021-12-30 10:28:26,899 INFO bkav.com.springboot.services.ipml.AccountServiceImpl [http-nio-8080-exec-2] login success username: supper_admin
2021-12-30 10:28:26,918 INFO bkav.com.springboot.services.ipml.AccountServiceImpl [http-nio-8080-exec-2] insert success activity log
2021-12-30 10:29:11,086 INFO org.springframework.boot.StartupInfoLogger [main] Starting SpringbootApplication using Java 11.0.11 on BaoMeo with PID 9258 (/home/baotq/Documents/Project Bkav/springboot/target/classes started by baotq in /home/baotq/Documents/Project Bkav/springboot)
2021-12-30 10:29:11,089 DEBUG org.springframework.boot.StartupInfoLogger [main] Running with Spring Boot v2.6.2, Spring v5.3.14
2021-12-30 10:29:11,089 INFO org.springframework.boot.SpringApplication [main] No active profile set, falling back to default profiles: default
2021-12-30 10:29:13,609 DEBUG bkav.com.springboot.config.ConfigRedis [main] redis connection
2021-12-30 10:29:13,763 DEBUG org.springframework.web.filter.GenericFilterBean [main] Filter 'authenticationJwtTokenFilter' configured for use
2021-12-30 10:29:14,751 INFO org.springframework.boot.StartupInfoLogger [main] Started SpringbootApplication in 4.073 seconds (JVM running for 4.688)
2021-12-30 11:02:50,079 INFO org.springframework.boot.StartupInfoLogger [main] Starting SpringbootApplication using Java 11.0.11 on BaoMeo with PID 11054 (/home/baotq/Documents/Project Bkav/springboot/target/classes started by baotq in /home/baotq/Documents/Project Bkav/springboot)
2021-12-30 11:02:50,081 DEBUG org.springframework.boot.StartupInfoLogger [main] Running with Spring Boot v2.6.2, Spring v5.3.14
2021-12-30 11:02:50,082 INFO org.springframework.boot.SpringApplication [main] No active profile set, falling back to default profiles: default
2021-12-30 11:02:53,430 DEBUG bkav.com.springboot.config.ConfigRedis [main] redis connection
2021-12-30 11:02:53,596 DEBUG org.springframework.web.filter.GenericFilterBean [main] Filter 'authenticationJwtTokenFilter' configured for use
2021-12-30 11:02:54,690 INFO org.springframework.boot.StartupInfoLogger [main] Started SpringbootApplication in 5.033 seconds (JVM running for 5.596)
2021-12-30 11:03:28,853 INFO org.springframework.boot.StartupInfoLogger [main] Starting SpringbootApplication using Java 11.0.11 on BaoMeo with PID 11240 (/home/baotq/Documents/Project Bkav/springboot/target/classes started by baotq in /home/baotq/Documents/Project Bkav/springboot)
2021-12-30 11:03:28,855 DEBUG org.springframework.boot.StartupInfoLogger [main] Running with Spring Boot v2.6.2, Spring v5.3.14
2021-12-30 11:03:28,856 INFO org.springframework.boot.SpringApplication [main] No active profile set, falling back to default profiles: default
2021-12-30 11:03:31,556 DEBUG bkav.com.springboot.config.ConfigRedis [main] redis connection
2021-12-30 11:03:31,724 DEBUG org.springframework.web.filter.GenericFilterBean [main] Filter 'authenticationJwtTokenFilter' configured for use
2021-12-30 11:03:32,685 INFO org.springframework.boot.StartupInfoLogger [main] Started SpringbootApplication in 4.211 seconds (JVM running for 4.82)
2021-12-30 11:18:04,496 INFO org.springframework.boot.StartupInfoLogger [main] Starting SpringbootApplication using Java 11.0.11 on BaoMeo with PID 12155 (/home/baotq/Documents/Project Bkav/springboot/target/classes started by baotq in /home/baotq/Documents/Project Bkav/springboot)
2021-12-30 11:18:04,499 DEBUG org.springframework.boot.StartupInfoLogger [main] Running with Spring Boot v2.6.2, Spring v5.3.14
2021-12-30 11:18:04,499 INFO org.springframework.boot.SpringApplication [main] No active profile set, falling back to default profiles: default
2021-12-30 11:18:07,059 DEBUG bkav.com.springboot.config.ConfigRedis [main] redis connection
2021-12-30 11:18:07,204 DEBUG org.springframework.web.filter.GenericFilterBean [main] Filter 'authenticationJwtTokenFilter' configured for use
2021-12-30 11:18:08,192 INFO org.springframework.boot.StartupInfoLogger [main] Started SpringbootApplication in 4.092 seconds (JVM running for 4.74)
2021-12-30 11:19:21,658 ERROR bkav.com.springboot.services.ipml.AccountServiceImpl [http-nio-8080-exec-2] error: Bad credentials
2021-12-30 11:20:29,250 ERROR bkav.com.springboot.services.ipml.AccountServiceImpl [http-nio-8080-exec-4] error: Bad credentials
2021-12-30 11:20:51,872 INFO bkav.com.springboot.services.ipml.AccountServiceImpl [http-nio-8080-exec-5] login success username: supper_admin
2021-12-30 11:20:51,898 INFO bkav.com.springboot.services.ipml.AccountServiceImpl [http-nio-8080-exec-5] insert success activity log
2021-12-30 11:20:52,657 INFO bkav.com.springboot.security.jwt.AuthTokenFilter [http-nio-8080-exec-6] user detail redis ! null
2021-12-30 11:20:52,716 INFO bkav.com.springboot.services.ipml.PermissionServiceImpl [http-nio-8080-exec-6] get list permission success page: 0 size: 20
2021-12-30 11:20:52,732 INFO bkav.com.springboot.services.ipml.PermissionServiceImpl [http-nio-8080-exec-6] insert success activity log
2021-12-30 11:20:52,809 INFO bkav.com.springboot.security.jwt.AuthTokenFilter [http-nio-8080-exec-7] user detail redis ! null
2021-12-30 11:20:52,829 INFO bkav.com.springboot.services.ipml.PermissionServiceImpl [http-nio-8080-exec-7] get list permission success page: 0 size: 20
2021-12-30 11:20:52,851 INFO bkav.com.springboot.services.ipml.PermissionServiceImpl [http-nio-8080-exec-7] insert success activity log
2021-12-30 11:20:52,877 INFO bkav.com.springboot.security.jwt.AuthTokenFilter [http-nio-8080-exec-8] user detail redis ! null
2021-12-30 11:20:52,890 INFO bkav.com.springboot.services.ipml.PermissionServiceImpl [http-nio-8080-exec-8] get list permission success page: 0 size: 20
2021-12-30 11:20:52,905 INFO bkav.com.springboot.services.ipml.PermissionServiceImpl [http-nio-8080-exec-8] insert success activity log
2021-12-30 11:20:52,927 INFO bkav.com.springboot.security.jwt.AuthTokenFilter [http-nio-8080-exec-9] user detail redis ! null
2021-12-30 11:20:52,943 INFO bkav.com.springboot.services.ipml.PermissionServiceImpl [http-nio-8080-exec-9] get list permission success page: 0 size: 20
2021-12-30 11:20:52,958 INFO bkav.com.springboot.services.ipml.PermissionServiceImpl [http-nio-8080-exec-9] insert success activity log
2021-12-30 11:20:52,980 INFO bkav.com.springboot.security.jwt.AuthTokenFilter [http-nio-8080-exec-10] user detail redis ! null
2021-12-30 11:20:52,997 INFO bkav.com.springboot.services.ipml.PermissionServiceImpl [http-nio-8080-exec-10] get list permission success page: 0 size: 20
2021-12-30 11:20:53,013 INFO bkav.com.springboot.services.ipml.PermissionServiceImpl [http-nio-8080-exec-10] insert success activity log
2021-12-30 11:20:53,045 INFO bkav.com.springboot.security.jwt.AuthTokenFilter [http-nio-8080-exec-1] user detail redis ! null
2021-12-30 11:20:53,057 INFO bkav.com.springboot.services.ipml.PermissionServiceImpl [http-nio-8080-exec-1] get list permission success page: 0 size: 20
2021-12-30 11:20:53,081 INFO bkav.com.springboot.services.ipml.PermissionServiceImpl [http-nio-8080-exec-1] insert success activity log
2021-12-30 11:20:53,111 INFO bkav.com.springboot.security.jwt.AuthTokenFilter [http-nio-8080-exec-2] user detail redis ! null
2021-12-30 11:20:53,133 INFO bkav.com.springboot.services.ipml.PermissionServiceImpl [http-nio-8080-exec-2] get list permission success page: 0 size: 20
2021-12-30 11:20:53,157 INFO bkav.com.springboot.services.ipml.PermissionServiceImpl [http-nio-8080-exec-2] insert success activity log
2021-12-30 11:20:53,185 INFO bkav.com.springboot.security.jwt.AuthTokenFilter [http-nio-8080-exec-3] user detail redis ! null
2021-12-30 11:20:53,201 INFO bkav.com.springboot.services.ipml.PermissionServiceImpl [http-nio-8080-exec-3] get list permission success page: 0 size: 20
2021-12-30 11:20:53,214 INFO bkav.com.springboot.services.ipml.PermissionServiceImpl [http-nio-8080-exec-3] insert success activity log
2021-12-30 11:20:53,233 INFO bkav.com.springboot.security.jwt.AuthTokenFilter [http-nio-8080-exec-4] user detail redis ! null
2021-12-30 11:20:53,251 INFO bkav.com.springboot.services.ipml.PermissionServiceImpl [http-nio-8080-exec-4] get list permission success page: 0 size: 20
2021-12-30 11:20:53,267 INFO bkav.com.springboot.services.ipml.PermissionServiceImpl [http-nio-8080-exec-4] insert success activity log
2021-12-30 11:20:53,285 INFO bkav.com.springboot.security.jwt.AuthTokenFilter [http-nio-8080-exec-5] user detail redis ! null
2021-12-30 11:20:53,300 INFO bkav.com.springboot.services.ipml.PermissionServiceImpl [http-nio-8080-exec-5] get list permission success page: 0 size: 20
2021-12-30 11:20:53,317 INFO bkav.com.springboot.services.ipml.PermissionServiceImpl [http-nio-8080-exec-5] insert success activity log
2021-12-30 11:20:53,337 INFO bkav.com.springboot.security.jwt.AuthTokenFilter [http-nio-8080-exec-6] user detail redis ! null
2021-12-30 11:20:53,350 INFO bkav.com.springboot.services.ipml.PermissionServiceImpl [http-nio-8080-exec-6] get list permission success page: 0 size: 20
2021-12-30 11:20:53,370 INFO bkav.com.springboot.services.ipml.PermissionServiceImpl [http-nio-8080-exec-6] insert success activity log
2021-12-30 11:20:53,386 INFO bkav.com.springboot.security.jwt.AuthTokenFilter [http-nio-8080-exec-7] user detail redis ! null
2021-12-30 11:20:53,399 INFO bkav.com.springboot.services.ipml.PermissionServiceImpl [http-nio-8080-exec-7] get list permission success page: 0 size: 20
2021-12-30 11:20:53,412 INFO bkav.com.springboot.services.ipml.PermissionServiceImpl [http-nio-8080-exec-7] insert success activity log
2021-12-30 11:20:53,429 INFO bkav.com.springboot.security.jwt.AuthTokenFilter [http-nio-8080-exec-8] user detail redis ! null
2021-12-30 11:20:53,434 INFO bkav.com.springboot.services.ipml.PermissionServiceImpl [http-nio-8080-exec-8] get list permission success page: 0 size: 20
2021-12-30 11:20:53,447 INFO bkav.com.springboot.services.ipml.PermissionServiceImpl [http-nio-8080-exec-8] insert success activity log
2021-12-30 11:20:53,464 INFO bkav.com.springboot.security.jwt.AuthTokenFilter [http-nio-8080-exec-9] user detail redis ! null
2021-12-30 11:20:53,476 INFO bkav.com.springboot.services.ipml.PermissionServiceImpl [http-nio-8080-exec-9] get list permission success page: 0 size: 20
2021-12-30 11:20:53,490 INFO bkav.com.springboot.services.ipml.PermissionServiceImpl [http-nio-8080-exec-9] insert success activity log
2021-12-30 11:20:53,514 INFO bkav.com.springboot.security.jwt.AuthTokenFilter [http-nio-8080-exec-10] user detail redis ! null
2021-12-30 11:20:53,529 INFO bkav.com.springboot.services.ipml.PermissionServiceImpl [http-nio-8080-exec-10] get list permission success page: 0 size: 20
2021-12-30 11:20:53,547 INFO bkav.com.springboot.services.ipml.PermissionServiceImpl [http-nio-8080-exec-10] insert success activity log
2021-12-30 11:20:53,568 INFO bkav.com.springboot.security.jwt.AuthTokenFilter [http-nio-8080-exec-1] user detail redis ! null
2021-12-30 11:20:53,581 INFO bkav.com.springboot.services.ipml.PermissionServiceImpl [http-nio-8080-exec-1] get list permission success page: 0 size: 20
2021-12-30 11:20:53,609 INFO bkav.com.springboot.services.ipml.PermissionServiceImpl [http-nio-8080-exec-1] insert success activity log
2021-12-30 11:20:53,633 INFO bkav.com.springboot.security.jwt.AuthTokenFilter [http-nio-8080-exec-2] user detail redis ! null
2021-12-30 11:20:53,647 INFO bkav.com.springboot.services.ipml.PermissionServiceImpl [http-nio-8080-exec-2] get list permission success page: 0 size: 20
2021-12-30 11:20:53,665 INFO bkav.com.springboot.services.ipml.PermissionServiceImpl [http-nio-8080-exec-2] insert success activity log
2021-12-30 11:20:53,690 INFO bkav.com.springboot.security.jwt.AuthTokenFilter [http-nio-8080-exec-2] user detail redis ! null
2021-12-30 11:20:53,711 INFO bkav.com.springboot.services.ipml.PermissionServiceImpl [http-nio-8080-exec-2] get list permission success page: 0 size: 20
2021-12-30 11:20:53,728 INFO bkav.com.springboot.services.ipml.PermissionServiceImpl [http-nio-8080-exec-2] insert success activity log
2021-12-30 11:20:53,760 INFO bkav.com.springboot.security.jwt.AuthTokenFilter [http-nio-8080-exec-4] user detail redis ! null
2021-12-30 11:20:53,770 INFO bkav.com.springboot.services.ipml.PermissionServiceImpl [http-nio-8080-exec-4] get list permission success page: 0 size: 20
2021-12-30 11:20:53,792 INFO bkav.com.springboot.services.ipml.PermissionServiceImpl [http-nio-8080-exec-4] insert success activity log
2021-12-30 11:20:53,813 INFO bkav.com.springboot.security.jwt.AuthTokenFilter [http-nio-8080-exec-5] user detail redis ! null
2021-12-30 11:20:53,824 INFO bkav.com.springboot.services.ipml.PermissionServiceImpl [http-nio-8080-exec-5] get list permission success page: 0 size: 20
2021-12-30 11:20:53,835 INFO bkav.com.springboot.services.ipml.PermissionServiceImpl [http-nio-8080-exec-5] insert success activity log
2021-12-30 11:20:53,857 INFO bkav.com.springboot.security.jwt.AuthTokenFilter [http-nio-8080-exec-6] user detail redis ! null
2021-12-30 11:20:53,870 INFO bkav.com.springboot.services.ipml.PermissionServiceImpl [http-nio-8080-exec-6] get list permission success page: 0 size: 20
2021-12-30 11:20:53,886 INFO bkav.com.springboot.services.ipml.PermissionServiceImpl [http-nio-8080-exec-6] insert success activity log
2021-12-30 11:20:53,915 INFO bkav.com.springboot.security.jwt.AuthTokenFilter [http-nio-8080-exec-7] user detail redis ! null
2021-12-30 11:20:53,930 INFO bkav.com.springboot.services.ipml.PermissionServiceImpl [http-nio-8080-exec-7] get list permission success page: 0 size: 20
2021-12-30 11:20:53,946 INFO bkav.com.springboot.services.ipml.PermissionServiceImpl [http-nio-8080-exec-7] insert success activity log
2021-12-30 11:20:53,983 INFO bkav.com.springboot.security.jwt.AuthTokenFilter [http-nio-8080-exec-8] user detail redis ! null
2021-12-30 11:20:53,999 INFO bkav.com.springboot.services.ipml.PermissionServiceImpl [http-nio-8080-exec-8] get list permission success page: 0 size: 20
2021-12-30 11:20:54,015 INFO bkav.com.springboot.services.ipml.PermissionServiceImpl [http-nio-8080-exec-8] insert success activity log
2021-12-30 11:20:54,034 INFO bkav.com.springboot.security.jwt.AuthTokenFilter [http-nio-8080-exec-9] user detail redis ! null
2021-12-30 11:20:54,048 INFO bkav.com.springboot.services.ipml.PermissionServiceImpl [http-nio-8080-exec-9] get list permission success page: 0 size: 20
2021-12-30 11:20:54,061 INFO bkav.com.springboot.services.ipml.PermissionServiceImpl [http-nio-8080-exec-9] insert success activity log
2021-12-30 11:20:54,080 INFO bkav.com.springboot.security.jwt.AuthTokenFilter [http-nio-8080-exec-10] user detail redis ! null
2021-12-30 11:20:54,087 INFO bkav.com.springboot.services.ipml.PermissionServiceImpl [http-nio-8080-exec-10] get list permission success page: 0 size: 20
2021-12-30 11:20:54,102 INFO bkav.com.springboot.services.ipml.PermissionServiceImpl [http-nio-8080-exec-10] insert success activity log
2021-12-30 11:20:54,127 INFO bkav.com.springboot.security.jwt.AuthTokenFilter [http-nio-8080-exec-1] user detail redis ! null
2021-12-30 11:20:54,147 INFO bkav.com.springboot.services.ipml.PermissionServiceImpl [http-nio-8080-exec-1] get list permission success page: 0 size: 20
2021-12-30 11:20:54,161 INFO bkav.com.springboot.services.ipml.PermissionServiceImpl [http-nio-8080-exec-1] insert success activity log
2021-12-30 11:20:54,181 INFO bkav.com.springboot.security.jwt.AuthTokenFilter [http-nio-8080-exec-3] user detail redis ! null
2021-12-30 11:20:54,194 INFO bkav.com.springboot.services.ipml.PermissionServiceImpl [http-nio-8080-exec-3] get list permission success page: 0 size: 20
2021-12-30 11:20:54,207 INFO bkav.com.springboot.services.ipml.PermissionServiceImpl [http-nio-8080-exec-3] insert success activity log
2021-12-30 11:20:54,229 INFO bkav.com.springboot.security.jwt.AuthTokenFilter [http-nio-8080-exec-2] user detail redis ! null
2021-12-30 11:20:54,243 INFO bkav.com.springboot.services.ipml.PermissionServiceImpl [http-nio-8080-exec-2] get list permission success page: 0 size: 20
2021-12-30 11:20:54,255 INFO bkav.com.springboot.services.ipml.PermissionServiceImpl [http-nio-8080-exec-2] insert success activity log
2021-12-30 11:20:54,275 INFO bkav.com.springboot.security.jwt.AuthTokenFilter [http-nio-8080-exec-4] user detail redis ! null
2021-12-30 11:20:54,289 INFO bkav.com.springboot.services.ipml.PermissionServiceImpl [http-nio-8080-exec-4] get list permission success page: 0 size: 20
2021-12-30 11:20:54,299 INFO bkav.com.springboot.services.ipml.PermissionServiceImpl [http-nio-8080-exec-4] insert success activity log
2021-12-30 11:20:54,314 INFO bkav.com.springboot.security.jwt.AuthTokenFilter [http-nio-8080-exec-5] user detail redis ! null
2021-12-30 11:20:54,319 INFO bkav.com.springboot.services.ipml.PermissionServiceImpl [http-nio-8080-exec-5] get list permission success page: 0 size: 20
2021-12-30 11:20:54,332 INFO bkav.com.springboot.services.ipml.PermissionServiceImpl [http-nio-8080-exec-5] insert success activity log
2021-12-30 11:20:54,350 INFO bkav.com.springboot.security.jwt.AuthTokenFilter [http-nio-8080-exec-6] user detail redis ! null
2021-12-30 11:20:54,367 INFO bkav.com.springboot.services.ipml.PermissionServiceImpl [http-nio-8080-exec-6] get list permission success page: 0 size: 20
2021-12-30 11:20:54,380 INFO bkav.com.springboot.services.ipml.PermissionServiceImpl [http-nio-8080-exec-6] insert success activity log
2021-12-30 11:20:54,397 INFO bkav.com.springboot.security.jwt.AuthTokenFilter [http-nio-8080-exec-7] user detail redis ! null
2021-12-30 11:20:54,410 INFO bkav.com.springboot.services.ipml.PermissionServiceImpl [http-nio-8080-exec-7] get list permission success page: 0 size: 20
2021-12-30 11:20:54,422 INFO bkav.com.springboot.services.ipml.PermissionServiceImpl [http-nio-8080-exec-7] insert success activity log
2021-12-30 11:20:54,441 INFO bkav.com.springboot.security.jwt.AuthTokenFilter [http-nio-8080-exec-8] user detail redis ! null
2021-12-30 11:20:54,456 INFO bkav.com.springboot.services.ipml.PermissionServiceImpl [http-nio-8080-exec-8] get list permission success page: 0 size: 20
2021-12-30 11:20:54,467 INFO bkav.com.springboot.services.ipml.PermissionServiceImpl [http-nio-8080-exec-8] insert success activity log
2021-12-30 11:20:54,488 INFO bkav.com.springboot.security.jwt.AuthTokenFilter [http-nio-8080-exec-9] user detail redis ! null
2021-12-30 11:20:54,500 INFO bkav.com.springboot.services.ipml.PermissionServiceImpl [http-nio-8080-exec-9] get list permission success page: 0 size: 20
2021-12-30 11:20:54,509 INFO bkav.com.springboot.services.ipml.PermissionServiceImpl [http-nio-8080-exec-9] insert success activity log
2021-12-30 11:20:54,523 INFO bkav.com.springboot.security.jwt.AuthTokenFilter [http-nio-8080-exec-10] user detail redis ! null
2021-12-30 11:20:54,533 INFO bkav.com.springboot.services.ipml.PermissionServiceImpl [http-nio-8080-exec-10] get list permission success page: 0 size: 20
2021-12-30 11:20:54,545 INFO bkav.com.springboot.services.ipml.PermissionServiceImpl [http-nio-8080-exec-10] insert success activity log
2021-12-30 11:20:54,561 INFO bkav.com.springboot.security.jwt.AuthTokenFilter [http-nio-8080-exec-1] user detail redis ! null
2021-12-30 11:20:54,572 INFO bkav.com.springboot.services.ipml.PermissionServiceImpl [http-nio-8080-exec-1] get list permission success page: 0 size: 20
2021-12-30 11:20:54,583 INFO bkav.com.springboot.services.ipml.PermissionServiceImpl [http-nio-8080-exec-1] insert success activity log
2021-12-30 11:20:54,599 INFO bkav.com.springboot.security.jwt.AuthTokenFilter [http-nio-8080-exec-3] user detail redis ! null
2021-12-30 11:20:54,613 INFO bkav.com.springboot.services.ipml.PermissionServiceImpl [http-nio-8080-exec-3] get list permission success page: 0 size: 20
2021-12-30 11:20:54,661 INFO bkav.com.springboot.services.ipml.PermissionServiceImpl [http-nio-8080-exec-3] insert success activity log
2021-12-30 11:20:54,675 INFO bkav.com.springboot.security.jwt.AuthTokenFilter [http-nio-8080-exec-2] user detail redis ! null
2021-12-30 11:20:54,681 INFO bkav.com.springboot.services.ipml.PermissionServiceImpl [http-nio-8080-exec-2] get list permission success page: 0 size: 20
2021-12-30 11:20:54,690 INFO bkav.com.springboot.services.ipml.PermissionServiceImpl [http-nio-8080-exec-2] insert success activity log
2021-12-30 11:20:54,701 INFO bkav.com.springboot.security.jwt.AuthTokenFilter [http-nio-8080-exec-4] user detail redis ! null
2021-12-30 11:20:54,709 INFO bkav.com.springboot.services.ipml.PermissionServiceImpl [http-nio-8080-exec-4] get list permission success page: 0 size: 20
2021-12-30 11:20:54,716 INFO bkav.com.springboot.services.ipml.PermissionServiceImpl [http-nio-8080-exec-4] insert success activity log
2021-12-30 11:20:54,730 INFO bkav.com.springboot.security.jwt.AuthTokenFilter [http-nio-8080-exec-5] user detail redis ! null
2021-12-30 11:20:54,739 INFO bkav.com.springboot.services.ipml.PermissionServiceImpl [http-nio-8080-exec-5] get list permission success page: 0 size: 20
2021-12-30 11:20:54,753 INFO bkav.com.springboot.services.ipml.PermissionServiceImpl [http-nio-8080-exec-5] insert success activity log
2021-12-30 11:20:54,773 INFO bkav.com.springboot.security.jwt.AuthTokenFilter [http-nio-8080-exec-6] user detail redis ! null
2021-12-30 11:20:54,804 INFO bkav.com.springboot.services.ipml.PermissionServiceImpl [http-nio-8080-exec-6] get list permission success page: 0 size: 20
2021-12-30 11:20:54,818 INFO bkav.com.springboot.services.ipml.PermissionServiceImpl [http-nio-8080-exec-6] insert success activity log
2021-12-30 11:20:54,833 INFO bkav.com.springboot.security.jwt.AuthTokenFilter [http-nio-8080-exec-7] user detail redis ! null
2021-12-30 11:20:54,844 INFO bkav.com.springboot.services.ipml.PermissionServiceImpl [http-nio-8080-exec-7] get list permission success page: 0 size: 20
2021-12-30 11:20:54,863 INFO bkav.com.springboot.services.ipml.PermissionServiceImpl [http-nio-8080-exec-7] insert success activity log
2021-12-30 11:20:54,880 INFO bkav.com.springboot.security.jwt.AuthTokenFilter [http-nio-8080-exec-8] user detail redis ! null
2021-12-30 11:20:54,886 INFO bkav.com.springboot.services.ipml.PermissionServiceImpl [http-nio-8080-exec-8] get list permission success page: 0 size: 20
2021-12-30 11:20:54,896 INFO bkav.com.springboot.services.ipml.PermissionServiceImpl [http-nio-8080-exec-8] insert success activity log
2021-12-30 11:20:54,912 INFO bkav.com.springboot.security.jwt.AuthTokenFilter [http-nio-8080-exec-9] user detail redis ! null
2021-12-30 11:20:54,921 INFO bkav.com.springboot.services.ipml.PermissionServiceImpl [http-nio-8080-exec-9] get list permission success page: 0 size: 20
2021-12-30 11:20:54,934 INFO bkav.com.springboot.services.ipml.PermissionServiceImpl [http-nio-8080-exec-9] insert success activity log
2021-12-30 11:20:54,953 INFO bkav.com.springboot.security.jwt.AuthTokenFilter [http-nio-8080-exec-10] user detail redis ! null
2021-12-30 11:20:54,965 INFO bkav.com.springboot.services.ipml.PermissionServiceImpl [http-nio-8080-exec-10] get list permission success page: 0 size: 20
2021-12-30 11:20:54,976 INFO bkav.com.springboot.services.ipml.PermissionServiceImpl [http-nio-8080-exec-10] insert success activity log
2021-12-30 11:20:54,996 INFO bkav.com.springboot.security.jwt.AuthTokenFilter [http-nio-8080-exec-1] user detail redis ! null
2021-12-30 11:20:55,003 INFO bkav.com.springboot.services.ipml.PermissionServiceImpl [http-nio-8080-exec-1] get list permission success page: 0 size: 20
2021-12-30 11:20:55,016 INFO bkav.com.springboot.services.ipml.PermissionServiceImpl [http-nio-8080-exec-1] insert success activity log
2021-12-30 11:20:55,039 INFO bkav.com.springboot.security.jwt.AuthTokenFilter [http-nio-8080-exec-3] user detail redis ! null
2021-12-30 11:20:55,050 INFO bkav.com.springboot.services.ipml.PermissionServiceImpl [http-nio-8080-exec-3] get list permission success page: 0 size: 20
2021-12-30 11:20:55,062 INFO bkav.com.springboot.services.ipml.PermissionServiceImpl [http-nio-8080-exec-3] insert success activity log
2021-12-30 11:20:55,080 INFO bkav.com.springboot.security.jwt.AuthTokenFilter [http-nio-8080-exec-2] user detail redis ! null
2021-12-30 11:20:55,090 INFO bkav.com.springboot.services.ipml.PermissionServiceImpl [http-nio-8080-exec-2] get list permission success page: 0 size: 20
2021-12-30 11:20:55,100 INFO bkav.com.springboot.services.ipml.PermissionServiceImpl [http-nio-8080-exec-2] insert success activity log
2021-12-30 11:20:55,115 INFO bkav.com.springboot.security.jwt.AuthTokenFilter [http-nio-8080-exec-4] user detail redis ! null
2021-12-30 11:20:55,126 INFO bkav.com.springboot.services.ipml.PermissionServiceImpl [http-nio-8080-exec-4] get list permission success page: 0 size: 20
2021-12-30 11:20:55,131 INFO bkav.com.springboot.services.ipml.PermissionServiceImpl [http-nio-8080-exec-4] insert success activity log
2021-12-30 11:20:55,147 INFO bkav.com.springboot.security.jwt.AuthTokenFilter [http-nio-8080-exec-5] user detail redis ! null
2021-12-30 11:20:55,157 INFO bkav.com.springboot.services.ipml.PermissionServiceImpl [http-nio-8080-exec-5] get list permission success page: 0 size: 20
2021-12-30 11:20:55,169 INFO bkav.com.springboot.services.ipml.PermissionServiceImpl [http-nio-8080-exec-5] insert success activity log
2021-12-30 11:21:02,757 ERROR bkav.com.springboot.security.jwt.AuthTokenFilter [http-nio-8080-exec-7] Cannot set user authentication: non null key required
2021-12-30 11:21:02,759 ERROR bkav.com.springboot.security.jwt.AuthEntryPointJwt [http-nio-8080-exec-7] Unauthorized error: Full authentication is required to access this resource
2021-12-30 11:21:16,574 INFO bkav.com.springboot.security.jwt.AuthTokenFilter [http-nio-8080-exec-10] user detail redis ! null
2021-12-30 11:21:16,578 INFO bkav.com.springboot.services.ipml.PermissionServiceImpl [http-nio-8080-exec-10] get list permission success page: 0 size: 20
2021-12-30 11:21:16,581 INFO bkav.com.springboot.services.ipml.PermissionServiceImpl [http-nio-8080-exec-10] insert success activity log
2021-12-30 11:21:16,588 INFO bkav.com.springboot.security.jwt.AuthTokenFilter [http-nio-8080-exec-1] user detail redis ! null
2021-12-30 11:21:16,591 INFO bkav.com.springboot.services.ipml.PermissionServiceImpl [http-nio-8080-exec-1] get list permission success page: 0 size: 20
2021-12-30 11:21:16,594 INFO bkav.com.springboot.services.ipml.PermissionServiceImpl [http-nio-8080-exec-1] insert success activity log
2021-12-30 11:21:16,600 INFO bkav.com.springboot.security.jwt.AuthTokenFilter [http-nio-8080-exec-3] user detail redis ! null
2021-12-30 11:21:16,604 INFO bkav.com.springboot.services.ipml.PermissionServiceImpl [http-nio-8080-exec-3] get list permission success page: 0 size: 20
2021-12-30 11:21:16,608 INFO bkav.com.springboot.services.ipml.PermissionServiceImpl [http-nio-8080-exec-3] insert success activity log
2021-12-30 11:21:16,620 INFO bkav.com.springboot.security.jwt.AuthTokenFilter [http-nio-8080-exec-2] user detail redis ! null
2021-12-30 11:21:16,623 INFO bkav.com.springboot.services.ipml.PermissionServiceImpl [http-nio-8080-exec-2] get list permission success page: 0 size: 20
2021-12-30 11:21:16,626 INFO bkav.com.springboot.services.ipml.PermissionServiceImpl [http-nio-8080-exec-2] insert success activity log
2021-12-30 11:21:16,632 INFO bkav.com.springboot.security.jwt.AuthTokenFilter [http-nio-8080-exec-4] user detail redis ! null
2021-12-30 11:21:16,635 INFO bkav.com.springboot.services.ipml.PermissionServiceImpl [http-nio-8080-exec-4] get list permission success page: 0 size: 20
2021-12-30 11:21:16,639 INFO bkav.com.springboot.services.ipml.PermissionServiceImpl [http-nio-8080-exec-4] insert success activity log
2021-12-30 11:21:16,644 INFO bkav.com.springboot.security.jwt.AuthTokenFilter [http-nio-8080-exec-5] user detail redis ! null
2021-12-30 11:21:16,646 INFO bkav.com.springboot.services.ipml.PermissionServiceImpl [http-nio-8080-exec-5] get list permission success page: 0 size: 20
2021-12-30 11:21:16,649 INFO bkav.com.springboot.services.ipml.PermissionServiceImpl [http-nio-8080-exec-5] insert success activity log
2021-12-30 11:21:16,656 INFO bkav.com.springboot.security.jwt.AuthTokenFilter [http-nio-8080-exec-6] user detail redis ! null
2021-12-30 11:21:16,658 INFO bkav.com.springboot.services.ipml.PermissionServiceImpl [http-nio-8080-exec-6] get list permission success page: 0 size: 20
2021-12-30 11:21:16,661 INFO bkav.com.springboot.services.ipml.PermissionServiceImpl [http-nio-8080-exec-6] insert success activity log
2021-12-30 11:21:16,666 INFO bkav.com.springboot.security.jwt.AuthTokenFilter [http-nio-8080-exec-7] user detail redis ! null
2021-12-30 11:21:16,670 INFO bkav.com.springboot.services.ipml.PermissionServiceImpl [http-nio-8080-exec-7] get list permission success page: 0 size: 20
2021-12-30 11:21:16,673 INFO bkav.com.springboot.services.ipml.PermissionServiceImpl [http-nio-8080-exec-7] insert success activity log
2021-12-30 11:21:16,678 INFO bkav.com.springboot.security.jwt.AuthTokenFilter [http-nio-8080-exec-8] user detail redis ! null
2021-12-30 11:21:16,681 INFO bkav.com.springboot.services.ipml.PermissionServiceImpl [http-nio-8080-exec-8] get list permission success page: 0 size: 20
2021-12-30 11:21:16,684 INFO bkav.com.springboot.services.ipml.PermissionServiceImpl [http-nio-8080-exec-8] insert success activity log
2021-12-30 11:21:16,689 INFO bkav.com.springboot.security.jwt.AuthTokenFilter [http-nio-8080-exec-9] user detail redis ! null
2021-12-30 11:21:16,692 INFO bkav.com.springboot.services.ipml.PermissionServiceImpl [http-nio-8080-exec-9] get list permission success page: 0 size: 20
2021-12-30 11:21:16,696 INFO bkav.com.springboot.services.ipml.PermissionServiceImpl [http-nio-8080-exec-9] insert success activity log
2021-12-30 11:21:16,701 INFO bkav.com.springboot.security.jwt.AuthTokenFilter [http-nio-8080-exec-10] user detail redis ! null
2021-12-30 11:21:16,705 INFO bkav.com.springboot.services.ipml.PermissionServiceImpl [http-nio-8080-exec-10] get list permission success page: 0 size: 20
2021-12-30 11:21:16,708 INFO bkav.com.springboot.services.ipml.PermissionServiceImpl [http-nio-8080-exec-10] insert success activity log
2021-12-30 11:21:16,713 INFO bkav.com.springboot.security.jwt.AuthTokenFilter [http-nio-8080-exec-1] user detail redis ! null
2021-12-30 11:21:16,716 INFO bkav.com.springboot.services.ipml.PermissionServiceImpl [http-nio-8080-exec-1] get list permission success page: 0 size: 20
2021-12-30 11:21:16,723 INFO bkav.com.springboot.services.ipml.PermissionServiceImpl [http-nio-8080-exec-1] insert success activity log
2021-12-30 11:21:16,728 INFO bkav.com.springboot.security.jwt.AuthTokenFilter [http-nio-8080-exec-3] user detail redis ! null
2021-12-30 11:21:16,730 INFO bkav.com.springboot.services.ipml.PermissionServiceImpl [http-nio-8080-exec-3] get list permission success page: 0 size: 20
2021-12-30 11:21:16,733 INFO bkav.com.springboot.services.ipml.PermissionServiceImpl [http-nio-8080-exec-3] insert success activity log
2021-12-30 11:21:16,740 INFO bkav.com.springboot.security.jwt.AuthTokenFilter [http-nio-8080-exec-2] user detail redis ! null
2021-12-30 11:21:16,743 INFO bkav.com.springboot.services.ipml.PermissionServiceImpl [http-nio-8080-exec-2] get list permission success page: 0 size: 20
2021-12-30 11:21:16,747 INFO bkav.com.springboot.services.ipml.PermissionServiceImpl [http-nio-8080-exec-2] insert success activity log
2021-12-30 11:21:16,756 INFO bkav.com.springboot.security.jwt.AuthTokenFilter [http-nio-8080-exec-4] user detail redis ! null
2021-12-30 11:21:16,760 INFO bkav.com.springboot.services.ipml.PermissionServiceImpl [http-nio-8080-exec-4] get list permission success page: 0 size: 20
2021-12-30 11:21:16,765 INFO bkav.com.springboot.services.ipml.PermissionServiceImpl [http-nio-8080-exec-4] insert success activity log
2021-12-30 11:21:16,771 INFO bkav.com.springboot.security.jwt.AuthTokenFilter [http-nio-8080-exec-5] user detail redis ! null
2021-12-30 11:21:16,778 INFO bkav.com.springboot.services.ipml.PermissionServiceImpl [http-nio-8080-exec-5] get list permission success page: 0 size: 20
2021-12-30 11:21:16,782 INFO bkav.com.springboot.services.ipml.PermissionServiceImpl [http-nio-8080-exec-5] insert success activity log
2021-12-30 11:21:16,795 INFO bkav.com.springboot.security.jwt.AuthTokenFilter [http-nio-8080-exec-6] user detail redis ! null
2021-12-30 11:21:16,799 INFO bkav.com.springboot.services.ipml.PermissionServiceImpl [http-nio-8080-exec-6] get list permission success page: 0 size: 20
2021-12-30 11:21:16,808 INFO bkav.com.springboot.services.ipml.PermissionServiceImpl [http-nio-8080-exec-6] insert success activity log
2021-12-30 11:21:16,816 INFO bkav.com.springboot.security.jwt.AuthTokenFilter [http-nio-8080-exec-7] user detail redis ! null
2021-12-30 11:21:16,824 INFO bkav.com.springboot.services.ipml.PermissionServiceImpl [http-nio-8080-exec-7] get list permission success page: 0 size: 20
2021-12-30 11:21:16,829 INFO bkav.com.springboot.services.ipml.PermissionServiceImpl [http-nio-8080-exec-7] insert success activity log
2021-12-30 11:21:16,837 INFO bkav.com.springboot.security.jwt.AuthTokenFilter [http-nio-8080-exec-8] user detail redis ! null
2021-12-30 11:21:16,843 INFO bkav.com.springboot.services.ipml.PermissionServiceImpl [http-nio-8080-exec-8] get list permission success page: 0 size: 20
2021-12-30 11:21:16,846 INFO bkav.com.springboot.services.ipml.PermissionServiceImpl [http-nio-8080-exec-8] insert success activity log
2021-12-30 11:21:16,859 INFO bkav.com.springboot.security.jwt.AuthTokenFilter [http-nio-8080-exec-9] user detail redis ! null
2021-12-30 11:21:16,864 INFO bkav.com.springboot.services.ipml.PermissionServiceImpl [http-nio-8080-exec-9] get list permission success page: 0 size: 20
2021-12-30 11:21:16,872 INFO bkav.com.springboot.services.ipml.PermissionServiceImpl [http-nio-8080-exec-9] insert success activity log
2021-12-30 11:21:16,882 INFO bkav.com.springboot.security.jwt.AuthTokenFilter [http-nio-8080-exec-10] user detail redis ! null
2021-12-30 11:21:16,890 INFO bkav.com.springboot.services.ipml.PermissionServiceImpl [http-nio-8080-exec-10] get list permission success page: 0 size: 20
2021-12-30 11:21:16,898 INFO bkav.com.springboot.services.ipml.PermissionServiceImpl [http-nio-8080-exec-10] insert success activity log
2021-12-30 11:21:16,912 INFO bkav.com.springboot.security.jwt.AuthTokenFilter [http-nio-8080-exec-1] user detail redis ! null
2021-12-30 11:21:16,918 INFO bkav.com.springboot.services.ipml.PermissionServiceImpl [http-nio-8080-exec-1] get list permission success page: 0 size: 20
2021-12-30 11:21:16,930 INFO bkav.com.springboot.services.ipml.PermissionServiceImpl [http-nio-8080-exec-1] insert success activity log
2021-12-30 11:21:16,949 INFO bkav.com.springboot.security.jwt.AuthTokenFilter [http-nio-8080-exec-3] user detail redis ! null
2021-12-30 11:21:16,960 INFO bkav.com.springboot.services.ipml.PermissionServiceImpl [http-nio-8080-exec-3] get list permission success page: 0 size: 20
2021-12-30 11:21:16,970 INFO bkav.com.springboot.services.ipml.PermissionServiceImpl [http-nio-8080-exec-3] insert success activity log
2021-12-30 11:21:16,980 INFO bkav.com.springboot.security.jwt.AuthTokenFilter [http-nio-8080-exec-2] user detail redis ! null
2021-12-30 11:21:16,988 INFO bkav.com.springboot.services.ipml.PermissionServiceImpl [http-nio-8080-exec-2] get list permission success page: 0 size: 20
2021-12-30 11:21:16,994 INFO bkav.com.springboot.services.ipml.PermissionServiceImpl [http-nio-8080-exec-2] insert success activity log
2021-12-30 11:21:17,004 INFO bkav.com.springboot.security.jwt.AuthTokenFilter [http-nio-8080-exec-4] user detail redis ! null
2021-12-30 11:21:17,010 INFO bkav.com.springboot.services.ipml.PermissionServiceImpl [http-nio-8080-exec-4] get list permission success page: 0 size: 20
2021-12-30 11:21:17,016 INFO bkav.com.springboot.services.ipml.PermissionServiceImpl [http-nio-8080-exec-4] insert success activity log
2021-12-30 11:21:17,025 INFO bkav.com.springboot.security.jwt.AuthTokenFilter [http-nio-8080-exec-5] user detail redis ! null
2021-12-30 11:21:17,029 INFO bkav.com.springboot.services.ipml.PermissionServiceImpl [http-nio-8080-exec-5] get list permission success page: 0 size: 20
2021-12-30 11:21:17,035 INFO bkav.com.springboot.services.ipml.PermissionServiceImpl [http-nio-8080-exec-5] insert success activity log
2021-12-30 11:21:17,044 INFO bkav.com.springboot.security.jwt.AuthTokenFilter [http-nio-8080-exec-6] user detail redis ! null
2021-12-30 11:21:17,048 INFO bkav.com.springboot.services.ipml.PermissionServiceImpl [http-nio-8080-exec-6] get list permission success page: 0 size: 20
2021-12-30 11:21:17,054 INFO bkav.com.springboot.services.ipml.PermissionServiceImpl [http-nio-8080-exec-6] insert success activity log
2021-12-30 11:21:17,062 INFO bkav.com.springboot.security.jwt.AuthTokenFilter [http-nio-8080-exec-7] user detail redis ! null
2021-12-30 11:21:17,065 INFO bkav.com.springboot.services.ipml.PermissionServiceImpl [http-nio-8080-exec-7] get list permission success page: 0 size: 20
2021-12-30 11:21:17,073 INFO bkav.com.springboot.services.ipml.PermissionServiceImpl [http-nio-8080-exec-7] insert success activity log
2021-12-30 11:21:17,080 INFO bkav.com.springboot.security.jwt.AuthTokenFilter [http-nio-8080-exec-8] user detail redis ! null
2021-12-30 11:21:17,082 INFO bkav.com.springboot.services.ipml.PermissionServiceImpl [http-nio-8080-exec-8] get list permission success page: 0 size: 20
2021-12-30 11:21:17,086 INFO bkav.com.springboot.services.ipml.PermissionServiceImpl [http-nio-8080-exec-8] insert success activity log
2021-12-30 11:21:17,092 INFO bkav.com.springboot.security.jwt.AuthTokenFilter [http-nio-8080-exec-9] user detail redis ! null
2021-12-30 11:21:17,094 INFO bkav.com.springboot.services.ipml.PermissionServiceImpl [http-nio-8080-exec-9] get list permission success page: 0 size: 20
2021-12-30 11:21:17,098 INFO bkav.com.springboot.services.ipml.PermissionServiceImpl [http-nio-8080-exec-9] insert success activity log
2021-12-30 11:21:17,105 INFO bkav.com.springboot.security.jwt.AuthTokenFilter [http-nio-8080-exec-10] user detail redis ! null
2021-12-30 11:21:17,108 INFO bkav.com.springboot.services.ipml.PermissionServiceImpl [http-nio-8080-exec-10] get list permission success page: 0 size: 20
2021-12-30 11:21:17,111 INFO bkav.com.springboot.services.ipml.PermissionServiceImpl [http-nio-8080-exec-10] insert success activity log
2021-12-30 11:21:17,118 INFO bkav.com.springboot.security.jwt.AuthTokenFilter [http-nio-8080-exec-1] user detail redis ! null
2021-12-30 11:21:17,122 INFO bkav.com.springboot.services.ipml.PermissionServiceImpl [http-nio-8080-exec-1] get list permission success page: 0 size: 20
2021-12-30 11:21:17,126 INFO bkav.com.springboot.services.ipml.PermissionServiceImpl [http-nio-8080-exec-1] insert success activity log
2021-12-30 11:21:17,132 INFO bkav.com.springboot.security.jwt.AuthTokenFilter [http-nio-8080-exec-3] user detail redis ! null
2021-12-30 11:21:17,136 INFO bkav.com.springboot.services.ipml.PermissionServiceImpl [http-nio-8080-exec-3] get list permission success page: 0 size: 20
2021-12-30 11:21:17,140 INFO bkav.com.springboot.services.ipml.PermissionServiceImpl [http-nio-8080-exec-3] insert success activity log
2021-12-30 11:21:17,145 INFO bkav.com.springboot.security.jwt.AuthTokenFilter [http-nio-8080-exec-2] user detail redis ! null
2021-12-30 11:21:17,148 INFO bkav.com.springboot.services.ipml.PermissionServiceImpl [http-nio-8080-exec-2] get list permission success page: 0 size: 20
2021-12-30 11:21:17,153 INFO bkav.com.springboot.services.ipml.PermissionServiceImpl [http-nio-8080-exec-2] insert success activity log
2021-12-30 11:21:17,159 INFO bkav.com.springboot.security.jwt.AuthTokenFilter [http-nio-8080-exec-4] user detail redis ! null
2021-12-30 11:21:17,161 INFO bkav.com.springboot.services.ipml.PermissionServiceImpl [http-nio-8080-exec-4] get list permission success page: 0 size: 20
2021-12-30 11:21:17,164 INFO bkav.com.springboot.services.ipml.PermissionServiceImpl [http-nio-8080-exec-4] insert success activity log
2021-12-30 11:21:17,170 INFO bkav.com.springboot.security.jwt.AuthTokenFilter [http-nio-8080-exec-5] user detail redis ! null
2021-12-30 11:21:17,173 INFO bkav.com.springboot.services.ipml.PermissionServiceImpl [http-nio-8080-exec-5] get list permission success page: 0 size: 20
2021-12-30 11:21:17,175 INFO bkav.com.springboot.services.ipml.PermissionServiceImpl [http-nio-8080-exec-5] insert success activity log
2021-12-30 11:21:17,181 INFO bkav.com.springboot.security.jwt.AuthTokenFilter [http-nio-8080-exec-6] user detail redis ! null
2021-12-30 11:21:17,185 INFO bkav.com.springboot.services.ipml.PermissionServiceImpl [http-nio-8080-exec-6] get list permission success page: 0 size: 20
2021-12-30 11:21:17,189 INFO bkav.com.springboot.services.ipml.PermissionServiceImpl [http-nio-8080-exec-6] insert success activity log
2021-12-30 11:21:17,195 INFO bkav.com.springboot.security.jwt.AuthTokenFilter [http-nio-8080-exec-7] user detail redis ! null
2021-12-30 11:21:17,197 INFO bkav.com.springboot.services.ipml.PermissionServiceImpl [http-nio-8080-exec-7] get list permission success page: 0 size: 20
2021-12-30 11:21:17,200 INFO bkav.com.springboot.services.ipml.PermissionServiceImpl [http-nio-8080-exec-7] insert success activity log
2021-12-30 11:21:17,206 INFO bkav.com.springboot.security.jwt.AuthTokenFilter [http-nio-8080-exec-8] user detail redis ! null
2021-12-30 11:21:17,209 INFO bkav.com.springboot.services.ipml.PermissionServiceImpl [http-nio-8080-exec-8] get list permission success page: 0 size: 20
2021-12-30 11:21:17,212 INFO bkav.com.springboot.services.ipml.PermissionServiceImpl [http-nio-8080-exec-8] insert success activity log
2021-12-30 11:21:17,221 INFO bkav.com.springboot.security.jwt.AuthTokenFilter [http-nio-8080-exec-9] user detail redis ! null
2021-12-30 11:21:17,226 INFO bkav.com.springboot.services.ipml.PermissionServiceImpl [http-nio-8080-exec-9] get list permission success page: 0 size: 20
2021-12-30 11:21:17,229 INFO bkav.com.springboot.services.ipml.PermissionServiceImpl [http-nio-8080-exec-9] insert success activity log
2021-12-30 11:21:17,237 INFO bkav.com.springboot.security.jwt.AuthTokenFilter [http-nio-8080-exec-10] user detail redis ! null
2021-12-30 11:21:17,241 INFO bkav.com.springboot.services.ipml.PermissionServiceImpl [http-nio-8080-exec-10] get list permission success page: 0 size: 20
2021-12-30 11:21:17,246 INFO bkav.com.springboot.services.ipml.PermissionServiceImpl [http-nio-8080-exec-10] insert success activity log
2021-12-30 11:21:17,252 INFO bkav.com.springboot.security.jwt.AuthTokenFilter [http-nio-8080-exec-1] user detail redis ! null
2021-12-30 11:21:17,257 INFO bkav.com.springboot.services.ipml.PermissionServiceImpl [http-nio-8080-exec-1] get list permission success page: 0 size: 20
2021-12-30 11:21:17,261 INFO bkav.com.springboot.services.ipml.PermissionServiceImpl [http-nio-8080-exec-1] insert success activity log
2021-12-30 11:21:17,268 INFO bkav.com.springboot.security.jwt.AuthTokenFilter [http-nio-8080-exec-3] user detail redis ! null
2021-12-30 11:21:17,272 INFO bkav.com.springboot.services.ipml.PermissionServiceImpl [http-nio-8080-exec-3] get list permission success page: 0 size: 20
2021-12-30 11:21:17,278 INFO bkav.com.springboot.services.ipml.PermissionServiceImpl [http-nio-8080-exec-3] insert success activity log
2021-12-30 11:21:17,289 INFO bkav.com.springboot.security.jwt.AuthTokenFilter [http-nio-8080-exec-2] user detail redis ! null
2021-12-30 11:21:17,298 INFO bkav.com.springboot.services.ipml.PermissionServiceImpl [http-nio-8080-exec-2] get list permission success page: 0 size: 20
2021-12-30 11:21:17,308 INFO bkav.com.springboot.services.ipml.PermissionServiceImpl [http-nio-8080-exec-2] insert success activity log
2021-12-30 11:21:17,315 INFO bkav.com.springboot.security.jwt.AuthTokenFilter [http-nio-8080-exec-4] user detail redis ! null
2021-12-30 11:21:17,324 INFO bkav.com.springboot.services.ipml.PermissionServiceImpl [http-nio-8080-exec-4] get list permission success page: 0 size: 20
2021-12-30 11:21:17,329 INFO bkav.com.springboot.services.ipml.PermissionServiceImpl [http-nio-8080-exec-4] insert success activity log
2021-12-30 11:21:17,339 INFO bkav.com.springboot.security.jwt.AuthTokenFilter [http-nio-8080-exec-5] user detail redis ! null
2021-12-30 11:21:17,346 INFO bkav.com.springboot.services.ipml.PermissionServiceImpl [http-nio-8080-exec-5] get list permission success page: 0 size: 20
2021-12-30 11:21:17,352 INFO bkav.com.springboot.services.ipml.PermissionServiceImpl [http-nio-8080-exec-5] insert success activity log
2021-12-30 11:21:17,360 INFO bkav.com.springboot.security.jwt.AuthTokenFilter [http-nio-8080-exec-6] user detail redis ! null
2021-12-30 11:21:17,363 INFO bkav.com.springboot.services.ipml.PermissionServiceImpl [http-nio-8080-exec-6] get list permission success page: 0 size: 20
2021-12-30 11:21:17,367 INFO bkav.com.springboot.services.ipml.PermissionServiceImpl [http-nio-8080-exec-6] insert success activity log
2021-12-30 11:21:17,375 INFO bkav.com.springboot.security.jwt.AuthTokenFilter [http-nio-8080-exec-7] user detail redis ! null
2021-12-30 11:21:17,378 INFO bkav.com.springboot.services.ipml.PermissionServiceImpl [http-nio-8080-exec-7] get list permission success page: 0 size: 20
2021-12-30 11:21:17,382 INFO bkav.com.springboot.services.ipml.PermissionServiceImpl [http-nio-8080-exec-7] insert success activity log
2021-12-30 11:21:17,391 INFO bkav.com.springboot.security.jwt.AuthTokenFilter [http-nio-8080-exec-8] user detail redis ! null
2021-12-30 11:21:17,394 INFO bkav.com.springboot.services.ipml.PermissionServiceImpl [http-nio-8080-exec-8] get list permission success page: 0 size: 20
2021-12-30 11:21:17,398 INFO bkav.com.springboot.services.ipml.PermissionServiceImpl [http-nio-8080-exec-8] insert success activity log
2021-12-30 11:21:17,411 INFO bkav.com.springboot.security.jwt.AuthTokenFilter [http-nio-8080-exec-9] user detail redis ! null
2021-12-30 11:21:17,415 INFO bkav.com.springboot.services.ipml.PermissionServiceImpl [http-nio-8080-exec-9] get list permission success page: 0 size: 20
2021-12-30 11:21:17,423 INFO bkav.com.springboot.services.ipml.PermissionServiceImpl [http-nio-8080-exec-9] insert success activity log
2021-12-30 11:21:25,539 ERROR bkav.com.springboot.security.jwt.AuthTokenFilter [http-nio-8080-exec-10] Cannot set user authentication: non null key required
2021-12-30 11:21:25,540 ERROR bkav.com.springboot.security.jwt.AuthEntryPointJwt [http-nio-8080-exec-10] Unauthorized error: Full authentication is required to access this resource
2021-12-30 11:21:32,189 ERROR bkav.com.springboot.security.jwt.AuthTokenFilter [http-nio-8080-exec-1] Cannot set user authentication: non null key required
2021-12-30 11:21:32,268 INFO bkav.com.springboot.services.ipml.AccountServiceImpl [http-nio-8080-exec-1] login success username: supper_admin
2021-12-30 11:21:32,275 INFO bkav.com.springboot.services.ipml.AccountServiceImpl [http-nio-8080-exec-1] insert success activity log
2021-12-30 11:21:44,598 ERROR bkav.com.springboot.security.jwt.AuthTokenFilter [http-nio-8080-exec-3] Cannot set user authentication: non null key required
2021-12-30 11:21:44,676 ERROR bkav.com.springboot.services.ipml.AccountServiceImpl [http-nio-8080-exec-3] error: Bad credentials
2021-12-30 11:21:51,572 ERROR bkav.com.springboot.security.jwt.AuthTokenFilter [http-nio-8080-exec-2] Cannot set user authentication: non null key required
2021-12-30 11:21:51,651 INFO bkav.com.springboot.services.ipml.AccountServiceImpl [http-nio-8080-exec-2] login success username: supper_admin
2021-12-30 11:21:51,656 INFO bkav.com.springboot.services.ipml.AccountServiceImpl [http-nio-8080-exec-2] insert success activity log
2021-12-30 11:25:44,264 INFO org.springframework.boot.StartupInfoLogger [main] Starting SpringbootApplication using Java 11.0.11 on BaoMeo with PID 13036 (/home/baotq/Documents/Project Bkav/springboot/target/classes started by baotq in /home/baotq/Documents/Project Bkav/springboot)
2021-12-30 11:25:44,266 DEBUG org.springframework.boot.StartupInfoLogger [main] Running with Spring Boot v2.6.2, Spring v5.3.14
2021-12-30 11:25:44,267 INFO org.springframework.boot.SpringApplication [main] No active profile set, falling back to default profiles: default
2021-12-30 11:25:47,229 DEBUG bkav.com.springboot.config.ConfigRedis [main] redis connection
2021-12-30 11:25:47,474 DEBUG org.springframework.web.filter.GenericFilterBean [main] Filter 'authenticationJwtTokenFilter' configured for use
2021-12-30 11:25:48,653 INFO org.springframework.boot.StartupInfoLogger [main] Started SpringbootApplication in 4.767 seconds (JVM running for 6.524)
2021-12-30 11:25:52,892 ERROR bkav.com.springboot.security.jwt.AuthTokenFilter [http-nio-8080-exec-1] Cannot set user authentication: non null key required
2021-12-30 11:28:19,370 ERROR bkav.com.springboot.services.ipml.AccountServiceImpl [http-nio-8080-exec-1] error: Bad credentials
2021-12-30 11:28:28,012 INFO org.springframework.boot.StartupInfoLogger [main] Starting SpringbootApplication using Java 11.0.11 on BaoMeo with PID 13317 (/home/baotq/Documents/Project Bkav/springboot/target/classes started by baotq in /home/baotq/Documents/Project Bkav/springboot)
2021-12-30 11:28:28,015 DEBUG org.springframework.boot.StartupInfoLogger [main] Running with Spring Boot v2.6.2, Spring v5.3.14
2021-12-30 11:28:28,016 INFO org.springframework.boot.SpringApplication [main] No active profile set, falling back to default profiles: default
2021-12-30 11:28:30,474 DEBUG bkav.com.springboot.config.ConfigRedis [main] redis connection
2021-12-30 11:28:30,626 DEBUG org.springframework.web.filter.GenericFilterBean [main] Filter 'authenticationJwtTokenFilter' configured for use
2021-12-30 11:28:31,551 INFO org.springframework.boot.StartupInfoLogger [main] Started SpringbootApplication in 4.003 seconds (JVM running for 4.809)
2021-12-30 11:28:35,872 INFO bkav.com.springboot.services.ipml.AccountServiceImpl [http-nio-8080-exec-1] login success username: supper_admin
2021-12-30 11:28:35,890 INFO bkav.com.springboot.services.ipml.AccountServiceImpl [http-nio-8080-exec-1] insert success activity log
2021-12-30 11:28:36,209 INFO bkav.com.springboot.security.jwt.AuthTokenFilter [http-nio-8080-exec-4] user detail redis ! null
2021-12-30 11:28:36,236 INFO bkav.com.springboot.services.ipml.PermissionServiceImpl [http-nio-8080-exec-4] get list permission success page: 0 size: 20
2021-12-30 11:28:36,242 INFO bkav.com.springboot.services.ipml.PermissionServiceImpl [http-nio-8080-exec-4] insert success activity log
2021-12-30 11:30:52,654 INFO bkav.com.springboot.security.jwt.AuthTokenFilter [http-nio-8080-exec-8] user detail redis ! null
2021-12-30 11:30:52,685 INFO bkav.com.springboot.services.ipml.PermissionServiceImpl [http-nio-8080-exec-8] insert success permission name: Admin3
2021-12-30 11:30:52,691 INFO bkav.com.springboot.services.ipml.PermissionServiceImpl [http-nio-8080-exec-8] insert success activity log
2021-12-30 11:30:52,878 INFO bkav.com.springboot.security.jwt.AuthTokenFilter [http-nio-8080-exec-9] user detail redis ! null
2021-12-30 11:30:52,895 INFO bkav.com.springboot.services.ipml.PermissionServiceImpl [http-nio-8080-exec-9] get list permission success page: 0 size: 20
2021-12-30 11:30:52,905 INFO bkav.com.springboot.services.ipml.PermissionServiceImpl [http-nio-8080-exec-9] insert success activity log
2021-12-30 11:31:55,031 INFO bkav.com.springboot.security.jwt.AuthTokenFilter [http-nio-8080-exec-2] user detail redis ! null
2021-12-30 11:31:55,097 INFO bkav.com.springboot.services.ipml.PermissionServiceImpl [http-nio-8080-exec-2] update success permission name: Admin3
2021-12-30 11:31:55,102 INFO bkav.com.springboot.services.ipml.PermissionServiceImpl [http-nio-8080-exec-2] update success activity log
2021-12-30 11:31:55,290 INFO bkav.com.springboot.security.jwt.AuthTokenFilter [http-nio-8080-exec-3] user detail redis ! null
2021-12-30 11:31:55,307 INFO bkav.com.springboot.services.ipml.PermissionServiceImpl [http-nio-8080-exec-3] get list permission success page: 0 size: 20
2021-12-30 11:31:55,315 INFO bkav.com.springboot.services.ipml.PermissionServiceImpl [http-nio-8080-exec-3] insert success activity log
2021-12-30 11:32:00,637 INFO bkav.com.springboot.security.jwt.AuthTokenFilter [http-nio-8080-exec-5] user detail redis ! null
2021-12-30 11:32:00,666 INFO bkav.com.springboot.services.ipml.PermissionServiceImpl [http-nio-8080-exec-5] delete success permission id: 15
2021-12-30 11:32:00,673 INFO bkav.com.springboot.services.ipml.PermissionServiceImpl [http-nio-8080-exec-5] delete success activity log
2021-12-30 11:32:00,863 INFO bkav.com.springboot.security.jwt.AuthTokenFilter [http-nio-8080-exec-6] user detail redis ! null
2021-12-30 11:32:00,881 INFO bkav.com.springboot.services.ipml.PermissionServiceImpl [http-nio-8080-exec-6] get list permission success page: 0 size: 20
2021-12-30 11:32:00,889 INFO bkav.com.springboot.services.ipml.PermissionServiceImpl [http-nio-8080-exec-6] insert success activity log
2021-12-30 11:32:23,924 INFO bkav.com.springboot.security.jwt.AuthTokenFilter [http-nio-8080-exec-8] user detail redis ! null
2021-12-30 11:32:23,936 INFO bkav.com.springboot.services.ipml.PermissionServiceImpl [http-nio-8080-exec-8] get list permission success page: 0 size: 20
2021-12-30 11:32:23,944 INFO bkav.com.springboot.services.ipml.PermissionServiceImpl [http-nio-8080-exec-8] insert success activity log
2021-12-30 11:32:31,862 INFO bkav.com.springboot.security.jwt.AuthTokenFilter [http-nio-8080-exec-10] user detail redis ! null
2021-12-30 11:32:31,874 INFO bkav.com.springboot.services.ipml.PermissionServiceImpl [http-nio-8080-exec-10] get list permission success page: 0 size: 20
2021-12-30 11:32:31,890 INFO bkav.com.springboot.services.ipml.PermissionServiceImpl [http-nio-8080-exec-10] insert success activity log
2021-12-30 11:32:33,165 INFO bkav.com.springboot.security.jwt.AuthTokenFilter [http-nio-8080-exec-2] user detail redis ! null
2021-12-30 11:32:33,177 INFO bkav.com.springboot.services.ipml.PermissionServiceImpl [http-nio-8080-exec-2] get list permission success page: 0 size: 20
2021-12-30 11:32:33,186 INFO bkav.com.springboot.services.ipml.PermissionServiceImpl [http-nio-8080-exec-2] insert success activity log
2021-12-30 11:32:44,154 INFO bkav.com.springboot.security.jwt.AuthTokenFilter [http-nio-8080-exec-3] user detail redis ! null
2021-12-30 11:32:44,164 INFO bkav.com.springboot.services.ipml.PermissionServiceImpl [http-nio-8080-exec-3] get list permission success page: 0 size: 20
2021-12-30 11:32:44,172 INFO bkav.com.springboot.services.ipml.PermissionServiceImpl [http-nio-8080-exec-3] insert success activity log
2021-12-30 11:33:11,419 INFO bkav.com.springboot.security.jwt.AuthTokenFilter [http-nio-8080-exec-4] user detail redis ! null
2021-12-30 11:33:11,432 INFO bkav.com.springboot.services.ipml.PermissionServiceImpl [http-nio-8080-exec-4] get list permission success page: 0 size: 20
2021-12-30 11:33:11,443 INFO bkav.com.springboot.services.ipml.PermissionServiceImpl [http-nio-8080-exec-4] insert success activity log
2021-12-30 11:33:16,592 INFO bkav.com.springboot.security.jwt.AuthTokenFilter [http-nio-8080-exec-5] user detail redis ! null
2021-12-30 11:33:16,601 INFO bkav.com.springboot.services.ipml.PermissionServiceImpl [http-nio-8080-exec-5] get list permission success page: 0 size: 20
2021-12-30 11:33:16,657 INFO bkav.com.springboot.services.ipml.PermissionServiceImpl [http-nio-8080-exec-5] insert success activity log
2021-12-30 11:33:19,358 INFO bkav.com.springboot.security.jwt.AuthTokenFilter [http-nio-8080-exec-6] user detail redis ! null
2021-12-30 11:33:19,374 INFO bkav.com.springboot.services.ipml.PermissionServiceImpl [http-nio-8080-exec-6] get list permission success page: 0 size: 20
2021-12-30 11:33:19,387 INFO bkav.com.springboot.services.ipml.PermissionServiceImpl [http-nio-8080-exec-6] insert success activity log
2021-12-30 11:57:03,616 ERROR bkav.com.springboot.security.jwt.AuthTokenFilter [http-nio-8080-exec-8] Cannot set user authentication: non null key required
2021-12-30 11:57:03,747 INFO bkav.com.springboot.services.ipml.AccountServiceImpl [http-nio-8080-exec-8] login success username: supper_admin
2021-12-30 11:57:03,752 INFO bkav.com.springboot.services.ipml.AccountServiceImpl [http-nio-8080-exec-8] insert success activity log
2021-12-30 11:58:09,584 INFO bkav.com.springboot.security.jwt.AuthTokenFilter [http-nio-8080-exec-10] user detail redis ! null
2021-12-30 11:58:09,592 INFO bkav.com.springboot.services.ipml.PageServiceImpl [http-nio-8080-exec-10] get list page success page: 0 size: 100
2021-12-30 11:58:09,597 INFO bkav.com.springboot.services.ipml.PageServiceImpl [http-nio-8080-exec-10] insert success activity log
2021-12-30 12:00:17,754 INFO bkav.com.springboot.security.jwt.AuthTokenFilter [http-nio-8080-exec-4] user detail redis ! null
2021-12-30 12:00:17,768 INFO bkav.com.springboot.services.ipml.PermissionServiceImpl [http-nio-8080-exec-4] get list permission success page: 0 size: 20
2021-12-30 12:00:17,778 INFO bkav.com.springboot.services.ipml.PermissionServiceImpl [http-nio-8080-exec-4] insert success activity log
2021-12-30 13:07:52,385 ERROR bkav.com.springboot.security.jwt.AuthEntryPointJwt [http-nio-8080-exec-10] Unauthorized error: Full authentication is required to access this resource
2021-12-30 13:07:52,441 ERROR bkav.com.springboot.security.jwt.AuthEntryPointJwt [http-nio-8080-exec-1] Unauthorized error: Full authentication is required to access this resource
2021-12-30 13:08:12,864 INFO bkav.com.springboot.services.ipml.AccountServiceImpl [http-nio-8080-exec-3] login success username: supper_admin
2021-12-30 13:08:12,869 INFO bkav.com.springboot.services.ipml.AccountServiceImpl [http-nio-8080-exec-3] insert success activity log
2021-12-30 13:08:13,198 INFO bkav.com.springboot.security.jwt.AuthTokenFilter [http-nio-8080-exec-6] user detail redis ! null
2021-12-30 13:08:13,211 INFO bkav.com.springboot.services.ipml.PermissionServiceImpl [http-nio-8080-exec-6] get list permission success page: 0 size: 20
2021-12-30 13:08:13,222 INFO bkav.com.springboot.services.ipml.PermissionServiceImpl [http-nio-8080-exec-6] insert success activity log
2021-12-30 13:08:19,250 INFO bkav.com.springboot.security.jwt.AuthTokenFilter [http-nio-8080-exec-7] user detail redis ! null
2021-12-30 13:08:19,264 INFO bkav.com.springboot.services.ipml.PermissionServiceImpl [http-nio-8080-exec-7] get list permission success page: 0 size: 20
2021-12-30 13:08:19,273 INFO bkav.com.springboot.services.ipml.PermissionServiceImpl [http-nio-8080-exec-7] insert success activity log
2021-12-30 13:08:19,371 INFO bkav.com.springboot.security.jwt.AuthTokenFilter [http-nio-8080-exec-10] user detail redis ! null
2021-12-30 13:08:19,382 INFO bkav.com.springboot.services.ipml.PermissionServiceImpl [http-nio-8080-exec-10] get list permission success page: 0 size: 20
2021-12-30 13:08:19,394 INFO bkav.com.springboot.services.ipml.PermissionServiceImpl [http-nio-8080-exec-10] insert success activity log
2021-12-30 13:13:20,732 INFO org.springframework.boot.StartupInfoLogger [main] Starting SpringbootApplication using Java 11.0.11 on BaoMeo with PID 16873 (/home/baotq/Documents/Project Bkav/springboot/target/classes started by baotq in /home/baotq/Documents/Project Bkav/springboot)
2021-12-30 13:13:20,737 DEBUG org.springframework.boot.StartupInfoLogger [main] Running with Spring Boot v2.6.2, Spring v5.3.14
2021-12-30 13:13:20,738 INFO org.springframework.boot.SpringApplication [main] No active profile set, falling back to default profiles: default
2021-12-30 13:13:24,207 DEBUG bkav.com.springboot.config.ConfigRedis [main] redis connection
2021-12-30 13:13:24,413 DEBUG org.springframework.web.filter.GenericFilterBean [main] Filter 'authenticationJwtTokenFilter' configured for use
2021-12-30 13:13:25,637 INFO org.springframework.boot.StartupInfoLogger [main] Started SpringbootApplication in 5.587 seconds (JVM running for 6.589)
2021-12-30 13:15:50,275 INFO bkav.com.springboot.security.jwt.AuthTokenFilter [http-nio-8080-exec-3] user detail redis ! null
2021-12-30 13:15:50,320 INFO bkav.com.springboot.services.ipml.PermissionServiceImpl [http-nio-8080-exec-3] get list permission success page: 0 size: 20
2021-12-30 13:15:50,357 INFO bkav.com.springboot.services.ipml.PermissionServiceImpl [http-nio-8080-exec-3] insert success activity log
2021-12-30 13:40:20,922 ERROR bkav.com.springboot.security.jwt.AuthTokenFilter [http-nio-8080-exec-6] Cannot set user authentication: non null key required
2021-12-30 13:40:20,925 ERROR bkav.com.springboot.security.jwt.AuthEntryPointJwt [http-nio-8080-exec-6] Unauthorized error: Full authentication is required to access this resource
2021-12-30 13:47:51,156 INFO bkav.com.springboot.security.jwt.AuthTokenFilter [http-nio-8080-exec-2] user detail redis ! null
2021-12-30 13:47:51,176 INFO bkav.com.springboot.services.ipml.PermissionServiceImpl [http-nio-8080-exec-2] get list permission success page: 0 size: 20
2021-12-30 13:47:51,185 INFO bkav.com.springboot.services.ipml.PermissionServiceImpl [http-nio-8080-exec-2] insert success activity log
2021-12-30 13:47:53,077 INFO bkav.com.springboot.security.jwt.AuthTokenFilter [http-nio-8080-exec-1] user detail redis ! null
2021-12-30 13:47:53,096 INFO bkav.com.springboot.services.ipml.PermissionServiceImpl [http-nio-8080-exec-1] get list permission success page: 0 size: 20
2021-12-30 13:47:53,106 INFO bkav.com.springboot.services.ipml.PermissionServiceImpl [http-nio-8080-exec-1] insert success activity log
2021-12-30 14:10:44,396 ERROR bkav.com.springboot.security.jwt.AuthEntryPointJwt [http-nio-8080-exec-8] Unauthorized error: Full authentication is required to access this resource
2021-12-30 14:10:44,559 ERROR bkav.com.springboot.security.jwt.AuthEntryPointJwt [http-nio-8080-exec-9] Unauthorized error: Full authentication is required to access this resource
2021-12-30 14:10:55,646 INFO bkav.com.springboot.services.ipml.AccountServiceImpl [http-nio-8080-exec-2] login success username: supper_admin
2021-12-30 14:10:55,652 INFO bkav.com.springboot.services.ipml.AccountServiceImpl [http-nio-8080-exec-2] insert success activity log
2021-12-30 14:10:56,020 INFO bkav.com.springboot.security.jwt.AuthTokenFilter [http-nio-8080-exec-5] user detail redis ! null
2021-12-30 14:10:56,036 INFO bkav.com.springboot.services.ipml.PermissionServiceImpl [http-nio-8080-exec-5] get list permission success page: 0 size: 20
2021-12-30 14:10:56,051 INFO bkav.com.springboot.services.ipml.PermissionServiceImpl [http-nio-8080-exec-5] insert success activity log
2021-12-30 14:10:58,317 INFO bkav.com.springboot.security.jwt.AuthTokenFilter [http-nio-8080-exec-6] user detail redis ! null
2021-12-30 14:10:58,348 INFO bkav.com.springboot.services.ipml.PageServiceImpl [http-nio-8080-exec-6] get list page success page: 0 size: 20
2021-12-30 14:10:58,357 INFO bkav.com.springboot.services.ipml.PageServiceImpl [http-nio-8080-exec-6] insert success activity log
2021-12-30 14:11:49,341 ERROR bkav.com.springboot.security.jwt.AuthEntryPointJwt [http-nio-8080-exec-9] Unauthorized error: Full authentication is required to access this resource
2021-12-30 14:12:11,229 ERROR bkav.com.springboot.security.jwt.AuthEntryPointJwt [http-nio-8080-exec-2] Unauthorized error: Full authentication is required to access this resource
2021-12-30 14:12:24,189 ERROR bkav.com.springboot.security.jwt.AuthEntryPointJwt [http-nio-8080-exec-1] Unauthorized error: Full authentication is required to access this resource
2021-12-30 14:15:09,300 INFO bkav.com.springboot.security.jwt.AuthTokenFilter [http-nio-8080-exec-4] user detail redis ! null
2021-12-30 14:15:09,316 INFO bkav.com.springboot.services.ipml.PageServiceImpl [http-nio-8080-exec-4] get list page success page: 0 size: 20
2021-12-30 14:15:09,325 INFO bkav.com.springboot.services.ipml.PageServiceImpl [http-nio-8080-exec-4] insert success activity log
2021-12-30 14:17:44,584 INFO bkav.com.springboot.security.jwt.AuthTokenFilter [http-nio-8080-exec-6] user detail redis ! null
2021-12-30 14:17:44,599 INFO bkav.com.springboot.services.ipml.PageServiceImpl [http-nio-8080-exec-6] get list page success page: 0 size: 20
2021-12-30 14:17:44,613 INFO bkav.com.springboot.services.ipml.PageServiceImpl [http-nio-8080-exec-6] insert success activity log
2021-12-30 14:27:42,040 INFO bkav.com.springboot.security.jwt.AuthTokenFilter [http-nio-8080-exec-7] user detail redis ! null
2021-12-30 14:27:42,054 INFO bkav.com.springboot.services.ipml.PageServiceImpl [http-nio-8080-exec-7] get list page success page: 0 size: 20
2021-12-30 14:27:42,067 INFO bkav.com.springboot.services.ipml.PageServiceImpl [http-nio-8080-exec-7] insert success activity log
2021-12-30 14:27:50,628 INFO bkav.com.springboot.security.jwt.AuthTokenFilter [http-nio-8080-exec-9] user detail redis ! null
2021-12-30 14:27:50,640 INFO bkav.com.springboot.services.ipml.PageServiceImpl [http-nio-8080-exec-9] get list page success page: 0 size: 20
2021-12-30 14:27:50,648 INFO bkav.com.springboot.services.ipml.PageServiceImpl [http-nio-8080-exec-9] insert success activity log
2021-12-30 14:28:37,611 INFO bkav.com.springboot.security.jwt.AuthTokenFilter [http-nio-8080-exec-10] user detail redis ! null
2021-12-30 14:28:37,630 INFO bkav.com.springboot.services.ipml.PageServiceImpl [http-nio-8080-exec-10] get list page success page: 0 size: 20
2021-12-30 14:28:37,636 INFO bkav.com.springboot.services.ipml.PageServiceImpl [http-nio-8080-exec-10] insert success activity log
2021-12-30 14:34:13,447 INFO bkav.com.springboot.security.jwt.AuthTokenFilter [http-nio-8080-exec-1] user detail redis ! null
2021-12-30 14:34:13,460 INFO bkav.com.springboot.services.ipml.PageServiceImpl [http-nio-8080-exec-1] get list page success page: 0 size: 20
2021-12-30 14:34:13,470 INFO bkav.com.springboot.services.ipml.PageServiceImpl [http-nio-8080-exec-1] insert success activity log
2021-12-30 14:34:15,082 INFO bkav.com.springboot.security.jwt.AuthTokenFilter [http-nio-8080-exec-5] user detail redis ! null
2021-12-30 14:34:15,094 INFO bkav.com.springboot.services.ipml.PageServiceImpl [http-nio-8080-exec-5] get list page success page: 0 size: 20
2021-12-30 14:34:15,107 INFO bkav.com.springboot.services.ipml.PageServiceImpl [http-nio-8080-exec-5] insert success activity log
2021-12-30 14:34:15,414 INFO bkav.com.springboot.security.jwt.AuthTokenFilter [http-nio-8080-exec-7] user detail redis ! null
2021-12-30 14:34:15,427 INFO bkav.com.springboot.services.ipml.PageServiceImpl [http-nio-8080-exec-7] get list page success page: 0 size: 20
2021-12-30 14:34:15,439 INFO bkav.com.springboot.services.ipml.PageServiceImpl [http-nio-8080-exec-7] insert success activity log
2021-12-30 14:36:08,937 INFO org.springframework.boot.StartupInfoLogger [main] Starting SpringbootApplication using Java 11.0.11 on BaoMeo with PID 19866 (/home/baotq/Documents/Project Bkav/springboot/target/classes started by baotq in /home/baotq/Documents/Project Bkav/springboot)
2021-12-30 14:36:08,940 DEBUG org.springframework.boot.StartupInfoLogger [main] Running with Spring Boot v2.6.2, Spring v5.3.14
2021-12-30 14:36:08,940 INFO org.springframework.boot.SpringApplication [main] No active profile set, falling back to default profiles: default
2021-12-30 14:36:11,144 DEBUG bkav.com.springboot.config.ConfigRedis [main] redis connection
2021-12-30 14:36:11,275 DEBUG org.springframework.web.filter.GenericFilterBean [main] Filter 'authenticationJwtTokenFilter' configured for use
2021-12-30 14:36:12,124 INFO org.springframework.boot.StartupInfoLogger [main] Started SpringbootApplication in 3.523 seconds (JVM running for 4.061)
2021-12-30 14:36:37,513 ERROR bkav.com.springboot.security.jwt.AuthEntryPointJwt [http-nio-8080-exec-1] Unauthorized error: Full authentication is required to access this resource
2021-12-30 14:37:05,920 ERROR bkav.com.springboot.security.jwt.AuthTokenFilter [http-nio-8080-exec-2] Cannot set user authentication: non null key required
2021-12-30 14:37:06,205 INFO bkav.com.springboot.services.ipml.AccountServiceImpl [http-nio-8080-exec-2] login success username: supper_admin
2021-12-30 14:37:06,222 INFO bkav.com.springboot.services.ipml.AccountServiceImpl [http-nio-8080-exec-2] insert success activity log
2021-12-30 14:37:18,619 INFO bkav.com.springboot.security.jwt.AuthTokenFilter [http-nio-8080-exec-3] user detail redis ! null
2021-12-30 14:37:18,639 INFO bkav.com.springboot.services.ipml.PageServiceImpl [http-nio-8080-exec-3] get list page success page: 0 size: 100
2021-12-30 14:37:18,643 INFO bkav.com.springboot.services.ipml.PageServiceImpl [http-nio-8080-exec-3] insert success activity log
2021-12-30 14:37:39,210 INFO bkav.com.springboot.security.jwt.AuthTokenFilter [http-nio-8080-exec-4] user detail redis ! null
2021-12-30 14:37:39,242 INFO bkav.com.springboot.services.ipml.PageServiceImpl [http-nio-8080-exec-4] get list page success page: 0 size: 20
2021-12-30 14:37:39,249 INFO bkav.com.springboot.services.ipml.PageServiceImpl [http-nio-8080-exec-4] insert success activity log
2021-12-30 14:37:39,592 INFO bkav.com.springboot.security.jwt.AuthTokenFilter [http-nio-8080-exec-7] user detail redis ! null
2021-12-30 14:37:39,608 INFO bkav.com.springboot.services.ipml.PageServiceImpl [http-nio-8080-exec-7] get list page success page: 0 size: 20
2021-12-30 14:37:39,621 INFO bkav.com.springboot.services.ipml.PageServiceImpl [http-nio-8080-exec-7] insert success activity log
2021-12-30 14:40:51,534 INFO bkav.com.springboot.security.jwt.AuthTokenFilter [http-nio-8080-exec-3] user detail redis ! null
2021-12-30 14:40:51,550 INFO bkav.com.springboot.services.ipml.PageServiceImpl [http-nio-8080-exec-3] get list page success page: 0 size: 10
2021-12-30 14:40:51,558 INFO bkav.com.springboot.services.ipml.PageServiceImpl [http-nio-8080-exec-3] insert success activity log
2021-12-30 14:40:55,272 INFO bkav.com.springboot.security.jwt.AuthTokenFilter [http-nio-8080-exec-6] user detail redis ! null
2021-12-30 14:40:55,287 INFO bkav.com.springboot.services.ipml.PageServiceImpl [http-nio-8080-exec-6] get list page success page: 0 size: 10
2021-12-30 14:40:55,297 INFO bkav.com.springboot.services.ipml.PageServiceImpl [http-nio-8080-exec-6] insert success activity log
2021-12-30 14:40:55,646 INFO bkav.com.springboot.security.jwt.AuthTokenFilter [http-nio-8080-exec-7] user detail redis ! null
2021-12-30 14:40:55,660 INFO bkav.com.springboot.services.ipml.PageServiceImpl [http-nio-8080-exec-7] get list page success page: 0 size: 10
2021-12-30 14:40:55,670 INFO bkav.com.springboot.services.ipml.PageServiceImpl [http-nio-8080-exec-7] insert success activity log
2021-12-30 14:41:20,455 INFO bkav.com.springboot.security.jwt.AuthTokenFilter [http-nio-8080-exec-8] user detail redis ! null
2021-12-30 14:41:37,402 INFO bkav.com.springboot.security.jwt.AuthTokenFilter [http-nio-8080-exec-1] user detail redis ! null
2021-12-30 14:41:37,428 INFO bkav.com.springboot.services.ipml.PermissionServiceImpl [http-nio-8080-exec-1] get list permission success page: 0 size: 100
2021-12-30 14:41:37,435 INFO bkav.com.springboot.services.ipml.PermissionServiceImpl [http-nio-8080-exec-1] insert success activity log
2021-12-30 14:41:56,277 INFO bkav.com.springboot.security.jwt.AuthTokenFilter [http-nio-8080-exec-2] user detail redis ! null
2021-12-30 14:41:56,295 INFO bkav.com.springboot.services.ipml.PageServiceImpl [http-nio-8080-exec-2] get list page success page: 0 size: 10
2021-12-30 14:41:56,304 INFO bkav.com.springboot.services.ipml.PageServiceImpl [http-nio-8080-exec-2] insert success activity log
2021-12-30 14:42:02,222 INFO bkav.com.springboot.security.jwt.AuthTokenFilter [http-nio-8080-exec-3] user detail redis ! null
2021-12-30 14:42:02,235 INFO bkav.com.springboot.services.ipml.PageServiceImpl [http-nio-8080-exec-3] get list page success page: 0 size: 10
2021-12-30 14:42:02,245 INFO bkav.com.springboot.services.ipml.PageServiceImpl [http-nio-8080-exec-3] insert success activity log
2021-12-30 14:42:14,632 INFO bkav.com.springboot.security.jwt.AuthTokenFilter [http-nio-8080-exec-5] user detail redis ! null
2021-12-30 14:42:14,649 INFO bkav.com.springboot.services.ipml.PageServiceImpl [http-nio-8080-exec-5] get list page success page: 0 size: 100
2021-12-30 14:42:14,659 INFO bkav.com.springboot.services.ipml.PageServiceImpl [http-nio-8080-exec-5] insert success activity log
2021-12-30 14:42:28,834 INFO bkav.com.springboot.security.jwt.AuthTokenFilter [http-nio-8080-exec-4] user detail redis ! null
2021-12-30 14:42:28,848 INFO bkav.com.springboot.services.ipml.PageServiceImpl [http-nio-8080-exec-4] get list page success page: 0 size: 10
2021-12-30 14:42:28,856 INFO bkav.com.springboot.services.ipml.PageServiceImpl [http-nio-8080-exec-4] insert success activity log
2021-12-30 14:42:29,280 INFO bkav.com.springboot.security.jwt.AuthTokenFilter [http-nio-8080-exec-8] user detail redis ! null
2021-12-30 14:42:29,293 INFO bkav.com.springboot.services.ipml.PageServiceImpl [http-nio-8080-exec-8] get list page success page: 0 size: 10
2021-12-30 14:42:29,305 INFO bkav.com.springboot.services.ipml.PageServiceImpl [http-nio-8080-exec-8] insert success activity log
2021-12-30 14:44:17,367 INFO bkav.com.springboot.security.jwt.AuthTokenFilter [http-nio-8080-exec-3] user detail redis ! null
2021-12-30 14:44:17,381 INFO bkav.com.springboot.services.ipml.PageServiceImpl [http-nio-8080-exec-3] get list page success page: 0 size: 10
2021-12-30 14:44:17,395 INFO bkav.com.springboot.services.ipml.PageServiceImpl [http-nio-8080-exec-3] insert success activity log
2021-12-30 14:44:17,659 INFO bkav.com.springboot.security.jwt.AuthTokenFilter [http-nio-8080-exec-7] user detail redis ! null
2021-12-30 14:44:17,662 INFO bkav.com.springboot.services.ipml.PageServiceImpl [http-nio-8080-exec-7] get list page success page: 0 size: 10
2021-12-30 14:44:17,667 INFO bkav.com.springboot.services.ipml.PageServiceImpl [http-nio-8080-exec-7] insert success activity log
2021-12-30 14:46:33,962 INFO bkav.com.springboot.services.ipml.AccountServiceImpl [http-nio-8080-exec-9] login success username: supper_admin
2021-12-30 14:46:33,968 INFO bkav.com.springboot.services.ipml.AccountServiceImpl [http-nio-8080-exec-9] insert success activity log
2021-12-30 14:46:34,296 INFO bkav.com.springboot.security.jwt.AuthTokenFilter [http-nio-8080-exec-5] user detail redis ! null
2021-12-30 14:46:34,316 INFO bkav.com.springboot.services.ipml.PermissionServiceImpl [http-nio-8080-exec-5] get list permission success page: 0 size: 20
2021-12-30 14:46:34,326 INFO bkav.com.springboot.services.ipml.PermissionServiceImpl [http-nio-8080-exec-5] insert success activity log
2021-12-30 14:46:36,921 INFO bkav.com.springboot.security.jwt.AuthTokenFilter [http-nio-8080-exec-6] user detail redis ! null
2021-12-30 14:46:36,925 INFO bkav.com.springboot.services.ipml.PageServiceImpl [http-nio-8080-exec-6] get list page success page: 0 size: 10
2021-12-30 14:46:36,930 INFO bkav.com.springboot.services.ipml.PageServiceImpl [http-nio-8080-exec-6] insert success activity log
2021-12-30 14:46:39,549 INFO bkav.com.springboot.security.jwt.AuthTokenFilter [http-nio-8080-exec-3] user detail redis ! null
2021-12-30 14:46:39,565 INFO bkav.com.springboot.services.ipml.PermissionServiceImpl [http-nio-8080-exec-3] get list permission success page: 0 size: 20
2021-12-30 14:46:39,575 INFO bkav.com.springboot.services.ipml.PermissionServiceImpl [http-nio-8080-exec-3] insert success activity log
2021-12-30 14:46:47,142 INFO bkav.com.springboot.security.jwt.AuthTokenFilter [http-nio-8080-exec-7] user detail redis ! null
2021-12-30 14:46:47,156 INFO bkav.com.springboot.services.ipml.PageServiceImpl [http-nio-8080-exec-7] get list page success page: 0 size: 10
2021-12-30 14:46:47,167 INFO bkav.com.springboot.services.ipml.PageServiceImpl [http-nio-8080-exec-7] insert success activity log
2021-12-30 14:51:40,795 INFO bkav.com.springboot.security.jwt.AuthTokenFilter [http-nio-8080-exec-1] user detail redis ! null
2021-12-30 14:51:40,808 INFO bkav.com.springboot.services.ipml.PageServiceImpl [http-nio-8080-exec-1] get list page success page: 0 size: 10
2021-12-30 14:51:40,822 INFO bkav.com.springboot.services.ipml.PageServiceImpl [http-nio-8080-exec-1] insert success activity log
2021-12-30 14:52:15,160 INFO bkav.com.springboot.security.jwt.AuthTokenFilter [http-nio-8080-exec-9] user detail redis ! null
2021-12-30 14:52:15,173 INFO bkav.com.springboot.services.ipml.PageServiceImpl [http-nio-8080-exec-9] get list page success page: 0 size: 10
2021-12-30 14:52:15,185 INFO bkav.com.springboot.services.ipml.PageServiceImpl [http-nio-8080-exec-9] insert success activity log
2021-12-30 14:52:19,678 INFO bkav.com.springboot.security.jwt.AuthTokenFilter [http-nio-8080-exec-10] user detail redis ! null
2021-12-30 14:52:19,688 INFO bkav.com.springboot.services.ipml.PageServiceImpl [http-nio-8080-exec-10] get list page success page: 0 size: 10
2021-12-30 14:52:19,696 INFO bkav.com.springboot.services.ipml.PageServiceImpl [http-nio-8080-exec-10] insert success activity log
2021-12-30 14:54:02,750 INFO bkav.com.springboot.security.jwt.AuthTokenFilter [http-nio-8080-exec-5] user detail redis ! null
2021-12-30 14:54:02,760 INFO bkav.com.springboot.services.ipml.PageServiceImpl [http-nio-8080-exec-5] get list page success page: 0 size: 10
2021-12-30 14:54:02,771 INFO bkav.com.springboot.services.ipml.PageServiceImpl [http-nio-8080-exec-5] insert success activity log
2021-12-30 14:55:31,873 INFO bkav.com.springboot.security.jwt.AuthTokenFilter [http-nio-8080-exec-7] user detail redis ! null
2021-12-30 14:55:31,883 INFO bkav.com.springboot.services.ipml.PageServiceImpl [http-nio-8080-exec-7] get list page success page: 0 size: 10
2021-12-30 14:55:31,893 INFO bkav.com.springboot.services.ipml.PageServiceImpl [http-nio-8080-exec-7] insert success activity log
2021-12-30 14:55:55,428 INFO bkav.com.springboot.security.jwt.AuthTokenFilter [http-nio-8080-exec-8] user detail redis ! null
2021-12-30 14:55:55,439 INFO bkav.com.springboot.services.ipml.PageServiceImpl [http-nio-8080-exec-8] get list page success page: 0 size: 10
2021-12-30 14:55:55,450 INFO bkav.com.springboot.services.ipml.PageServiceImpl [http-nio-8080-exec-8] insert success activity log
2021-12-30 14:56:17,253 INFO bkav.com.springboot.security.jwt.AuthTokenFilter [http-nio-8080-exec-4] user detail redis ! null
2021-12-30 14:56:17,263 INFO bkav.com.springboot.services.ipml.PageServiceImpl [http-nio-8080-exec-4] get list page success page: 0 size: 10
2021-12-30 14:56:17,273 INFO bkav.com.springboot.services.ipml.PageServiceImpl [http-nio-8080-exec-4] insert success activity log
2021-12-30 14:56:18,810 INFO bkav.com.springboot.security.jwt.AuthTokenFilter [http-nio-8080-exec-1] user detail redis ! null
2021-12-30 14:56:18,822 INFO bkav.com.springboot.services.ipml.PermissionServiceImpl [http-nio-8080-exec-1] get list permission success page: 0 size: 20
2021-12-30 14:56:18,838 INFO bkav.com.springboot.services.ipml.PermissionServiceImpl [http-nio-8080-exec-1] insert success activity log
2021-12-30 14:56:19,729 INFO bkav.com.springboot.security.jwt.AuthTokenFilter [http-nio-8080-exec-9] user detail redis ! null
2021-12-30 14:56:19,738 INFO bkav.com.springboot.services.ipml.PageServiceImpl [http-nio-8080-exec-9] get list page success page: 0 size: 10
2021-12-30 14:56:19,749 INFO bkav.com.springboot.services.ipml.PageServiceImpl [http-nio-8080-exec-9] insert success activity log
2021-12-30 14:56:20,686 INFO bkav.com.springboot.security.jwt.AuthTokenFilter [http-nio-8080-exec-10] user detail redis ! null
2021-12-30 14:56:20,691 INFO bkav.com.springboot.services.ipml.PermissionServiceImpl [http-nio-8080-exec-10] get list permission success page: 0 size: 20
2021-12-30 14:56:20,695 INFO bkav.com.springboot.services.ipml.PermissionServiceImpl [http-nio-8080-exec-10] insert success activity log
2021-12-30 14:56:22,826 INFO bkav.com.springboot.security.jwt.AuthTokenFilter [http-nio-8080-exec-2] user detail redis ! null
2021-12-30 14:56:22,835 INFO bkav.com.springboot.services.ipml.PageServiceImpl [http-nio-8080-exec-2] get list page success page: 0 size: 10
2021-12-30 14:56:22,847 INFO bkav.com.springboot.services.ipml.PageServiceImpl [http-nio-8080-exec-2] insert success activity log
2021-12-30 14:56:29,931 INFO bkav.com.springboot.security.jwt.AuthTokenFilter [http-nio-8080-exec-5] user detail redis ! null
2021-12-30 14:56:29,941 INFO bkav.com.springboot.services.ipml.PageServiceImpl [http-nio-8080-exec-5] get list page success page: 0 size: 10
2021-12-30 14:56:29,951 INFO bkav.com.springboot.services.ipml.PageServiceImpl [http-nio-8080-exec-5] insert success activity log
2021-12-30 14:56:32,185 INFO bkav.com.springboot.security.jwt.AuthTokenFilter [http-nio-8080-exec-6] user detail redis ! null
2021-12-30 14:56:32,197 INFO bkav.com.springboot.services.ipml.PermissionServiceImpl [http-nio-8080-exec-6] get list permission success page: 0 size: 20
2021-12-30 14:56:32,228 INFO bkav.com.springboot.services.ipml.PermissionServiceImpl [http-nio-8080-exec-6] insert success activity log
2021-12-30 14:56:32,738 INFO bkav.com.springboot.security.jwt.AuthTokenFilter [http-nio-8080-exec-3] user detail redis ! null
2021-12-30 14:56:32,747 INFO bkav.com.springboot.services.ipml.PageServiceImpl [http-nio-8080-exec-3] get list page success page: 0 size: 10
2021-12-30 14:56:32,757 INFO bkav.com.springboot.services.ipml.PageServiceImpl [http-nio-8080-exec-3] insert success activity log
2021-12-30 14:57:59,878 INFO bkav.com.springboot.security.jwt.AuthTokenFilter [http-nio-8080-exec-8] user detail redis ! null
2021-12-30 14:57:59,883 INFO bkav.com.springboot.services.ipml.PageServiceImpl [http-nio-8080-exec-8] get list page success page: 0 size: 10
2021-12-30 14:57:59,887 INFO bkav.com.springboot.services.ipml.PageServiceImpl [http-nio-8080-exec-8] insert success activity log
2021-12-30 14:59:16,239 INFO bkav.com.springboot.security.jwt.AuthTokenFilter [http-nio-8080-exec-1] user detail redis ! null
2021-12-30 14:59:16,249 INFO bkav.com.springboot.services.ipml.PageServiceImpl [http-nio-8080-exec-1] get list page success page: 0 size: 10
2021-12-30 14:59:16,260 INFO bkav.com.springboot.services.ipml.PageServiceImpl [http-nio-8080-exec-1] insert success activity log
2021-12-30 14:59:30,549 INFO bkav.com.springboot.security.jwt.AuthTokenFilter [http-nio-8080-exec-9] user detail redis ! null
2021-12-30 14:59:30,560 INFO bkav.com.springboot.services.ipml.PageServiceImpl [http-nio-8080-exec-9] get list page success page: 0 size: 10
2021-12-30 14:59:30,570 INFO bkav.com.springboot.services.ipml.PageServiceImpl [http-nio-8080-exec-9] insert success activity log
2021-12-30 15:02:21,855 INFO bkav.com.springboot.security.jwt.AuthTokenFilter [http-nio-8080-exec-2] user detail redis ! null
2021-12-30 15:02:21,865 INFO bkav.com.springboot.services.ipml.PageServiceImpl [http-nio-8080-exec-2] get list page success page: 0 size: 10
2021-12-30 15:02:21,876 INFO bkav.com.springboot.services.ipml.PageServiceImpl [http-nio-8080-exec-2] insert success activity log
2021-12-30 15:02:39,173 INFO bkav.com.springboot.security.jwt.AuthTokenFilter [http-nio-8080-exec-5] user detail redis ! null
2021-12-30 15:02:39,185 INFO bkav.com.springboot.services.ipml.PageServiceImpl [http-nio-8080-exec-5] get list page success page: 0 size: 10
2021-12-30 15:02:39,195 INFO bkav.com.springboot.services.ipml.PageServiceImpl [http-nio-8080-exec-5] insert success activity log
2021-12-30 16:40:54,024 INFO org.springframework.boot.StartupInfoLogger [main] Starting SpringbootApplication using Java 11.0.11 on BaoMeo with PID 26838 (/home/baotq/Documents/Project Bkav/springboot/target/classes started by baotq in /home/baotq/Documents/Project Bkav/springboot)
2021-12-30 16:40:54,027 DEBUG org.springframework.boot.StartupInfoLogger [main] Running with Spring Boot v2.6.2, Spring v5.3.14
2021-12-30 16:40:54,028 INFO org.springframework.boot.SpringApplication [main] No active profile set, falling back to default profiles: default
2021-12-30 16:40:56,722 DEBUG bkav.com.springboot.config.ConfigRedis [main] redis connection
2021-12-30 16:40:56,877 DEBUG org.springframework.web.filter.GenericFilterBean [main] Filter 'authenticationJwtTokenFilter' configured for use
2021-12-30 16:40:57,784 ERROR org.springframework.boot.diagnostics.LoggingFailureAnalysisReporter [main] 

***************************
APPLICATION FAILED TO START
***************************

Description:

Web server failed to start. Port 8080 was already in use.

Action:

Identify and stop the process that's listening on port 8080 or configure this application to listen on another port.

2021-12-30 16:41:05,768 INFO org.springframework.boot.StartupInfoLogger [main] Starting SpringbootApplication using Java 11.0.11 on BaoMeo with PID 26966 (/home/baotq/Documents/Project Bkav/springboot/target/classes started by baotq in /home/baotq/Documents/Project Bkav/springboot)
2021-12-30 16:41:05,771 DEBUG org.springframework.boot.StartupInfoLogger [main] Running with Spring Boot v2.6.2, Spring v5.3.14
2021-12-30 16:41:05,772 INFO org.springframework.boot.SpringApplication [main] No active profile set, falling back to default profiles: default
2021-12-30 16:41:08,200 DEBUG bkav.com.springboot.config.ConfigRedis [main] redis connection
2021-12-30 16:41:08,352 DEBUG org.springframework.web.filter.GenericFilterBean [main] Filter 'authenticationJwtTokenFilter' configured for use
2021-12-30 16:41:09,297 INFO org.springframework.boot.StartupInfoLogger [main] Started SpringbootApplication in 3.859 seconds (JVM running for 4.345)
2021-12-30 16:42:02,612 ERROR bkav.com.springboot.security.jwt.AuthTokenFilter [http-nio-8888-exec-2] Cannot set user authentication: non null key required
2021-12-30 16:42:02,846 ERROR bkav.com.springboot.services.ipml.AccountServiceImpl [http-nio-8888-exec-2] error: Bad credentials
2021-12-30 16:42:31,714 ERROR bkav.com.springboot.security.jwt.AuthTokenFilter [http-nio-8888-exec-3] Cannot set user authentication: non null key required
2021-12-30 16:42:31,788 ERROR bkav.com.springboot.services.ipml.AccountServiceImpl [http-nio-8888-exec-3] error: Bad credentials
2021-12-30 16:42:40,920 ERROR bkav.com.springboot.security.jwt.AuthTokenFilter [http-nio-8888-exec-4] Cannot set user authentication: non null key required
2021-12-30 16:42:41,130 INFO bkav.com.springboot.services.ipml.AccountServiceImpl [http-nio-8888-exec-4] login success username: supper_admin
2021-12-30 16:42:41,152 INFO bkav.com.springboot.services.ipml.AccountServiceImpl [http-nio-8888-exec-4] insert success activity log
2021-12-30 16:43:13,819 INFO bkav.com.springboot.security.jwt.AuthTokenFilter [http-nio-8888-exec-5] user detail redis ! null
2021-12-30 17:08:56,163 INFO org.springframework.boot.StartupInfoLogger [main] Starting SpringbootApplication using Java 11.0.11 on BaoMeo with PID 28929 (/home/baotq/Documents/Project Bkav/springboot/target/classes started by baotq in /home/baotq/Documents/Project Bkav/springboot)
2021-12-30 17:08:56,168 DEBUG org.springframework.boot.StartupInfoLogger [main] Running with Spring Boot v2.6.2, Spring v5.3.14
2021-12-30 17:08:56,169 INFO org.springframework.boot.SpringApplication [main] No active profile set, falling back to default profiles: default
2021-12-30 17:08:58,780 DEBUG bkav.com.springboot.config.ConfigRedis [main] redis connection
2021-12-30 17:08:58,968 DEBUG org.springframework.web.filter.GenericFilterBean [main] Filter 'authenticationJwtTokenFilter' configured for use
2021-12-30 17:08:59,864 INFO org.springframework.boot.StartupInfoLogger [main] Started SpringbootApplication in 4.462 seconds (JVM running for 5.274)
2021-12-30 17:09:52,538 INFO org.springframework.boot.StartupInfoLogger [main] Starting SpringbootApplication using Java 11.0.11 on BaoMeo with PID 29144 (/home/baotq/Documents/Project Bkav/springboot/target/classes started by baotq in /home/baotq/Documents/Project Bkav/springboot)
2021-12-30 17:09:52,541 DEBUG org.springframework.boot.StartupInfoLogger [main] Running with Spring Boot v2.6.2, Spring v5.3.14
2021-12-30 17:09:52,542 INFO org.springframework.boot.SpringApplication [main] No active profile set, falling back to default profiles: default
2021-12-30 17:09:54,825 DEBUG bkav.com.springboot.config.ConfigRedis [main] redis connection
2021-12-30 17:09:54,969 DEBUG org.springframework.web.filter.GenericFilterBean [main] Filter 'authenticationJwtTokenFilter' configured for use
2021-12-30 17:09:55,791 INFO org.springframework.boot.StartupInfoLogger [main] Started SpringbootApplication in 3.74 seconds (JVM running for 4.346)
2021-12-30 17:09:58,557 ERROR bkav.com.springboot.security.jwt.AuthEntryPointJwt [http-nio-8888-exec-1] Unauthorized error: Full authentication is required to access this resource
2021-12-30 17:10:07,152 INFO bkav.com.springboot.security.jwt.AuthTokenFilter [http-nio-8888-exec-3] user detail redis ! null
2021-12-30 17:10:07,181 INFO bkav.com.springboot.services.ipml.PageServiceImpl [http-nio-8888-exec-3] get list page success page: 0 size: 2
2021-12-30 17:10:07,215 INFO bkav.com.springboot.services.ipml.PageServiceImpl [http-nio-8888-exec-3] insert success activity log
